<html>
<head>
<title>TestNG:  suite4</title>
<link href="../testng.css" rel="stylesheet" type="text/css" />
<link href="../my-testng.css" rel="stylesheet" type="text/css" />

<style type="text/css">
.log { display: none;} 
.stack-trace { display: none;} 
</style>
<script type="text/javascript">
<!--
function flip(e) {
  current = e.style.display;
  if (current == 'block') {
    e.style.display = 'none';
    return 0;
  }
  else {
    e.style.display = 'block';
    return 1;
  }
}

function toggleBox(szDivId, elem, msg1, msg2)
{
  var res = -1;  if (document.getElementById) {
    res = flip(document.getElementById(szDivId));
  }
  else if (document.all) {
    // this is the way old msie versions work
    res = flip(document.all[szDivId]);
  }
  if(elem) {
    if(res == 0) elem.innerHTML = msg1; else elem.innerHTML = msg2;
  }

}

function toggleAllBoxes() {
  if (document.getElementsByTagName) {
    d = document.getElementsByTagName('div');
    for (i = 0; i < d.length; i++) {
      if (d[i].className == 'log') {
        flip(d[i]);
      }
    }
  }
}

// -->
</script>

</head>
<body>
<h2 align='center'>suite4</h2><table border='1' align="center">
<tr>
<td>Tests passed/Failed/Skipped:</td><td>3/1/0</td>
</tr><tr>
<td>Started on:</td><td>Thu Mar 16 12:48:14 IST 2017</td>
</tr>
<tr><td>Total time:</td><td>830 seconds (830560 ms)</td>
</tr><tr>
<td>Included groups:</td><td></td>
</tr><tr>
<td>Excluded groups:</td><td></td>
</tr>
</table><p/>
<small><i>(Hover the method name to see the test class name)</i></small><p/>
<table width='100%' border='1' class='invocation-failed'>
<tr><td colspan='4' align='center'><b>FAILED TESTS</b></td></tr>
<tr><td><b>Test method</b></td>
<td width="30%"><b>Exception</b></td>
<td width="10%"><b>Time (seconds)</b></td>
<td><b>Instance</b></td>
</tr>
<tr>
<td title='com.adv.qa.selenium.tests.currency.A010_Environment_Groups_Test.verify()'><b>verify</b><br>Test class: com.adv.qa.selenium.tests.currency.A010_Environment_Groups_Test<br>Parameters: [DataUnit [userName = SYSTEM], DataUnit [passWord = E5], DataUnit [code = AFA], DataUnit [firstDestination = CMS1IM], DataUnit [firstDestination = Output to SPOOL], DataUnit [firstDestination = 1439], DataUnit [firstDestination = 0], DataUnit [firstDestination = 5], DataUnit [firstDestination = 2], DataUnit [firstDestination = CMS110], DataUnit [secondDestination = CMS2IM], DataUnit [secondDestination = Output to SPOOL], DataUnit [secondDestination = 1439], DataUnit [secondDestination = 0], DataUnit [secondDestination = 2], DataUnit [secondDestination = 2], DataUnit [secondDestination = CMS220]]</td>
<td><div><pre>java.lang.IndexOutOfBoundsException: Index: 0, Size: 0
	at java.util.ArrayList.rangeCheck(Unknown Source)
	at java.util.ArrayList.get(Unknown Source)
	at com.adv.qa.selenium.framework.pageObjects.currency.CurrencyPage.clickOnSections(CurrencyPage.java:759)
	at com.adv.qa.selenium.framework.pageObjects.currency.CurrencyPage.searchValue(CurrencyPage.java:2093)
	at com.adv.qa.selenium.tests.currency.A010_Environment_Groups_Test.verifyValues(A010_Environment_Groups_Test.java:87)
	at com.adv.qa.selenium.tests.currency.A010_Environment_Groups_Test.verify(A010_Environment_Groups_Test.java:67)
	at sun.reflect.NativeMethodAccessorImpl.invoke0(Native Method)
	at sun.reflect.NativeMethodAccessorImpl.invoke(Unknown Source)
	at sun.reflect.DelegatingMethodAccessorImpl.invoke(Unknown Source)
	at java.lang.reflect.Method.invoke(Unknown Source)
	at org.testng.internal.MethodInvocationHelper.invokeMethod(MethodInvocationHelper.java:104)
	at org.testng.internal.InvokeMethodRunnable.runOne(InvokeMethodRunnable.java:54)
	at org.testng.internal.InvokeMethodRunnable.run(InvokeMethodRunnable.java:44)
	at java.util.concurrent.Executors$RunnableAdapter.call(Unknown Source)
	at java.util.concurrent.FutureTask.run(Unknown Source)
	at java.util.concurrent.ThreadPoolExecutor.runWorker(Unknown Source)
	at java.util.concurrent.ThreadPoolExecutor$Worker.run(Unknown Source)
	at java.lang.Thread.run(Unknown Source)
</pre></div><a href='#' onClick='toggleBox("stack-trace948250363", this, "Click to show all stack frames", "Click to hide stack frames")'>Click to show all stack frames</a>
<div class='stack-trace' id='stack-trace948250363'><pre>java.lang.IndexOutOfBoundsException: Index: 0, Size: 0
	at java.util.ArrayList.rangeCheck(Unknown Source)
	at java.util.ArrayList.get(Unknown Source)
	at com.adv.qa.selenium.framework.pageObjects.currency.CurrencyPage.clickOnSections(CurrencyPage.java:759)
	at com.adv.qa.selenium.framework.pageObjects.currency.CurrencyPage.searchValue(CurrencyPage.java:2093)
	at com.adv.qa.selenium.tests.currency.A010_Environment_Groups_Test.verifyValues(A010_Environment_Groups_Test.java:87)
	at com.adv.qa.selenium.tests.currency.A010_Environment_Groups_Test.verify(A010_Environment_Groups_Test.java:67)
	at sun.reflect.NativeMethodAccessorImpl.invoke0(Native Method)
	at sun.reflect.NativeMethodAccessorImpl.invoke(Unknown Source)
	at sun.reflect.DelegatingMethodAccessorImpl.invoke(Unknown Source)
	at java.lang.reflect.Method.invoke(Unknown Source)
	at org.testng.internal.MethodInvocationHelper.invokeMethod(MethodInvocationHelper.java:104)
	at org.testng.internal.InvokeMethodRunnable.runOne(InvokeMethodRunnable.java:54)
	at org.testng.internal.InvokeMethodRunnable.run(InvokeMethodRunnable.java:44)
	at java.util.concurrent.Executors$RunnableAdapter.call(Unknown Source)
	at java.util.concurrent.FutureTask.run(Unknown Source)
	at java.util.concurrent.ThreadPoolExecutor.runWorker(Unknown Source)
	at java.util.concurrent.ThreadPoolExecutor$Worker.run(Unknown Source)
	at java.lang.Thread.run(Unknown Source)
</pre></div></td>
<td>237</td>
<td>com.adv.qa.selenium.tests.currency.A010_Environment_Groups_Test@1198b989</td></tr>
</table><p>
<table width='100%' border='1' class='invocation-passed'>
<tr><td colspan='4' align='center'><b>PASSED TESTS</b></td></tr>
<tr><td><b>Test method</b></td>
<td width="30%"><b>Exception</b></td>
<td width="10%"><b>Time (seconds)</b></td>
<td><b>Instance</b></td>
</tr>
<tr>
<td title='com.adv.qa.selenium.tests.currency.A007_DevicesTest.verify()'><b>verify</b><br>Test class: com.adv.qa.selenium.tests.currency.A007_DevicesTest<br>Parameters: [DataUnit [userName = SYSTEM], DataUnit [passWord = E5], DataUnit [code = ANS], DataUnit [deviceDetails = CMSE5H4], DataUnit [deviceDetails = E5H5 TEST ENVIRONMENT GROUP], DataUnit [deviceDetails = SYSOUT=A,], DataUnit [deviceDetails = LRECL=133,], DataUnit [deviceDetails = BLKSIZE=133,], DataUnit [deviceDetails = RECFM=FBA,], DataUnit [deviceDetails = DEST=(LOCAL,CMS123)]]</td>
<td></td>
<td>131</td>
<td>com.adv.qa.selenium.tests.currency.A007_DevicesTest@7fc229ab</td></tr>
<tr>
<td title='com.adv.qa.selenium.tests.currency.A008_DestinationsTest.verify()'><b>verify</b><br>Test class: com.adv.qa.selenium.tests.currency.A008_DestinationsTest<br>Parameters: [DataUnit [userName = SYSTEM], DataUnit [passWord = E5], DataUnit [code = ANC], DataUnit [firstDestination = CMS110], DataUnit [firstDestination = Output to Spool], DataUnit [firstDestination = 3], DataUnit [secondDestination = CMS220], DataUnit [secondDestination = Output to Spool], DataUnit [secondDestination = 3]]</td>
<td></td>
<td>233</td>
<td>com.adv.qa.selenium.tests.currency.A008_DestinationsTest@2cbb3d47</td></tr>
<tr>
<td title='com.adv.qa.selenium.tests.currency.A009_Distribution_ProfileTest.verify()'><b>verify</b><br>Test class: com.adv.qa.selenium.tests.currency.A009_Distribution_ProfileTest<br>Parameters: [DataUnit [userName = SYSTEM], DataUnit [passWord = E5], DataUnit [code = AOJ], DataUnit [value = %], DataUnit [profileDetails = CMS110], DataUnit [profileDetails = CMS111 Distribution Profile], DataUnit [profileDetails = CMS110], DataUnit [profileDetails = 1], DataUnit [profileDetails1 = CMS220], DataUnit [profileDetails1 = CMS222 Distribution Profile], DataUnit [profileDetails1 = CMS220], DataUnit [profileDetails1 = 1]]</td>
<td></td>
<td>174</td>
<td>com.adv.qa.selenium.tests.currency.A009_Distribution_ProfileTest@527e5409</td></tr>
</table><p>
</body>
</html>