<html>
<head>
<title>TestNG:  suite2</title>
<link href="../testng.css" rel="stylesheet" type="text/css" />
<link href="../my-testng.css" rel="stylesheet" type="text/css" />

<style type="text/css">
.log { display: none;} 
.stack-trace { display: none;} 
</style>
<script type="text/javascript">
<!--
function flip(e) {
  current = e.style.display;
  if (current == 'block') {
    e.style.display = 'none';
    return 0;
  }
  else {
    e.style.display = 'block';
    return 1;
  }
}

function toggleBox(szDivId, elem, msg1, msg2)
{
  var res = -1;  if (document.getElementById) {
    res = flip(document.getElementById(szDivId));
  }
  else if (document.all) {
    // this is the way old msie versions work
    res = flip(document.all[szDivId]);
  }
  if(elem) {
    if(res == 0) elem.innerHTML = msg1; else elem.innerHTML = msg2;
  }

}

function toggleAllBoxes() {
  if (document.getElementsByTagName) {
    d = document.getElementsByTagName('div');
    for (i = 0; i < d.length; i++) {
      if (d[i].className == 'log') {
        flip(d[i]);
      }
    }
  }
}

// -->
</script>

</head>
<body>
<h2 align='center'>suite2</h2><table border='1' align="center">
<tr>
<td>Tests passed/Failed/Skipped:</td><td>1/1/0</td>
</tr><tr>
<td>Started on:</td><td>Thu Mar 16 12:17:52 IST 2017</td>
</tr>
<tr><td>Total time:</td><td>470 seconds (470149 ms)</td>
</tr><tr>
<td>Included groups:</td><td></td>
</tr><tr>
<td>Excluded groups:</td><td></td>
</tr>
</table><p/>
<small><i>(Hover the method name to see the test class name)</i></small><p/>
<table width='100%' border='1' class='invocation-failed'>
<tr><td colspan='4' align='center'><b>FAILED TESTS</b></td></tr>
<tr><td><b>Test method</b></td>
<td width="30%"><b>Exception</b></td>
<td width="10%"><b>Time (seconds)</b></td>
<td><b>Instance</b></td>
</tr>
<tr>
<td title='com.adv.qa.selenium.tests.currency.A003_Currency_Base_NonBase_RelationshipsTest.verify()'><b>verify</b><br>Test class: com.adv.qa.selenium.tests.currency.A003_Currency_Base_NonBase_RelationshipsTest<br>Parameters: [DataUnit [userName = SYSTEM], DataUnit [passWord = E5], DataUnit [code = AGC], DataUnit [ukpusdCurrency = UKP], DataUnit [ukpusdCurrency = USD], DataUnit [ukpusdCurrency = Base to Non-Base], DataUnit [ukpusdCurrency = 1], DataUnit [ukpusdCurrency = 1.0], DataUnit [ukpusdCurrency = 1.0], DataUnit [ukpeurCurrency = UKP], DataUnit [ukpeurCurrency = EUR], DataUnit [ukpeurCurrency = Base to Non-Base], DataUnit [ukpeurCurrency = 1], DataUnit [ukpeurCurrency = 1.00], DataUnit [ukpeurCurrency = 1.00], DataUnit [eurukpCurrency = EUR], DataUnit [eurukpCurrency = UKP], DataUnit [eurukpCurrency = Base to Non-Base], DataUnit [eurukpCurrency = 1], DataUnit [eurukpCurrency = 1.0], DataUnit [eurukpCurrency = 1.0], DataUnit [usdukpCurrency = USD], DataUnit [usdukpCurrency = UKP], DataUnit [usdukpCurrency = Base to Non-Base], DataUnit [usdukpCurrency = 1], DataUnit [usdukpCurrency = 1.0], DataUnit [usdukpCurrency = 1.0], DataUnit [frfukpCuurency = FRF], DataUnit [frfukpCuurency = UKP], DataUnit [frfukpCuurency = Non-base to Base], DataUnit [frfukpCuurency = 1], DataUnit [frfukpCuurency = 1.0], DataUnit [frfukpCuurency = 1.0], DataUnit [demukpCurrency = DEM], DataUnit [demukpCurrency = UKP], DataUnit [demukpCurrency = Non-base to Base], DataUnit [demukpCurrency = 1], DataUnit [demukpCurrency = 1.0], DataUnit [demukpCurrency = 1.0], DataUnit [ukpfrfCurrency = UKP], DataUnit [ukpfrfCurrency = FRF], DataUnit [ukpfrfCurrency = Base to Non-Base], DataUnit [ukpfrfCurrency = 1], DataUnit [ukpfrfCurrency = 1.00], DataUnit [ukpfrfCurrency = 1.00], DataUnit [ukpdemCurrency = UKP], DataUnit [ukpdemCurrency = DEM], DataUnit [ukpdemCurrency = Base to Non-Base], DataUnit [ukpdemCurrency = 1], DataUnit [ukpdemCurrency = 1.0], DataUnit [ukpdemCurrency = 1.0]]</td>
<td><div><pre>org.openqa.selenium.InvalidElementStateException: Element must not be hidden, disabled or read-only (WARNING: The server did not provide any stacktrace information)
Command duration or timeout: 93 milliseconds
Build info: version: &apos;3.0.1&apos;, revision: &apos;1969d75&apos;, time: &apos;2016-10-18 09:48:19 -0700&apos;
System info: host: &apos;ChetnaM-PC&apos;, ip: &apos;10.31.16.11&apos;, os.name: &apos;Windows 10&apos;, os.arch: &apos;amd64&apos;, os.version: &apos;10.0&apos;, java.version: &apos;1.8.0_112&apos;
Driver info: org.openqa.selenium.ie.InternetExplorerDriver
Capabilities [{browserAttachTimeout=0, ie.enableFullPageScreenshot=true, enablePersistentHover=true, ie.forceCreateProcessApi=false, ie.forceShellWindowsApi=false, pageLoadStrategy=normal, ignoreZoomSetting=false, ie.fileUploadDialogTimeout=3000, version=11, platform=WINDOWS, nativeEvents=true, ie.ensureCleanSession=false, elementScrollBehavior=0, ie.browserCommandLineSwitches=, requireWindowFocus=false, browserName=internet explorer, initialBrowserUrl=http://localhost:19968/, javascriptEnabled=true, ignoreProtectedModeSettings=false, enableElementCacheCleanup=true, unexpectedAlertBehaviour=dismiss}]
Session ID: e8811c94-5a11-4a15-87a9-bf747194b037
	at sun.reflect.NativeConstructorAccessorImpl.newInstance0(Native Method)
	at sun.reflect.NativeConstructorAccessorImpl.newInstance(Unknown Source)
	at sun.reflect.DelegatingConstructorAccessorImpl.newInstance(Unknown Source)
	at java.lang.reflect.Constructor.newInstance(Unknown Source)
	at org.openqa.selenium.remote.ErrorHandler.createThrowable(ErrorHandler.java:216)
	at org.openqa.selenium.remote.ErrorHandler.throwIfResponseFailed(ErrorHandler.java:168)
	at org.openqa.selenium.remote.RemoteWebDriver.execute(RemoteWebDriver.java:635)
	at org.openqa.selenium.remote.RemoteWebElement.execute(RemoteWebElement.java:274)
	at org.openqa.selenium.remote.RemoteWebElement.clear(RemoteWebElement.java:116)
	at sun.reflect.GeneratedMethodAccessor20.invoke(Unknown Source)
	at sun.reflect.DelegatingMethodAccessorImpl.invoke(Unknown Source)
	at java.lang.reflect.Method.invoke(Unknown Source)
	at org.openqa.selenium.support.events.EventFiringWebDriver$EventFiringWebElement$1.invoke(EventFiringWebDriver.java:331)
	at com.sun.proxy.$Proxy10.clear(Unknown Source)
	at org.openqa.selenium.support.events.EventFiringWebDriver$EventFiringWebElement.clear(EventFiringWebDriver.java:360)
	at com.adv.qa.selenium.framework.pageObjects.currency.CurrencyPage.searchValue(CurrencyPage.java:2096)
	at com.adv.qa.selenium.tests.currency.A003_Currency_Base_NonBase_RelationshipsTest.verifyValues(A003_Currency_Base_NonBase_RelationshipsTest.java:104)
	at com.adv.qa.selenium.tests.currency.A003_Currency_Base_NonBase_RelationshipsTest.verify(A003_Currency_Base_NonBase_RelationshipsTest.java:77)
	at sun.reflect.NativeMethodAccessorImpl.invoke0(Native Method)
	at sun.reflect.NativeMethodAccessorImpl.invoke(Unknown Source)
	at sun.reflect.DelegatingMethodAccessorImpl.invoke(Unknown Source)
	at java.lang.reflect.Method.invoke(Unknown Source)
	at org.testng.internal.MethodInvocationHelper.invokeMethod(MethodInvocationHelper.java:104)
	at org.testng.internal.InvokeMethodRunnable.runOne(InvokeMethodRunnable.java:54)
	at org.testng.internal.InvokeMethodRunnable.run(InvokeMethodRunnable.java:44)
	at java.util.concurrent.Executors$RunnableAdapter.call(Unknown Source)
	at java.util.concurrent.FutureTask.run(Unknown Source)
	at java.util.concurrent.ThreadPoolExecutor.runWorker(Unknown Source)
	at java.util.concurrent.ThreadPoolExecutor$Worker.run(Unknown Source)
	at java.lang.Thread.run(Unknown Source)
</pre></div><a href='#' onClick='toggleBox("stack-trace1677458155", this, "Click to show all stack frames", "Click to hide stack frames")'>Click to show all stack frames</a>
<div class='stack-trace' id='stack-trace1677458155'><pre>org.openqa.selenium.InvalidElementStateException: Element must not be hidden, disabled or read-only (WARNING: The server did not provide any stacktrace information)
Command duration or timeout: 93 milliseconds
Build info: version: &apos;3.0.1&apos;, revision: &apos;1969d75&apos;, time: &apos;2016-10-18 09:48:19 -0700&apos;
System info: host: &apos;ChetnaM-PC&apos;, ip: &apos;10.31.16.11&apos;, os.name: &apos;Windows 10&apos;, os.arch: &apos;amd64&apos;, os.version: &apos;10.0&apos;, java.version: &apos;1.8.0_112&apos;
Driver info: org.openqa.selenium.ie.InternetExplorerDriver
Capabilities [{browserAttachTimeout=0, ie.enableFullPageScreenshot=true, enablePersistentHover=true, ie.forceCreateProcessApi=false, ie.forceShellWindowsApi=false, pageLoadStrategy=normal, ignoreZoomSetting=false, ie.fileUploadDialogTimeout=3000, version=11, platform=WINDOWS, nativeEvents=true, ie.ensureCleanSession=false, elementScrollBehavior=0, ie.browserCommandLineSwitches=, requireWindowFocus=false, browserName=internet explorer, initialBrowserUrl=http://localhost:19968/, javascriptEnabled=true, ignoreProtectedModeSettings=false, enableElementCacheCleanup=true, unexpectedAlertBehaviour=dismiss}]
Session ID: e8811c94-5a11-4a15-87a9-bf747194b037
	at sun.reflect.NativeConstructorAccessorImpl.newInstance0(Native Method)
	at sun.reflect.NativeConstructorAccessorImpl.newInstance(Unknown Source)
	at sun.reflect.DelegatingConstructorAccessorImpl.newInstance(Unknown Source)
	at java.lang.reflect.Constructor.newInstance(Unknown Source)
	at org.openqa.selenium.remote.ErrorHandler.createThrowable(ErrorHandler.java:216)
	at org.openqa.selenium.remote.ErrorHandler.throwIfResponseFailed(ErrorHandler.java:168)
	at org.openqa.selenium.remote.RemoteWebDriver.execute(RemoteWebDriver.java:635)
	at org.openqa.selenium.remote.RemoteWebElement.execute(RemoteWebElement.java:274)
	at org.openqa.selenium.remote.RemoteWebElement.clear(RemoteWebElement.java:116)
	at sun.reflect.GeneratedMethodAccessor20.invoke(Unknown Source)
	at sun.reflect.DelegatingMethodAccessorImpl.invoke(Unknown Source)
	at java.lang.reflect.Method.invoke(Unknown Source)
	at org.openqa.selenium.support.events.EventFiringWebDriver$EventFiringWebElement$1.invoke(EventFiringWebDriver.java:331)
	at com.sun.proxy.$Proxy10.clear(Unknown Source)
	at org.openqa.selenium.support.events.EventFiringWebDriver$EventFiringWebElement.clear(EventFiringWebDriver.java:360)
	at com.adv.qa.selenium.framework.pageObjects.currency.CurrencyPage.searchValue(CurrencyPage.java:2096)
	at com.adv.qa.selenium.tests.currency.A003_Currency_Base_NonBase_RelationshipsTest.verifyValues(A003_Currency_Base_NonBase_RelationshipsTest.java:104)
	at com.adv.qa.selenium.tests.currency.A003_Currency_Base_NonBase_RelationshipsTest.verify(A003_Currency_Base_NonBase_RelationshipsTest.java:77)
	at sun.reflect.NativeMethodAccessorImpl.invoke0(Native Method)
	at sun.reflect.NativeMethodAccessorImpl.invoke(Unknown Source)
	at sun.reflect.DelegatingMethodAccessorImpl.invoke(Unknown Source)
	at java.lang.reflect.Method.invoke(Unknown Source)
	at org.testng.internal.MethodInvocationHelper.invokeMethod(MethodInvocationHelper.java:104)
	at org.testng.internal.InvokeMethodRunnable.runOne(InvokeMethodRunnable.java:54)
	at org.testng.internal.InvokeMethodRunnable.run(InvokeMethodRunnable.java:44)
	at java.util.concurrent.Executors$RunnableAdapter.call(Unknown Source)
	at java.util.concurrent.FutureTask.run(Unknown Source)
	at java.util.concurrent.ThreadPoolExecutor.runWorker(Unknown Source)
	at java.util.concurrent.ThreadPoolExecutor$Worker.run(Unknown Source)
	at java.lang.Thread.run(Unknown Source)
</pre></div></td>
<td>295</td>
<td>com.adv.qa.selenium.tests.currency.A003_Currency_Base_NonBase_RelationshipsTest@2b6856dd</td></tr>
</table><p>
<table width='100%' border='1' class='invocation-passed'>
<tr><td colspan='4' align='center'><b>PASSED TESTS</b></td></tr>
<tr><td><b>Test method</b></td>
<td width="30%"><b>Exception</b></td>
<td width="10%"><b>Time (seconds)</b></td>
<td><b>Instance</b></td>
</tr>
<tr>
<td title='com.adv.qa.selenium.tests.currency.A006_Company_DefinitionTest.verify()'><b>verify</b><br>Test class: com.adv.qa.selenium.tests.currency.A006_Company_DefinitionTest<br>Parameters: [DataUnit [userName = SYSTEM], DataUnit [passWord = E5], DataUnit [code = AAE], DataUnit [companyDetails = ICA IM AP GL Pm CMPY IN PROGRESS], DataUnit [companyDetails = ICA IM AP GL Pm CMPY IN PROGRESS], DataUnit [companyDetails = FIRST ADDRESS LINE], DataUnit [companyDetails = SECOND ADDRESS LINE], DataUnit [companyDetails = THIRD ADDRESS LINE], DataUnit [companyDetails = FOURTH ADDRESS LINE], DataUnit [companyDetails = FIFTH ADDRESS LINE], DataUnit [companyDetails = SIXTH ADDRESS LINE], DataUnit [companyDetails = NE23 9NA], DataUnit [companyDetails = 0191 444XXX], DataUnit [companyDetails = 0191 402XXX], DataUnit [companyDetails = UK], DataUnit [companyDetails = UKP]]</td>
<td></td>
<td>144</td>
<td>com.adv.qa.selenium.tests.currency.A006_Company_DefinitionTest@5db45159</td></tr>
</table><p>
</body>
</html>