<html>
<head>
<title>TestNG:  suite10</title>
<link href="../testng.css" rel="stylesheet" type="text/css" />
<link href="../my-testng.css" rel="stylesheet" type="text/css" />

<style type="text/css">
.log { display: none;} 
.stack-trace { display: none;} 
</style>
<script type="text/javascript">
<!--
function flip(e) {
  current = e.style.display;
  if (current == 'block') {
    e.style.display = 'none';
    return 0;
  }
  else {
    e.style.display = 'block';
    return 1;
  }
}

function toggleBox(szDivId, elem, msg1, msg2)
{
  var res = -1;  if (document.getElementById) {
    res = flip(document.getElementById(szDivId));
  }
  else if (document.all) {
    // this is the way old msie versions work
    res = flip(document.all[szDivId]);
  }
  if(elem) {
    if(res == 0) elem.innerHTML = msg1; else elem.innerHTML = msg2;
  }

}

function toggleAllBoxes() {
  if (document.getElementsByTagName) {
    d = document.getElementsByTagName('div');
    for (i = 0; i < d.length; i++) {
      if (d[i].className == 'log') {
        flip(d[i]);
      }
    }
  }
}

// -->
</script>

</head>
<body>
<h2 align='center'>suite10</h2><table border='1' align="center">
<tr>
<td>Tests passed/Failed/Skipped:</td><td>1/1/0</td>
</tr><tr>
<td>Started on:</td><td>Wed Mar 22 15:35:32 IST 2017</td>
</tr>
<tr><td>Total time:</td><td>1052 seconds (1052911 ms)</td>
</tr><tr>
<td>Included groups:</td><td></td>
</tr><tr>
<td>Excluded groups:</td><td></td>
</tr>
</table><p/>
<small><i>(Hover the method name to see the test class name)</i></small><p/>
<table width='100%' border='1' class='invocation-failed'>
<tr><td colspan='4' align='center'><b>FAILED CONFIGURATIONS</b></td></tr>
<tr><td><b>Test method</b></td>
<td width="30%"><b>Exception</b></td>
<td width="10%"><b>Time (seconds)</b></td>
<td><b>Instance</b></td>
</tr>
<tr>
<td title='com.adv.qa.selenium.tests.currency.A018_Ledger_Control_Nominals.tearDown()'><b>tearDown</b><br>Test class: com.adv.qa.selenium.tests.currency.A018_Ledger_Control_Nominals</td>
<td><div><pre>org.openqa.selenium.NoSuchWindowException: Unable to get browser (WARNING: The server did not provide any stacktrace information)
Command duration or timeout: 0 milliseconds
Build info: version: &apos;3.0.1&apos;, revision: &apos;1969d75&apos;, time: &apos;2016-10-18 09:48:19 -0700&apos;
System info: host: &apos;ChetnaM-PC&apos;, ip: &apos;10.31.16.11&apos;, os.name: &apos;Windows 10&apos;, os.arch: &apos;amd64&apos;, os.version: &apos;10.0&apos;, java.version: &apos;1.8.0_112&apos;
Driver info: org.openqa.selenium.ie.InternetExplorerDriver
Capabilities [{browserAttachTimeout=0, ie.enableFullPageScreenshot=true, enablePersistentHover=true, ie.forceCreateProcessApi=false, ie.forceShellWindowsApi=false, pageLoadStrategy=normal, ignoreZoomSetting=false, ie.fileUploadDialogTimeout=3000, version=11, platform=WINDOWS, nativeEvents=true, ie.ensureCleanSession=false, elementScrollBehavior=0, ie.browserCommandLineSwitches=, requireWindowFocus=false, browserName=internet explorer, initialBrowserUrl=http://localhost:5093/, javascriptEnabled=true, ignoreProtectedModeSettings=false, enableElementCacheCleanup=true, unexpectedAlertBehaviour=dismiss}]
Session ID: e616dc18-4895-48be-8b66-a92530950db6
	at sun.reflect.NativeConstructorAccessorImpl.newInstance0(Native Method)
	at sun.reflect.NativeConstructorAccessorImpl.newInstance(Unknown Source)
	at sun.reflect.DelegatingConstructorAccessorImpl.newInstance(Unknown Source)
	at java.lang.reflect.Constructor.newInstance(Unknown Source)
	at org.openqa.selenium.remote.ErrorHandler.createThrowable(ErrorHandler.java:216)
	at org.openqa.selenium.remote.ErrorHandler.throwIfResponseFailed(ErrorHandler.java:168)
	at org.openqa.selenium.remote.RemoteWebDriver.execute(RemoteWebDriver.java:635)
	at org.openqa.selenium.remote.RemoteWebDriver.execute(RemoteWebDriver.java:658)
	at org.openqa.selenium.remote.RemoteWebDriver$RemoteWebDriverOptions.deleteAllCookies(RemoteWebDriver.java:730)
	at org.openqa.selenium.support.events.EventFiringWebDriver$EventFiringOptions.deleteAllCookies(EventFiringWebDriver.java:525)
	at com.adv.qa.selenium.framework.BaseTest.tearDown(BaseTest.java:257)
	at com.adv.qa.selenium.tests.currency.A018_Ledger_Control_Nominals.tearDown(A018_Ledger_Control_Nominals.java:117)
	at sun.reflect.NativeMethodAccessorImpl.invoke0(Native Method)
	at sun.reflect.NativeMethodAccessorImpl.invoke(Unknown Source)
	at sun.reflect.DelegatingMethodAccessorImpl.invoke(Unknown Source)
	at java.lang.reflect.Method.invoke(Unknown Source)
	at org.testng.internal.MethodInvocationHelper.invokeMethod(MethodInvocationHelper.java:104)
	at org.testng.internal.Invoker.invokeConfigurationMethod(Invoker.java:515)
	at org.testng.internal.Invoker.invokeConfigurations(Invoker.java:217)
	at org.testng.internal.Invoker.invokeConfigurations(Invoker.java:144)
	at org.testng.internal.TestMethodWorker.invokeAfterClassMethods(TestMethodWorker.java:217)
	at org.testng.internal.TestMethodWorker.run(TestMethodWorker.java:115)
	at java.util.concurrent.ThreadPoolExecutor.runWorker(Unknown Source)
	at java.util.concurrent.ThreadPoolExecutor$Worker.run(Unknown Source)
	at java.lang.Thread.run(Unknown Source)
</pre></div><a href='#' onClick='toggleBox("stack-trace1211044105", this, "Click to show all stack frames", "Click to hide stack frames")'>Click to show all stack frames</a>
<div class='stack-trace' id='stack-trace1211044105'><pre>org.openqa.selenium.NoSuchWindowException: Unable to get browser (WARNING: The server did not provide any stacktrace information)
Command duration or timeout: 0 milliseconds
Build info: version: &apos;3.0.1&apos;, revision: &apos;1969d75&apos;, time: &apos;2016-10-18 09:48:19 -0700&apos;
System info: host: &apos;ChetnaM-PC&apos;, ip: &apos;10.31.16.11&apos;, os.name: &apos;Windows 10&apos;, os.arch: &apos;amd64&apos;, os.version: &apos;10.0&apos;, java.version: &apos;1.8.0_112&apos;
Driver info: org.openqa.selenium.ie.InternetExplorerDriver
Capabilities [{browserAttachTimeout=0, ie.enableFullPageScreenshot=true, enablePersistentHover=true, ie.forceCreateProcessApi=false, ie.forceShellWindowsApi=false, pageLoadStrategy=normal, ignoreZoomSetting=false, ie.fileUploadDialogTimeout=3000, version=11, platform=WINDOWS, nativeEvents=true, ie.ensureCleanSession=false, elementScrollBehavior=0, ie.browserCommandLineSwitches=, requireWindowFocus=false, browserName=internet explorer, initialBrowserUrl=http://localhost:5093/, javascriptEnabled=true, ignoreProtectedModeSettings=false, enableElementCacheCleanup=true, unexpectedAlertBehaviour=dismiss}]
Session ID: e616dc18-4895-48be-8b66-a92530950db6
	at sun.reflect.NativeConstructorAccessorImpl.newInstance0(Native Method)
	at sun.reflect.NativeConstructorAccessorImpl.newInstance(Unknown Source)
	at sun.reflect.DelegatingConstructorAccessorImpl.newInstance(Unknown Source)
	at java.lang.reflect.Constructor.newInstance(Unknown Source)
	at org.openqa.selenium.remote.ErrorHandler.createThrowable(ErrorHandler.java:216)
	at org.openqa.selenium.remote.ErrorHandler.throwIfResponseFailed(ErrorHandler.java:168)
	at org.openqa.selenium.remote.RemoteWebDriver.execute(RemoteWebDriver.java:635)
	at org.openqa.selenium.remote.RemoteWebDriver.execute(RemoteWebDriver.java:658)
	at org.openqa.selenium.remote.RemoteWebDriver$RemoteWebDriverOptions.deleteAllCookies(RemoteWebDriver.java:730)
	at org.openqa.selenium.support.events.EventFiringWebDriver$EventFiringOptions.deleteAllCookies(EventFiringWebDriver.java:525)
	at com.adv.qa.selenium.framework.BaseTest.tearDown(BaseTest.java:257)
	at com.adv.qa.selenium.tests.currency.A018_Ledger_Control_Nominals.tearDown(A018_Ledger_Control_Nominals.java:117)
	at sun.reflect.NativeMethodAccessorImpl.invoke0(Native Method)
	at sun.reflect.NativeMethodAccessorImpl.invoke(Unknown Source)
	at sun.reflect.DelegatingMethodAccessorImpl.invoke(Unknown Source)
	at java.lang.reflect.Method.invoke(Unknown Source)
	at org.testng.internal.MethodInvocationHelper.invokeMethod(MethodInvocationHelper.java:104)
	at org.testng.internal.Invoker.invokeConfigurationMethod(Invoker.java:515)
	at org.testng.internal.Invoker.invokeConfigurations(Invoker.java:217)
	at org.testng.internal.Invoker.invokeConfigurations(Invoker.java:144)
	at org.testng.internal.TestMethodWorker.invokeAfterClassMethods(TestMethodWorker.java:217)
	at org.testng.internal.TestMethodWorker.run(TestMethodWorker.java:115)
	at java.util.concurrent.ThreadPoolExecutor.runWorker(Unknown Source)
	at java.util.concurrent.ThreadPoolExecutor$Worker.run(Unknown Source)
	at java.lang.Thread.run(Unknown Source)
</pre></div></td>
<td>0</td>
<td>com.adv.qa.selenium.tests.currency.A018_Ledger_Control_Nominals@691a7f8f</td></tr>
</table><p>
<table width='100%' border='1' class='invocation-failed'>
<tr><td colspan='4' align='center'><b>FAILED TESTS</b></td></tr>
<tr><td><b>Test method</b></td>
<td width="30%"><b>Exception</b></td>
<td width="10%"><b>Time (seconds)</b></td>
<td><b>Instance</b></td>
</tr>
<tr>
<td title='com.adv.qa.selenium.tests.currency.A018_Ledger_Control_Nominals.verify()'><b>verify</b><br>Test class: com.adv.qa.selenium.tests.currency.A018_Ledger_Control_Nominals<br>Parameters: [DataUnit [userName = BM], DataUnit [passWord = E5], DataUnit [code = EBA], DataUnit [nominal2500 = 2500], DataUnit [nominal2500 = Suspense Account], DataUnit [nominal2500 = A], DataUnit [nominal2500 = 02], DataUnit [nominal2500 = Balance Sheet], DataUnit [nominal2500 = Both], DataUnit [nominal2500 = A], DataUnit [nominal2500 = ***], DataUnit [nominal2500 = Both], DataUnit [nominal2500 = 0], DataUnit [nominal2600 = 2600], DataUnit [nominal2600 = Closeout Account], DataUnit [nominal2600 = A], DataUnit [nominal2600 = 09], DataUnit [nominal2600 = Balance Sheet], DataUnit [nominal2600 = Both], DataUnit [nominal2600 = A], DataUnit [nominal2600 = ***], DataUnit [nominal2600 = Both], DataUnit [nominal2600 = 0], DataUnit [nominal3000 = 3000], DataUnit [nominal3000 = Rounding Account], DataUnit [nominal3000 = A], DataUnit [nominal3000 = 02], DataUnit [nominal3000 = Balance Sheet], DataUnit [nominal3000 = Both], DataUnit [nominal3000 = A], DataUnit [nominal3000 = ***], DataUnit [nominal3000 = Both], DataUnit [nominal3000 = 0], DataUnit [nominal1500 = 1500], DataUnit [nominal1500 = Bank Account], DataUnit [nominal1500 = A], DataUnit [nominal1500 = 02], DataUnit [nominal1500 = Balance Sheet], DataUnit [nominal1500 = Both], DataUnit [nominal1500 = A], DataUnit [nominal1500 = ***], DataUnit [nominal1500 = Both], DataUnit [nominal1500 = 0], DataUnit [nominalGLICA = GLICA], DataUnit [nominalGLICA = GL ICA Account], DataUnit [nominalGLICA = A], DataUnit [nominalGLICA = 02], DataUnit [nominalGLICA = Balance Sheet], DataUnit [nominalGLICA = Both], DataUnit [nominalGLICA = A], DataUnit [nominalGLICA = ***], DataUnit [nominalGLICA = Both], DataUnit [nominalGLICA = 0], DataUnit [nominal1550 = 1550], DataUnit [nominal1550 = Purchasing Bank Account], DataUnit [nominal1550 = B], DataUnit [nominal1550 = 01], DataUnit [nominal1550 = Balance Sheet], DataUnit [nominal1550 = Both], DataUnit [nominal1550 = A], DataUnit [nominal1550 = ***], DataUnit [nominal1550 = Both], DataUnit [nominal1550 = 0], DataUnit [nominal6300 = 6300], DataUnit [nominal6300 = Rent Account], DataUnit [nominal6300 = A], DataUnit [nominal6300 = 02], DataUnit [nominal6300 = Balance Sheet], DataUnit [nominal6300 = Both], DataUnit [nominal6300 = A], DataUnit [nominal6300 = GBP], DataUnit [nominal6300 = Base], DataUnit [nominal6300 = 0], DataUnit [nominal6400 = 6400], DataUnit [nominal6400 = Business Rate Account], DataUnit [nominal6400 = A], DataUnit [nominal6400 = 02], DataUnit [nominal6400 = Balance Sheet], DataUnit [nominal6400 = Both], DataUnit [nominal6400 = A], DataUnit [nominal6400 = GBP], DataUnit [nominal6400 = Base], DataUnit [nominal6400 = 0], DataUnit [nominalAKAI = AKAI], DataUnit [nominalAKAI = Akai Account], DataUnit [nominalAKAI = T], DataUnit [nominalAKAI = 04], DataUnit [nominalAKAI = Profit & Loss], DataUnit [nominalAKAI = Both], DataUnit [nominalAKAI = A], DataUnit [nominalAKAI = GBP], DataUnit [nominalAKAI = Base], DataUnit [nominalAKAI = 0]]</td>
<td><div><pre>org.openqa.selenium.NoSuchWindowException: Unable to get browser (WARNING: The server did not provide any stacktrace information)
Command duration or timeout: 31 milliseconds
Build info: version: &apos;3.0.1&apos;, revision: &apos;1969d75&apos;, time: &apos;2016-10-18 09:48:19 -0700&apos;
System info: host: &apos;ChetnaM-PC&apos;, ip: &apos;10.31.16.11&apos;, os.name: &apos;Windows 10&apos;, os.arch: &apos;amd64&apos;, os.version: &apos;10.0&apos;, java.version: &apos;1.8.0_112&apos;
Driver info: org.openqa.selenium.ie.InternetExplorerDriver
Capabilities [{browserAttachTimeout=0, ie.enableFullPageScreenshot=true, enablePersistentHover=true, ie.forceCreateProcessApi=false, ie.forceShellWindowsApi=false, pageLoadStrategy=normal, ignoreZoomSetting=false, ie.fileUploadDialogTimeout=3000, version=11, platform=WINDOWS, nativeEvents=true, ie.ensureCleanSession=false, elementScrollBehavior=0, ie.browserCommandLineSwitches=, requireWindowFocus=false, browserName=internet explorer, initialBrowserUrl=http://localhost:5093/, javascriptEnabled=true, ignoreProtectedModeSettings=false, enableElementCacheCleanup=true, unexpectedAlertBehaviour=dismiss}]
Session ID: e616dc18-4895-48be-8b66-a92530950db6
	at sun.reflect.NativeConstructorAccessorImpl.newInstance0(Native Method)
	at sun.reflect.NativeConstructorAccessorImpl.newInstance(Unknown Source)
	at sun.reflect.DelegatingConstructorAccessorImpl.newInstance(Unknown Source)
	at java.lang.reflect.Constructor.newInstance(Unknown Source)
	at org.openqa.selenium.remote.ErrorHandler.createThrowable(ErrorHandler.java:216)
	at org.openqa.selenium.remote.ErrorHandler.throwIfResponseFailed(ErrorHandler.java:168)
	at org.openqa.selenium.remote.RemoteWebDriver.execute(RemoteWebDriver.java:635)
	at org.openqa.selenium.remote.RemoteWebDriver.execute(RemoteWebDriver.java:658)
	at org.openqa.selenium.ie.InternetExplorerDriver.getScreenshotAs(InternetExplorerDriver.java:192)
	at com.adv.qa.selenium.helpers.WebDriverEventListenerTest.onException(WebDriverEventListenerTest.java:25)
	at sun.reflect.NativeMethodAccessorImpl.invoke0(Native Method)
	at sun.reflect.NativeMethodAccessorImpl.invoke(Unknown Source)
	at sun.reflect.DelegatingMethodAccessorImpl.invoke(Unknown Source)
	at java.lang.reflect.Method.invoke(Unknown Source)
	at org.openqa.selenium.support.events.EventFiringWebDriver$1.invoke(EventFiringWebDriver.java:80)
	at com.sun.proxy.$Proxy8.onException(Unknown Source)
	at org.openqa.selenium.support.events.EventFiringWebDriver$2.invoke(EventFiringWebDriver.java:105)
	at com.sun.proxy.$Proxy9.findElement(Unknown Source)
	at org.openqa.selenium.support.events.EventFiringWebDriver.findElement(EventFiringWebDriver.java:187)
	at com.adv.qa.selenium.framework.pageObjects.currency.CurrencyPage.getPrimaryDetailsTab(CurrencyPage.java:1060)
	at com.adv.qa.selenium.framework.pageObjects.currency.CurrencyPage.isPrimaryDetailsTabSelected(CurrencyPage.java:1048)
	at com.adv.qa.selenium.framework.pageObjects.currency.CurrencyPage.enterNominalControl(CurrencyPage.java:2248)
	at com.adv.qa.selenium.tests.currency.A018_Ledger_Control_Nominals.createNominal(A018_Ledger_Control_Nominals.java:94)
	at com.adv.qa.selenium.tests.currency.A018_Ledger_Control_Nominals.verify(A018_Ledger_Control_Nominals.java:71)
	at sun.reflect.NativeMethodAccessorImpl.invoke0(Native Method)
	at sun.reflect.NativeMethodAccessorImpl.invoke(Unknown Source)
	at sun.reflect.DelegatingMethodAccessorImpl.invoke(Unknown Source)
	at java.lang.reflect.Method.invoke(Unknown Source)
	at org.testng.internal.MethodInvocationHelper.invokeMethod(MethodInvocationHelper.java:104)
	at org.testng.internal.InvokeMethodRunnable.runOne(InvokeMethodRunnable.java:54)
	at org.testng.internal.InvokeMethodRunnable.run(InvokeMethodRunnable.java:44)
	at java.util.concurrent.Executors$RunnableAdapter.call(Unknown Source)
	at java.util.concurrent.FutureTask.run(Unknown Source)
	at java.util.concurrent.ThreadPoolExecutor.runWorker(Unknown Source)
	at java.util.concurrent.ThreadPoolExecutor$Worker.run(Unknown Source)
	at java.lang.Thread.run(Unknown Source)
</pre></div><a href='#' onClick='toggleBox("stack-trace1262962623", this, "Click to show all stack frames", "Click to hide stack frames")'>Click to show all stack frames</a>
<div class='stack-trace' id='stack-trace1262962623'><pre>org.openqa.selenium.NoSuchWindowException: Unable to get browser (WARNING: The server did not provide any stacktrace information)
Command duration or timeout: 31 milliseconds
Build info: version: &apos;3.0.1&apos;, revision: &apos;1969d75&apos;, time: &apos;2016-10-18 09:48:19 -0700&apos;
System info: host: &apos;ChetnaM-PC&apos;, ip: &apos;10.31.16.11&apos;, os.name: &apos;Windows 10&apos;, os.arch: &apos;amd64&apos;, os.version: &apos;10.0&apos;, java.version: &apos;1.8.0_112&apos;
Driver info: org.openqa.selenium.ie.InternetExplorerDriver
Capabilities [{browserAttachTimeout=0, ie.enableFullPageScreenshot=true, enablePersistentHover=true, ie.forceCreateProcessApi=false, ie.forceShellWindowsApi=false, pageLoadStrategy=normal, ignoreZoomSetting=false, ie.fileUploadDialogTimeout=3000, version=11, platform=WINDOWS, nativeEvents=true, ie.ensureCleanSession=false, elementScrollBehavior=0, ie.browserCommandLineSwitches=, requireWindowFocus=false, browserName=internet explorer, initialBrowserUrl=http://localhost:5093/, javascriptEnabled=true, ignoreProtectedModeSettings=false, enableElementCacheCleanup=true, unexpectedAlertBehaviour=dismiss}]
Session ID: e616dc18-4895-48be-8b66-a92530950db6
	at sun.reflect.NativeConstructorAccessorImpl.newInstance0(Native Method)
	at sun.reflect.NativeConstructorAccessorImpl.newInstance(Unknown Source)
	at sun.reflect.DelegatingConstructorAccessorImpl.newInstance(Unknown Source)
	at java.lang.reflect.Constructor.newInstance(Unknown Source)
	at org.openqa.selenium.remote.ErrorHandler.createThrowable(ErrorHandler.java:216)
	at org.openqa.selenium.remote.ErrorHandler.throwIfResponseFailed(ErrorHandler.java:168)
	at org.openqa.selenium.remote.RemoteWebDriver.execute(RemoteWebDriver.java:635)
	at org.openqa.selenium.remote.RemoteWebDriver.execute(RemoteWebDriver.java:658)
	at org.openqa.selenium.ie.InternetExplorerDriver.getScreenshotAs(InternetExplorerDriver.java:192)
	at com.adv.qa.selenium.helpers.WebDriverEventListenerTest.onException(WebDriverEventListenerTest.java:25)
	at sun.reflect.NativeMethodAccessorImpl.invoke0(Native Method)
	at sun.reflect.NativeMethodAccessorImpl.invoke(Unknown Source)
	at sun.reflect.DelegatingMethodAccessorImpl.invoke(Unknown Source)
	at java.lang.reflect.Method.invoke(Unknown Source)
	at org.openqa.selenium.support.events.EventFiringWebDriver$1.invoke(EventFiringWebDriver.java:80)
	at com.sun.proxy.$Proxy8.onException(Unknown Source)
	at org.openqa.selenium.support.events.EventFiringWebDriver$2.invoke(EventFiringWebDriver.java:105)
	at com.sun.proxy.$Proxy9.findElement(Unknown Source)
	at org.openqa.selenium.support.events.EventFiringWebDriver.findElement(EventFiringWebDriver.java:187)
	at com.adv.qa.selenium.framework.pageObjects.currency.CurrencyPage.getPrimaryDetailsTab(CurrencyPage.java:1060)
	at com.adv.qa.selenium.framework.pageObjects.currency.CurrencyPage.isPrimaryDetailsTabSelected(CurrencyPage.java:1048)
	at com.adv.qa.selenium.framework.pageObjects.currency.CurrencyPage.enterNominalControl(CurrencyPage.java:2248)
	at com.adv.qa.selenium.tests.currency.A018_Ledger_Control_Nominals.createNominal(A018_Ledger_Control_Nominals.java:94)
	at com.adv.qa.selenium.tests.currency.A018_Ledger_Control_Nominals.verify(A018_Ledger_Control_Nominals.java:71)
	at sun.reflect.NativeMethodAccessorImpl.invoke0(Native Method)
	at sun.reflect.NativeMethodAccessorImpl.invoke(Unknown Source)
	at sun.reflect.DelegatingMethodAccessorImpl.invoke(Unknown Source)
	at java.lang.reflect.Method.invoke(Unknown Source)
	at org.testng.internal.MethodInvocationHelper.invokeMethod(MethodInvocationHelper.java:104)
	at org.testng.internal.InvokeMethodRunnable.runOne(InvokeMethodRunnable.java:54)
	at org.testng.internal.InvokeMethodRunnable.run(InvokeMethodRunnable.java:44)
	at java.util.concurrent.Executors$RunnableAdapter.call(Unknown Source)
	at java.util.concurrent.FutureTask.run(Unknown Source)
	at java.util.concurrent.ThreadPoolExecutor.runWorker(Unknown Source)
	at java.util.concurrent.ThreadPoolExecutor$Worker.run(Unknown Source)
	at java.lang.Thread.run(Unknown Source)
</pre></div></td>
<td>199</td>
<td>com.adv.qa.selenium.tests.currency.A018_Ledger_Control_Nominals@691a7f8f</td></tr>
</table><p>
<table width='100%' border='1' class='invocation-passed'>
<tr><td colspan='4' align='center'><b>PASSED TESTS</b></td></tr>
<tr><td><b>Test method</b></td>
<td width="30%"><b>Exception</b></td>
<td width="10%"><b>Time (seconds)</b></td>
<td><b>Instance</b></td>
</tr>
<tr>
<td title='com.adv.qa.selenium.tests.currency.A018A_Ledger_Control_Nominals.verify()'><b>verify</b><br>Test class: com.adv.qa.selenium.tests.currency.A018A_Ledger_Control_Nominals<br>Parameters: [DataUnit [userName = BM1], DataUnit [passWord = E5], DataUnit [code = EBA], DataUnit [nominal6500 = 6500], DataUnit [nominal6500 = Electricity Account], DataUnit [nominal6500 = A], DataUnit [nominal6500 = 02], DataUnit [nominal6500 = Balance Sheet], DataUnit [nominal6500 = Both], DataUnit [nominal6500 = A], DataUnit [nominal6500 = GBP], DataUnit [nominal6500 = Base], DataUnit [nominal6500 = 0], DataUnit [nominalBANKR = BANKR], DataUnit [nominalBANKR = bank rec bank], DataUnit [nominalBANKR = A], DataUnit [nominalBANKR = 02], DataUnit [nominalBANKR = Balance Sheet], DataUnit [nominalBANKR = Both], DataUnit [nominalBANKR = A], DataUnit [nominalBANKR = ***], DataUnit [nominalBANKR = Both], DataUnit [nominalBANKR = 0], DataUnit [nominalBANKR1 = BANKR1], DataUnit [nominalBANKR1 = bank rec bank], DataUnit [nominalBANKR1 = A], DataUnit [nominalBANKR1 = 02], DataUnit [nominalBANKR1 = Balance Sheet], DataUnit [nominalBANKR1 = Both], DataUnit [nominalBANKR1 = A], DataUnit [nominalBANKR1 = ***], DataUnit [nominalBANKR1 = Both], DataUnit [nominalBANKR1 = 0], DataUnit [nominalBANKR2 = BANKR2], DataUnit [nominalBANKR2 = bank rec bank], DataUnit [nominalBANKR2 = A], DataUnit [nominalBANKR2 = 02], DataUnit [nominalBANKR2 = Balance Sheet], DataUnit [nominalBANKR2 = Both], DataUnit [nominalBANKR2 = A], DataUnit [nominalBANKR2 = ***], DataUnit [nominalBANKR2 = Both], DataUnit [nominalBANKR2 = 0], DataUnit [nominal2000 = 2000], DataUnit [nominal2000 = Creditors Control], DataUnit [nominal2000 = B], DataUnit [nominal2000 = 02], DataUnit [nominal2000 = Balance Sheet], DataUnit [nominal2000 = Both], DataUnit [nominal2000 = A], DataUnit [nominal2000 = ***], DataUnit [nominal2000 = Both], DataUnit [nominal2000 = 0], DataUnit [nominal5000 = 5000], DataUnit [nominal5000 = Discount Receivable], DataUnit [nominal5000 = T], DataUnit [nominal5000 = 04], DataUnit [nominal5000 = Profit & Loss], DataUnit [nominal5000 = Both], DataUnit [nominal5000 = A], DataUnit [nominal5000 = ***], DataUnit [nominal5000 = Both], DataUnit [nominal5000 = 0], DataUnit [nominal5050 = 5050], DataUnit [nominal5050 = Bank Charges], DataUnit [nominal5050 = T], DataUnit [nominal5050 = 04], DataUnit [nominal5050 = Profit & Loss], DataUnit [nominal5050 = Both], DataUnit [nominal5050 = A], DataUnit [nominal5050 = ***], DataUnit [nominal5050 = Both], DataUnit [nominal5050 = 0], DataUnit [nominal2150 = 2150], DataUnit [nominal2150 = VAT Suspense], DataUnit [nominal2150 = B], DataUnit [nominal2150 = 03], DataUnit [nominal2150 = Balance Sheet], DataUnit [nominal2150 = Both], DataUnit [nominal2150 = A], DataUnit [nominal2150 = ***], DataUnit [nominal2150 = Both], DataUnit [nominal2150 = 0], DataUnit [nominalSTKR = STKR], DataUnit [nominalSTKR = IM Stock Revaluation], DataUnit [nominalSTKR = I], DataUnit [nominalSTKR = 02], DataUnit [nominalSTKR = Balance Sheet], DataUnit [nominalSTKR = Both], DataUnit [nominalSTKR = A], DataUnit [nominalSTKR = ***], DataUnit [nominalSTKR = Both], DataUnit [nominalSTKR = 0]]</td>
<td></td>
<td>1038</td>
<td>com.adv.qa.selenium.tests.currency.A018A_Ledger_Control_Nominals@50a7bc6e</td></tr>
</table><p>
</body>
</html>