<!DOCTYPE html PUBLIC "-//W3C//DTD XHTML 1.1//EN" "http://www.w3.org/TR/xhtml11/DTD/xhtml11.dtd">
<html xmlns="http://www.w3.org/1999/xhtml">
<head>
<title>TestNG Report</title>
<style type="text/css">
table {margin-bottom:10px;border-collapse:collapse;empty-cells:show}
td,th {border:1px solid #009;padding:.25em .5em}
.result th {vertical-align:bottom}
.param th {padding-left:1em;padding-right:1em}
.param td {padding-left:.5em;padding-right:2em}
.stripe td,.stripe th {background-color: #E6EBF9}
.numi,.numi_attn {text-align:right}
.total td {font-weight:bold}
.passedodd td {background-color: #0A0}
.passedeven td {background-color: #3F3}
.skippedodd td {background-color: #CCC}
.skippedodd td {background-color: #DDD}
.failedodd td,.numi_attn {background-color: #F33}
.failedeven td,.stripe .numi_attn {background-color: #D00}
.stacktrace {white-space:pre;font-family:monospace}
.totop {font-size:85%;text-align:center;border-bottom:2px solid #000}
</style>
</head>
<body>
<table cellspacing="0" cellpadding="0" class="testOverview">
<tr><th>Test</th><th>Methods<br/>Passed</th><th>Scenarios<br/>Passed</th><th># skipped</th><th># failed</th><th>Total<br/>Time</th><th>Included<br/>Groups</th><th>Excluded<br/>Groups</th></tr>
<tr><td style="text-align:left;padding-right:2em"><a href="#t1">suite1</a></td><td class="numi">2</td><td class="numi">2</td><td class="numi">0</td><td class="numi_attn">1</td><td class="numi">473.4 seconds</td><td class="numi"></td><td class="numi"></td></tr>
<tr class="stripe"><td style="text-align:left;padding-right:2em"><a href="#t2">suite2</a></td><td class="numi">0</td><td class="numi">0</td><td class="numi">0</td><td class="numi_attn">2</td><td class="numi">459.2 seconds</td><td class="numi"></td><td class="numi"></td></tr>
<tr><td style="text-align:left;padding-right:2em"><a href="#t3">suite3</a></td><td class="numi">2</td><td class="numi">2</td><td class="numi">0</td><td class="numi_attn">1</td><td class="numi">538.4 seconds</td><td class="numi"></td><td class="numi"></td></tr>
<tr class="stripe"><td style="text-align:left;padding-right:2em"><a href="#t4">suite4</a></td><td class="numi">4</td><td class="numi">4</td><td class="numi">0</td><td class="numi">0</td><td class="numi">589.9 seconds</td><td class="numi"></td><td class="numi"></td></tr>
<tr><td style="text-align:left;padding-right:2em"><a href="#t5">suite5</a></td><td class="numi">1</td><td class="numi">1</td><td class="numi">0</td><td class="numi">0</td><td class="numi">682.4 seconds</td><td class="numi"></td><td class="numi"></td></tr>
<tr class="stripe"><td style="text-align:left;padding-right:2em"><a href="#t6">suite6</a></td><td class="numi">1</td><td class="numi">1</td><td class="numi">0</td><td class="numi_attn">1</td><td class="numi">681.9 seconds</td><td class="numi"></td><td class="numi"></td></tr>
<tr><td style="text-align:left;padding-right:2em"><a href="#t7">suite7</a></td><td class="numi">1</td><td class="numi">1</td><td class="numi">0</td><td class="numi_attn">1</td><td class="numi">319.6 seconds</td><td class="numi"></td><td class="numi"></td></tr>
<tr class="stripe"><td style="text-align:left;padding-right:2em"><a href="#t8">suite8</a></td><td class="numi">0</td><td class="numi">0</td><td class="numi">0</td><td class="numi_attn">2</td><td class="numi">156.0 seconds</td><td class="numi"></td><td class="numi"></td></tr>
<tr><td style="text-align:left;padding-right:2em"><a href="#t9">suite9</a></td><td class="numi">0</td><td class="numi">0</td><td class="numi">0</td><td class="numi_attn">2</td><td class="numi">156.1 seconds</td><td class="numi"></td><td class="numi"></td></tr>
<tr class="stripe"><td style="text-align:left;padding-right:2em"><a href="#t10">suite10</a></td><td class="numi">0</td><td class="numi">0</td><td class="numi">0</td><td class="numi_attn">2</td><td class="numi">155.3 seconds</td><td class="numi"></td><td class="numi"></td></tr>
<tr><td style="text-align:left;padding-right:2em"><a href="#t11">suite11</a></td><td class="numi">0</td><td class="numi">0</td><td class="numi">0</td><td class="numi_attn">2</td><td class="numi">155.6 seconds</td><td class="numi"></td><td class="numi"></td></tr>
<tr class="stripe"><td style="text-align:left;padding-right:2em"><a href="#t12">suite12</a></td><td class="numi">0</td><td class="numi">0</td><td class="numi">0</td><td class="numi_attn">2</td><td class="numi">156.6 seconds</td><td class="numi"></td><td class="numi"></td></tr>
<tr><td style="text-align:left;padding-right:2em"><a href="#t13">suite13</a></td><td class="numi">0</td><td class="numi">0</td><td class="numi">0</td><td class="numi_attn">2</td><td class="numi">154.5 seconds</td><td class="numi"></td><td class="numi"></td></tr>
<tr class="stripe"><td style="text-align:left;padding-right:2em"><a href="#t14">suite14</a></td><td class="numi">0</td><td class="numi">0</td><td class="numi">0</td><td class="numi_attn">5</td><td class="numi">539.6 seconds</td><td class="numi"></td><td class="numi"></td></tr>
<tr><td style="text-align:left;padding-right:2em"><a href="#t15">suite15</a></td><td class="numi">0</td><td class="numi">0</td><td class="numi">0</td><td class="numi_attn">2</td><td class="numi">156.7 seconds</td><td class="numi"></td><td class="numi"></td></tr>
<tr class="stripe"><td style="text-align:left;padding-right:2em"><a href="#t16">suite16</a></td><td class="numi">0</td><td class="numi">0</td><td class="numi">0</td><td class="numi_attn">2</td><td class="numi">152.9 seconds</td><td class="numi"></td><td class="numi"></td></tr>
<tr><td style="text-align:left;padding-right:2em"><a href="#t17">suite17</a></td><td class="numi">0</td><td class="numi">0</td><td class="numi">0</td><td class="numi_attn">2</td><td class="numi">259.8 seconds</td><td class="numi"></td><td class="numi"></td></tr>
<tr class="stripe"><td style="text-align:left;padding-right:2em"><a href="#t18">suite18</a></td><td class="numi">0</td><td class="numi">0</td><td class="numi">0</td><td class="numi_attn">2</td><td class="numi">321.5 seconds</td><td class="numi"></td><td class="numi"></td></tr>
<tr><td style="text-align:left;padding-right:2em"><a href="#t19">suite19</a></td><td class="numi">0</td><td class="numi">0</td><td class="numi">0</td><td class="numi_attn">2</td><td class="numi">155.7 seconds</td><td class="numi"></td><td class="numi"></td></tr>
<tr class="stripe"><td style="text-align:left;padding-right:2em"><a href="#t20">suite20</a></td><td class="numi">0</td><td class="numi">0</td><td class="numi">0</td><td class="numi_attn">2</td><td class="numi">156.4 seconds</td><td class="numi"></td><td class="numi"></td></tr>
<tr><td style="text-align:left;padding-right:2em"><a href="#t21">suite21</a></td><td class="numi">0</td><td class="numi">0</td><td class="numi">0</td><td class="numi_attn">1</td><td class="numi">109.5 seconds</td><td class="numi"></td><td class="numi"></td></tr>
<tr class="total"><td>Total</td>
<td class="numi">11</td><td class="numi">11</td><td class="numi">0</td><td class="numi_attn">36</td><td class="numi">6,531.9 seconds</td><td colspan="2">&nbsp;</td></tr>
</table>
<table cellspacing="0" cellpadding="0" class="methodOverview" id="summary">
<tr><th>Class</th><th>Method</th><th># of<br/>Scenarios</th><th>Start</th><th>Time<br/>(ms)</th></tr>
<tr id="t1"><th colspan="5">suite1 &#8212; failed</th></tr>
<tr class="failedodd"><td>com.adv.qa.selenium.tests.currency.A002_Currency_DescriptionTest</td><td><a href="#m1"><b>verify</b>  </a></td><td class="numi">1</td><td>1488972847759</td><td class="numi">236614</td></tr>
<tr><th colspan="5">suite1 &#8212; passed</th></tr>
<tr class="passedodd"><td>com.adv.qa.selenium.tests.currency.A001A_On_line_AuditingTest</td><td><a href="#m2"><b>verify</b>  </a></td><td class="numi">1</td><td>1488972635171</td><td class="numi">132388</td></tr>
<tr class="passedeven"><td>com.adv.qa.selenium.tests.currency.A001_Switch_Intra_Company_Accounting_OnTest</td><td><a href="#m3"><b>verify</b>  </a></td><td class="numi">1</td><td>1488972782521</td><td class="numi">50079</td></tr>
<tr id="t2"><th colspan="5">suite2 &#8212; failed</th></tr>
<tr class="failedodd"><td>com.adv.qa.selenium.tests.currency.A003_Currency_Base_NonBase_RelationshipsTest</td><td><a href="#m4"><b>verify</b>  </a></td><td class="numi">1</td><td>1488973101314</td><td class="numi">266176</td></tr>
<tr class="failedeven"><td>com.adv.qa.selenium.tests.currency.A006_Company_DefinitionTest</td><td><a href="#m5"><b>verify</b>  </a></td><td class="numi">1</td><td>1488973410818</td><td class="numi">133231</td></tr>
<tr id="t3"><th colspan="5">suite3 &#8212; failed</th></tr>
<tr class="failedodd"><td>com.adv.qa.selenium.tests.currency.A005_Currency_Exchange_RatesTest</td><td><a href="#m6"><b>verify</b>  </a></td><td class="numi">1</td><td>1488973989950</td><td class="numi">92539</td></tr>
<tr><th colspan="5">suite3 &#8212; passed</th></tr>
<tr class="passedodd"><td>com.adv.qa.selenium.tests.currency.A004A_Rate_Type_Currency_ExchangeTest</td><td><a href="#m7"><b>verify</b>  </a></td><td class="numi">1</td><td>1488973561212</td><td class="numi">89784</td></tr>
<tr class="passedeven"><td>com.adv.qa.selenium.tests.currency.A004_Currency_Exchange_Rate_TypesTest</td><td><a href="#m8"><b>verify</b>  </a></td><td class="numi">1</td><td>1488973666549</td><td class="numi">308575</td></tr>
<tr id="t4"><th colspan="5">suite4 &#8212; passed</th></tr>
<tr class="passedodd"><td>com.adv.qa.selenium.tests.currency.A007_DevicesTest</td><td><a href="#m9"><b>verify</b>  </a></td><td class="numi">1</td><td>1488974098848</td><td class="numi">94448</td></tr>
<tr class="passedeven"><td>com.adv.qa.selenium.tests.currency.A008_DestinationsTest</td><td><a href="#m10"><b>verify</b>  </a></td><td class="numi">1</td><td>1488974208512</td><td class="numi">147716</td></tr>
<tr class="passedodd"><td>com.adv.qa.selenium.tests.currency.A009_Distribution_ProfileTest</td><td><a href="#m11"><b>verify</b>  </a></td><td class="numi">1</td><td>1488974372317</td><td class="numi">140298</td></tr>
<tr class="passedeven"><td>com.adv.qa.selenium.tests.currency.A010_Environment_Groups_Test</td><td><a href="#m12"><b>verify</b>  </a></td><td class="numi">1</td><td>1488974529390</td><td class="numi">142971</td></tr>
<tr id="t5"><th colspan="5">suite5 &#8212; passed</th></tr>
<tr class="passedodd"><td>com.adv.qa.selenium.tests.currency.A011_UsersTest</td><td><a href="#m13"><b>verify</b>  </a></td><td class="numi">1</td><td>1488974688571</td><td class="numi">666206</td></tr>
<tr id="t6"><th colspan="5">suite6 &#8212; failed</th></tr>
<tr class="failedodd"><td>com.adv.qa.selenium.tests.currency.A013_Fiscal_CalendarTest</td><td><a href="#m14"><b>verify</b>  </a></td><td class="numi">1</td><td>1488975545929</td><td class="numi">490778</td></tr>
<tr><th colspan="5">suite6 &#8212; passed</th></tr>
<tr class="passedodd"><td>com.adv.qa.selenium.tests.currency.A012_CalendarsTest</td><td><a href="#m15"><b>verify</b>  </a></td><td class="numi">1</td><td>1488975370484</td><td class="numi">158362</td></tr>
<tr id="t7"><th colspan="5">suite7 &#8212; failed</th></tr>
<tr class="failedodd"><td>com.adv.qa.selenium.tests.currency.A015_BalanceSheetTest</td><td><a href="#m16"><b>verify</b>  </a></td><td class="numi">1</td><td>1488976262099</td><td class="numi">94331</td></tr>
<tr><th colspan="5">suite7 &#8212; passed</th></tr>
<tr class="passedodd"><td>com.adv.qa.selenium.tests.currency.A014_Account_Code_DefinitionTest</td><td><a href="#m17"><b>verify</b> (A014) </a></td><td class="numi">1</td><td>1488976051429</td><td class="numi">194423</td></tr>
<tr id="t8"><th colspan="5">suite8 &#8212; failed</th></tr>
<tr class="failedodd"><td>com.adv.qa.selenium.tests.currency.A016_Normal_Balance_Sheet_GroupsTest</td><td><a href="#m18"><b>verify</b>  </a></td><td class="numi">1</td><td>1488976372367</td><td class="numi">136274</td></tr>
<tr class="failedeven"><td>com.adv.qa.selenium.tests.currency.A016A_Normal_Balance_Sheet_GroupsTest</td><td><a href="#m19"><b>verify</b>  </a></td><td class="numi">1</td><td>1488976375502</td><td class="numi">136697</td></tr>
<tr id="t9"><th colspan="5">suite9 &#8212; failed</th></tr>
<tr class="failedodd"><td>com.adv.qa.selenium.tests.currency.A017_Normal_Balance_Sheet_CategoriesTest</td><td><a href="#m20"><b>verify</b>  </a></td><td class="numi">1</td><td>1488976531591</td><td class="numi">136866</td></tr>
<tr class="failedeven"><td>com.adv.qa.selenium.tests.currency.A017A_Normal_Balance_Sheet_CategoriesTest</td><td><a href="#m21"><b>verify</b>  </a></td><td class="numi">1</td><td>1488976532372</td><td class="numi">135291</td></tr>
<tr id="t10"><th colspan="5">suite10 &#8212; failed</th></tr>
<tr class="failedodd"><td>com.adv.qa.selenium.tests.currency.A018_Ledger_Control_Nominals</td><td><a href="#m22"><b>verify</b>  </a></td><td class="numi">1</td><td>1488976685295</td><td class="numi">135340</td></tr>
<tr class="failedeven"><td>com.adv.qa.selenium.tests.currency.A018A_Ledger_Control_Nominals</td><td><a href="#m23"><b>verify</b>  </a></td><td class="numi">1</td><td>1488976688474</td><td class="numi">135208</td></tr>
<tr id="t11"><th colspan="5">suite11 &#8212; failed</th></tr>
<tr class="failedodd"><td>com.adv.qa.selenium.tests.currency.A018B_Ledger_Control_Nominals</td><td><a href="#m24"><b>verify</b>  </a></td><td class="numi">1</td><td>1488976841118</td><td class="numi">135386</td></tr>
<tr class="failedeven"><td>com.adv.qa.selenium.tests.currency.A018C_Ledger_Control_Nominals</td><td><a href="#m25"><b>verify</b>  </a></td><td class="numi">1</td><td>1488976843753</td><td class="numi">135978</td></tr>
<tr id="t12"><th colspan="5">suite12 &#8212; failed</th></tr>
<tr class="failedodd"><td>com.adv.qa.selenium.tests.currency.A018E_Ledger_Control_Nominals</td><td><a href="#m26"><b>verify</b>  </a></td><td class="numi">1</td><td>1488976996593</td><td class="numi">135627</td></tr>
<tr class="failedeven"><td>com.adv.qa.selenium.tests.currency.A018D_Ledger_Control_Nominals</td><td><a href="#m27"><b>verify</b>  </a></td><td class="numi">1</td><td>1488976999212</td><td class="numi">137102</td></tr>
<tr id="t13"><th colspan="5">suite13 &#8212; failed</th></tr>
<tr class="failedodd"><td>com.adv.qa.selenium.tests.currency.A018G_Ledger_Control_Nominals</td><td><a href="#m28"><b>verify</b>  </a></td><td class="numi">1</td><td>1488977151556</td><td class="numi">136448</td></tr>
<tr class="failedeven"><td>com.adv.qa.selenium.tests.currency.A018F_Ledger_Control_Nominals</td><td><a href="#m29"><b>verify</b>  </a></td><td class="numi">1</td><td>1488977155312</td><td class="numi">135517</td></tr>
<tr id="t14"><th colspan="5">suite14 &#8212; failed</th></tr>
<tr class="failedodd"><td>com.adv.qa.selenium.tests.currency.A019_Ledger_Control_Management_CodeTest</td><td><a href="#m30"><b>verify</b>  </a></td><td class="numi">1</td><td>1488977305770</td><td class="numi">94288</td></tr>
<tr class="failedeven"><td>com.adv.qa.selenium.tests.currency.A020_Ledger_Control_AccountsTest</td><td><a href="#m31"><b>verify</b>  </a></td><td class="numi">1</td><td>1488977414900</td><td class="numi">93476</td></tr>
<tr class="failedodd"><td>com.adv.qa.selenium.tests.currency.A021_Batch_TypesTest</td><td><a href="#m32"><b>verify</b>  </a></td><td class="numi">1</td><td>1488977524423</td><td class="numi">92372</td></tr>
<tr class="failedeven"><td>com.adv.qa.selenium.tests.currency.A022_Balance_ClassesTest</td><td><a href="#m33"><b>verify</b>  </a></td><td class="numi">1</td><td>1488977632432</td><td class="numi">92205</td></tr>
<tr class="failedodd"><td>com.adv.qa.selenium.tests.currency.A023_Company_ControlsTest</td><td><a href="#m34"><b>verify</b>  </a></td><td class="numi">1</td><td>1488977739478</td><td class="numi">91052</td></tr>
<tr id="t15"><th colspan="5">suite15 &#8212; failed</th></tr>
<tr class="failedodd"><td>com.adv.qa.selenium.tests.currency.A024A_Batch_TypesTest</td><td><a href="#m35"><b>verify</b>  </a></td><td class="numi">1</td><td>1488977845638</td><td class="numi">138083</td></tr>
<tr class="failedeven"><td>com.adv.qa.selenium.tests.currency.A024_Batch_TypesTest</td><td><a href="#m36"><b>verify</b>  </a></td><td class="numi">1</td><td>1488977849918</td><td class="numi">137076</td></tr>
<tr id="t16"><th colspan="5">suite16 &#8212; failed</th></tr>
<tr class="failedodd"><td>com.adv.qa.selenium.tests.currency.A024B_Batch_TypesTest</td><td><a href="#m37"><b>verify</b>  </a></td><td class="numi">1</td><td>1488978003543</td><td class="numi">136647</td></tr>
<tr class="failedeven"><td>com.adv.qa.selenium.tests.currency.A025_FormulaTest</td><td><a href="#m38"><b>verify</b>  </a></td><td class="numi">1</td><td>1488978008028</td><td class="numi">92246</td></tr>
<tr id="t17"><th colspan="5">suite17 &#8212; failed</th></tr>
<tr class="failedodd"><td>com.adv.qa.selenium.tests.currency.A026_Layout_CodesTest</td><td><a href="#m39"><b>verify</b>  </a></td><td class="numi">1</td><td>1488978155041</td><td class="numi">93155</td></tr>
<tr class="failedeven"><td>com.adv.qa.selenium.tests.currency.A027_Default_StructureTest</td><td><a href="#m40"><b>verify</b>  </a></td><td class="numi">1</td><td>1488978262826</td><td class="numi">137237</td></tr>
<tr id="t18"><th colspan="5">suite18 &#8212; failed</th></tr>
<tr class="failedodd"><td>com.adv.qa.selenium.tests.currency.A028_Default_Structure_ControlsTest</td><td><a href="#m41"><b>verify</b>  </a></td><td class="numi">1</td><td>1488978416293</td><td class="numi">137290</td></tr>
<tr class="failedeven"><td>com.adv.qa.selenium.tests.currency.A029_Default_Structure_ElementsTest</td><td><a href="#m42"><b>verify</b>  </a></td><td class="numi">1</td><td>1488978586072</td><td class="numi">135507</td></tr>
<tr id="t19"><th colspan="5">suite19 &#8212; failed</th></tr>
<tr class="failedodd"><td>com.adv.qa.selenium.tests.currency.A030_Security_ElementsTest</td><td><a href="#m43"><b>verify</b>  </a></td><td class="numi">1</td><td>1488978737804</td><td class="numi">138783</td></tr>
<tr class="failedeven"><td>com.adv.qa.selenium.tests.currency.A031_Company_ControlsTest</td><td><a href="#m44"><b>verify</b>  </a></td><td class="numi">1</td><td>1488978740164</td><td class="numi">136423</td></tr>
<tr id="t20"><th colspan="5">suite20 &#8212; failed</th></tr>
<tr class="failedodd"><td>com.adv.qa.selenium.tests.currency.A032_Management_CodesTest</td><td><a href="#m45"><b>verify</b>  </a></td><td class="numi">1</td><td>1488978895622</td><td class="numi">135305</td></tr>
<tr class="failedeven"><td>com.adv.qa.selenium.tests.currency.A032A_PathKeyNewParentTest</td><td><a href="#m46"><b>verify</b>  </a></td><td class="numi">1</td><td>1488978897306</td><td class="numi">135901</td></tr>
<tr id="t21"><th colspan="5">suite21 &#8212; failed</th></tr>
<tr class="failedodd"><td>com.adv.qa.selenium.tests.currency.A033_Analysis_CodeTest</td><td><a href="#m47"><b>verify</b>  </a></td><td class="numi">1</td><td>1488979049107</td><td class="numi">94324</td></tr>
</table>
<h1>suite1</h1>
<h2 id="m1">com.adv.qa.selenium.tests.currency.A002_Currency_DescriptionTest:verify</h2>
<table cellspacing="0" cellpadding="0" class="result">
<tr class="param"><th>Parameter #1</th></tr>
<tr class="param stripe"><td>[DataUnit [userName = SYSTEM], DataUnit [passWord = E5], DataUnit [code = AGA], DataUnit [demCurrency = DEM], DataUnit [demCurrency = DEUTCHSMARK], DataUnit [demCurrency = 2], DataUnit [demCurrency = MARK], DataUnit [demCurrency = MARKS], DataUnit [demCurrency = PFENNING], DataUnit [demCurrency = PFENNINGS], DataUnit [demCurrency = Participating], DataUnit [demCurrency = 1.97738], DataUnit [demCurrency = 01 Jan 1998], DataUnit [demCurrency = Hundredth], DataUnit [ukpCurrency = UKP], DataUnit [ukpCurrency = UK PONDS], DataUnit [ukpCurrency = 2], DataUnit [ukpCurrency = POUND], DataUnit [ukpCurrency = POUNDS], DataUnit [ukpCurrency = PENNY], DataUnit [ukpCurrency = PENCE], DataUnit [ukpCurrency = Not Participating], DataUnit [ukpCurrency = ], DataUnit [ukpCurrency = ], DataUnit [ukpCurrency = Hundredth], DataUnit [usdCurrency = USD], DataUnit [usdCurrency = US DOLLAR], DataUnit [usdCurrency = 2], DataUnit [usdCurrency = DOLLAR], DataUnit [usdCurrency = DOLLARS], DataUnit [usdCurrency = CENT], DataUnit [usdCurrency = CENTS], DataUnit [usdCurrency = Not Participating], DataUnit [usdCurrency = ], DataUnit [usdCurrency = ], DataUnit [usdCurrency = Hundredth], DataUnit [frfCurrency = FRF], DataUnit [frfCurrency = French Franc], DataUnit [frfCurrency = 2], DataUnit [frfCurrency = FRANC], DataUnit [frfCurrency = FRANCS], DataUnit [frfCurrency = CENTIME], DataUnit [frfCurrency = CENTIMES], DataUnit [frfCurrency = Participating], DataUnit [frfCurrency = 6.63186], DataUnit [frfCurrency = 01 Jan 1998], DataUnit [frfCurrency = Hundredth]]</td>
</tr>
<tr><td>
<div class="stacktrace">java.lang.IndexOutOfBoundsException: Index: 0, Size: 0
	at java.util.ArrayList.rangeCheck(Unknown Source)
	at java.util.ArrayList.get(Unknown Source)
	at com.adv.qa.selenium.framework.pageObjects.currency.CurrencyPage.clickOnSections(CurrencyPage.java:729)
	at com.adv.qa.selenium.framework.pageObjects.currency.CurrencyPage.searchValue(CurrencyPage.java:2063)
	at com.adv.qa.selenium.tests.currency.A002_Currency_DescriptionTest.verifyValues(A002_Currency_DescriptionTest.java:108)
	at com.adv.qa.selenium.tests.currency.A002_Currency_DescriptionTest.verify(A002_Currency_DescriptionTest.java:85)
	at sun.reflect.NativeMethodAccessorImpl.invoke0(Native Method)
	at sun.reflect.NativeMethodAccessorImpl.invoke(Unknown Source)
	at sun.reflect.DelegatingMethodAccessorImpl.invoke(Unknown Source)
	at java.lang.reflect.Method.invoke(Unknown Source)
	at org.testng.internal.MethodInvocationHelper.invokeMethod(MethodInvocationHelper.java:104)
	at org.testng.internal.InvokeMethodRunnable.runOne(InvokeMethodRunnable.java:54)
	at org.testng.internal.InvokeMethodRunnable.run(InvokeMethodRunnable.java:44)
	at java.util.concurrent.Executors$RunnableAdapter.call(Unknown Source)
	at java.util.concurrent.FutureTask.run(Unknown Source)
	at java.util.concurrent.ThreadPoolExecutor.runWorker(Unknown Source)
	at java.util.concurrent.ThreadPoolExecutor$Worker.run(Unknown Source)
	at java.lang.Thread.run(Unknown Source)
</div>
</td></tr>
</table>
<p class="totop"><a href="#summary">back to summary</a></p>
<h2 id="m2">com.adv.qa.selenium.tests.currency.A001_Switch_Intra_Company_Accounting_OnTest:verify</h2>
<table cellspacing="0" cellpadding="0" class="result">
<tr class="param"><th>Parameter #1</th></tr>
<tr class="param stripe"><td>[DataUnit [userName = SYSTEM], DataUnit [passWord = E5], DataUnit [code = AAB], DataUnit [commandParameter = EDTSYSCONT ACT=AMEND]]</td>
</tr>
</table>
<p class="totop"><a href="#summary">back to summary</a></p>
<h2 id="m3">com.adv.qa.selenium.tests.currency.A001A_On_line_AuditingTest:verify</h2>
<table cellspacing="0" cellpadding="0" class="result">
<tr class="param"><th>Parameter #1</th></tr>
<tr class="param stripe"><td>[DataUnit [userName = SYSTEM], DataUnit [passWord = E5], DataUnit [code = XDJ], DataUnit [tableValue1 = TPB%], DataUnit [tableValue2 = TPB%], DataUnit [entityValue1 = TPBSUPP], DataUnit [entityValue1 = 1], DataUnit [entityValue1 = 1], DataUnit [entityValue1 = 1], DataUnit [entityValue1 = 2], DataUnit [entityValue2 = TPBADDR], DataUnit [entityValue2 = 0], DataUnit [entityValue2 = 1], DataUnit [entityValue2 = 0], DataUnit [entityValue2 = 1]]</td>
</tr>
</table>
<p class="totop"><a href="#summary">back to summary</a></p>
<h1>suite2</h1>
<h2 id="m4">com.adv.qa.selenium.tests.currency.A003_Currency_Base_NonBase_RelationshipsTest:verify</h2>
<table cellspacing="0" cellpadding="0" class="result">
<tr class="param"><th>Parameter #1</th></tr>
<tr class="param stripe"><td>[DataUnit [userName = SYSTEM], DataUnit [passWord = E5], DataUnit [code = AGC], DataUnit [ukpusdCurrency = UKP], DataUnit [ukpusdCurrency = USD], DataUnit [ukpusdCurrency = Base to Non-Base], DataUnit [ukpusdCurrency = 1], DataUnit [ukpusdCurrency = 1.0], DataUnit [ukpusdCurrency = 1.0], DataUnit [ukpeurCurrency = UKP], DataUnit [ukpeurCurrency = EUR], DataUnit [ukpeurCurrency = Base to Non-Base], DataUnit [ukpeurCurrency = 1], DataUnit [ukpeurCurrency = 1.00], DataUnit [ukpeurCurrency = 1.00], DataUnit [eurukpCurrency = EUR], DataUnit [eurukpCurrency = UKP], DataUnit [eurukpCurrency = Base to Non-Base], DataUnit [eurukpCurrency = 1], DataUnit [eurukpCurrency = 1.0], DataUnit [eurukpCurrency = 1.0], DataUnit [usdukpCurrency = USD], DataUnit [usdukpCurrency = UKP], DataUnit [usdukpCurrency = Base to Non-Base], DataUnit [usdukpCurrency = 1], DataUnit [usdukpCurrency = 1.0], DataUnit [usdukpCurrency = 1.0], DataUnit [frfukpCuurency = FRF], DataUnit [frfukpCuurency = UKP], DataUnit [frfukpCuurency = Non-base to Base], DataUnit [frfukpCuurency = 1], DataUnit [frfukpCuurency = 1.0], DataUnit [frfukpCuurency = 1.0], DataUnit [demukpCurrency = DEM], DataUnit [demukpCurrency = UKP], DataUnit [demukpCurrency = Non-base to Base], DataUnit [demukpCurrency = 1], DataUnit [demukpCurrency = 1.0], DataUnit [demukpCurrency = 1.0], DataUnit [ukpfrfCurrency = UKP], DataUnit [ukpfrfCurrency = FRF], DataUnit [ukpfrfCurrency = Base to Non-Base], DataUnit [ukpfrfCurrency = 1], DataUnit [ukpfrfCurrency = 1.00], DataUnit [ukpfrfCurrency = 1.00], DataUnit [ukpdemCurrency = UKP], DataUnit [ukpdemCurrency = DEM], DataUnit [ukpdemCurrency = Base to Non-Base], DataUnit [ukpdemCurrency = 1], DataUnit [ukpdemCurrency = 1.0], DataUnit [ukpdemCurrency = 1.0]]</td>
</tr>
<tr><td>
<div class="stacktrace">java.lang.IndexOutOfBoundsException: Index: 0, Size: 0
	at java.util.ArrayList.rangeCheck(Unknown Source)
	at java.util.ArrayList.get(Unknown Source)
	at com.adv.qa.selenium.framework.pageObjects.currency.CurrencyPage.clickOnSections(CurrencyPage.java:729)
	at com.adv.qa.selenium.framework.pageObjects.currency.CurrencyPage.searchValue(CurrencyPage.java:2063)
	at com.adv.qa.selenium.tests.currency.A003_Currency_Base_NonBase_RelationshipsTest.verifyValues(A003_Currency_Base_NonBase_RelationshipsTest.java:104)
	at com.adv.qa.selenium.tests.currency.A003_Currency_Base_NonBase_RelationshipsTest.verify(A003_Currency_Base_NonBase_RelationshipsTest.java:76)
	at sun.reflect.NativeMethodAccessorImpl.invoke0(Native Method)
	at sun.reflect.NativeMethodAccessorImpl.invoke(Unknown Source)
	at sun.reflect.DelegatingMethodAccessorImpl.invoke(Unknown Source)
	at java.lang.reflect.Method.invoke(Unknown Source)
	at org.testng.internal.MethodInvocationHelper.invokeMethod(MethodInvocationHelper.java:104)
	at org.testng.internal.InvokeMethodRunnable.runOne(InvokeMethodRunnable.java:54)
	at org.testng.internal.InvokeMethodRunnable.run(InvokeMethodRunnable.java:44)
	at java.util.concurrent.Executors$RunnableAdapter.call(Unknown Source)
	at java.util.concurrent.FutureTask.run(Unknown Source)
	at java.util.concurrent.ThreadPoolExecutor.runWorker(Unknown Source)
	at java.util.concurrent.ThreadPoolExecutor$Worker.run(Unknown Source)
	at java.lang.Thread.run(Unknown Source)
</div>
</td></tr>
</table>
<p class="totop"><a href="#summary">back to summary</a></p>
<h2 id="m5">com.adv.qa.selenium.tests.currency.A006_Company_DefinitionTest:verify</h2>
<table cellspacing="0" cellpadding="0" class="result">
<tr class="param"><th>Parameter #1</th></tr>
<tr class="param stripe"><td>[DataUnit [userName = SYSTEM], DataUnit [passWord = E5], DataUnit [code = AAE], DataUnit [companyDetails = ICA IM AP GL Pm CMPY IN PROGRESS], DataUnit [companyDetails = ICA IM AP GL Pm CMPY IN PROGRESS], DataUnit [companyDetails = FIRST ADDRESS LINE], DataUnit [companyDetails = SECOND ADDRESS LINE], DataUnit [companyDetails = THIRD ADDRESS LINE], DataUnit [companyDetails = FOURTH ADDRESS LINE], DataUnit [companyDetails = FIFTH ADDRESS LINE], DataUnit [companyDetails = SIXTH ADDRESS LINE], DataUnit [companyDetails = NE23 9NA], DataUnit [companyDetails = 0191 444XXX], DataUnit [companyDetails = 0191 402XXX], DataUnit [companyDetails = UK], DataUnit [companyDetails = UKP]]</td>
</tr>
<tr><td>
<div class="stacktrace">java.lang.AssertionError: New company id IM not displayed in the list expected [true] but found [false]
	at org.testng.Assert.fail(Assert.java:94)
	at org.testng.Assert.failNotEquals(Assert.java:513)
	at org.testng.Assert.assertTrue(Assert.java:42)
	at com.adv.qa.selenium.framework.Assert.assertTrue(Assert.java:43)
	at com.adv.qa.selenium.tests.currency.A006_Company_DefinitionTest.verify(A006_Company_DefinitionTest.java:92)
	at sun.reflect.NativeMethodAccessorImpl.invoke0(Native Method)
	at sun.reflect.NativeMethodAccessorImpl.invoke(Unknown Source)
	at sun.reflect.DelegatingMethodAccessorImpl.invoke(Unknown Source)
	at java.lang.reflect.Method.invoke(Unknown Source)
	at org.testng.internal.MethodInvocationHelper.invokeMethod(MethodInvocationHelper.java:104)
	at org.testng.internal.InvokeMethodRunnable.runOne(InvokeMethodRunnable.java:54)
	at org.testng.internal.InvokeMethodRunnable.run(InvokeMethodRunnable.java:44)
	at java.util.concurrent.Executors$RunnableAdapter.call(Unknown Source)
	at java.util.concurrent.FutureTask.run(Unknown Source)
	at java.util.concurrent.ThreadPoolExecutor.runWorker(Unknown Source)
	at java.util.concurrent.ThreadPoolExecutor$Worker.run(Unknown Source)
	at java.lang.Thread.run(Unknown Source)
</div>
</td></tr>
</table>
<p class="totop"><a href="#summary">back to summary</a></p>
<h1>suite3</h1>
<h2 id="m6">com.adv.qa.selenium.tests.currency.A005_Currency_Exchange_RatesTest:verify</h2>
<table cellspacing="0" cellpadding="0" class="result">
<tr class="param"><th>Parameter #1</th></tr>
<tr class="param stripe"><td>[DataUnit [userName = SYSTEM], DataUnit [passWord = E5], DataUnit [code = AGI], DataUnit [value = UKP], DataUnit [ukpusdCurrency = UKP], DataUnit [ukpusdCurrency = FRF], DataUnit [ukpusdCurrency = IM], DataUnit [ukpusdCurrency = 01 Dec 1997], DataUnit [ukpusdCurrency = 1.54], DataUnit [ukpusdCurrency = 1.0], DataUnit [ukpusdCurrency = 1.0], DataUnit [ukpfrfCurrency = UKP], DataUnit [ukpfrfCurrency = FRF], DataUnit [ukpfrfCurrency = IM], DataUnit [ukpfrfCurrency = 01 Dec 1997], DataUnit [ukpfrfCurrency = 8.280000], DataUnit [ukpfrfCurrency = 1.00], DataUnit [ukpfrfCurrency = 1.00], DataUnit [ukpdemCurrency = UKP], DataUnit [ukpdemCurrency = DEM], DataUnit [ukpdemCurrency = IM], DataUnit [ukpdemCurrency = 01 Dec 1997], DataUnit [ukpdemCurrency = 2.45], DataUnit [ukpdemCurrency = 1.0], DataUnit [ukpdemCurrency = 1.0], DataUnit [ukpeurCurrency = UKP], DataUnit [ukpeurCurrency = EUR], DataUnit [ukpeurCurrency = IM], DataUnit [ukpeurCurrency = 01 Jan 1998], DataUnit [ukpeurCurrency = 1.26087], DataUnit [ukpeurCurrency = 1.0], DataUnit [ukpeurCurrency = 1.0], DataUnit [eurukpCurrency = EUR], DataUnit [eurukpCurrency = UKP], DataUnit [eurukpCurrency = IM], DataUnit [eurukpCurrency = 01 Jan 1998], DataUnit [eurukpCurrency = 0.793103], DataUnit [eurukpCurrency = 1.0], DataUnit [eurukpCurrency = 1.0]]</td>
</tr>
<tr><td>
<div class="stacktrace">org.openqa.selenium.NoSuchElementException: Unable to locate element: //input[starts-with(@name,&apos;BASE-CURR_&apos;)]
For documentation on this error, please visit: http://seleniumhq.org/exceptions/no_such_element.html
Build info: version: &apos;unknown&apos;, revision: &apos;1969d75&apos;, time: &apos;2016-10-18 09:43:45 -0700&apos;
System info: host: &apos;ChetnaM-PC&apos;, ip: &apos;10.31.16.11&apos;, os.name: &apos;Windows 10&apos;, os.arch: &apos;amd64&apos;, os.version: &apos;10.0&apos;, java.version: &apos;1.8.0_112&apos;
Driver info: org.openqa.selenium.firefox.FirefoxDriver
Capabilities [{rotatable=false, raisesAccessibilityExceptions=false, marionette=true, firefoxOptions={args=[], prefs={}}, appBuildId=20160421124000, version=, platform=XP, proxy={}, specificationLevel=1, acceptSslCerts=false, browserVersion=46.0, platformVersion=10.0, XULappId={ec8030f7-c20a-464f-9b0e-13a3a9e97384}, browserName=Firefox, takesScreenshot=true, takesElementScreenshot=true, platformName=Windows_NT, device=desktop}]
Session ID: 57db3c79-9414-4f22-a8cf-73693dff6ad0
*** Element info: {Using=xpath, value=//input[starts-with(@name,&apos;BASE-CURR_&apos;)]}
	at sun.reflect.NativeConstructorAccessorImpl.newInstance0(Native Method)
	at sun.reflect.NativeConstructorAccessorImpl.newInstance(Unknown Source)
	at sun.reflect.DelegatingConstructorAccessorImpl.newInstance(Unknown Source)
	at java.lang.reflect.Constructor.newInstance(Unknown Source)
	at org.openqa.selenium.remote.http.W3CHttpResponseCodec.createException(W3CHttpResponseCodec.java:127)
	at org.openqa.selenium.remote.http.W3CHttpResponseCodec.decode(W3CHttpResponseCodec.java:93)
	at org.openqa.selenium.remote.http.W3CHttpResponseCodec.decode(W3CHttpResponseCodec.java:42)
	at org.openqa.selenium.remote.HttpCommandExecutor.execute(HttpCommandExecutor.java:163)
	at org.openqa.selenium.remote.service.DriverCommandExecutor.execute(DriverCommandExecutor.java:82)
	at org.openqa.selenium.remote.RemoteWebDriver.execute(RemoteWebDriver.java:601)
	at org.openqa.selenium.remote.RemoteWebDriver.findElement(RemoteWebDriver.java:368)
	at org.openqa.selenium.remote.RemoteWebDriver.findElementByXPath(RemoteWebDriver.java:473)
	at org.openqa.selenium.By$ByXPath.findElement(By.java:361)
	at org.openqa.selenium.remote.RemoteWebDriver.findElement(RemoteWebDriver.java:360)
	at sun.reflect.GeneratedMethodAccessor9.invoke(Unknown Source)
	at sun.reflect.DelegatingMethodAccessorImpl.invoke(Unknown Source)
	at java.lang.reflect.Method.invoke(Unknown Source)
	at org.openqa.selenium.support.events.EventFiringWebDriver$2.invoke(EventFiringWebDriver.java:103)
	at com.sun.proxy.$Proxy9.findElement(Unknown Source)
	at org.openqa.selenium.support.events.EventFiringWebDriver.findElement(EventFiringWebDriver.java:187)
	at com.adv.qa.selenium.framework.pageObjects.currency.CurrencyPage.enterCurrencyExchangeRateDetails(CurrencyPage.java:2831)
	at com.adv.qa.selenium.tests.currency.A005_Currency_Exchange_RatesTest.createCurrencyExchange(A005_Currency_Exchange_RatesTest.java:88)
	at com.adv.qa.selenium.tests.currency.A005_Currency_Exchange_RatesTest.verify(A005_Currency_Exchange_RatesTest.java:66)
	at sun.reflect.NativeMethodAccessorImpl.invoke0(Native Method)
	at sun.reflect.NativeMethodAccessorImpl.invoke(Unknown Source)
	at sun.reflect.DelegatingMethodAccessorImpl.invoke(Unknown Source)
	at java.lang.reflect.Method.invoke(Unknown Source)
	at org.testng.internal.MethodInvocationHelper.invokeMethod(MethodInvocationHelper.java:104)
	at org.testng.internal.InvokeMethodRunnable.runOne(InvokeMethodRunnable.java:54)
	at org.testng.internal.InvokeMethodRunnable.run(InvokeMethodRunnable.java:44)
	at java.util.concurrent.Executors$RunnableAdapter.call(Unknown Source)
	at java.util.concurrent.FutureTask.run(Unknown Source)
	at java.util.concurrent.ThreadPoolExecutor.runWorker(Unknown Source)
	at java.util.concurrent.ThreadPoolExecutor$Worker.run(Unknown Source)
	at java.lang.Thread.run(Unknown Source)
</div>
</td></tr>
</table>
<p class="totop"><a href="#summary">back to summary</a></p>
<h2 id="m7">com.adv.qa.selenium.tests.currency.A004A_Rate_Type_Currency_ExchangeTest:verify</h2>
<table cellspacing="0" cellpadding="0" class="result">
<tr class="param"><th>Parameter #1</th></tr>
<tr class="param stripe"><td>[DataUnit [userName = SYSTEM], DataUnit [passWord = E5], DataUnit [code = AGE], DataUnit [RateType = IM], DataUnit [RateType = CO BOBS BISCUIT FACTORY]]</td>
</tr>
</table>
<p class="totop"><a href="#summary">back to summary</a></p>
<h2 id="m8">com.adv.qa.selenium.tests.currency.A004_Currency_Exchange_Rate_TypesTest:verify</h2>
<table cellspacing="0" cellpadding="0" class="result">
<tr class="param"><th>Parameter #1</th></tr>
<tr class="param stripe"><td>[DataUnit [userName = SYSTEM], DataUnit [passWord = E5], DataUnit [code = AGG], DataUnit [ukpusdCurrency = UKP], DataUnit [ukpusdCurrency = USD], DataUnit [ukpusdCurrency = IM], DataUnit [ukpfrfCurrency = UKP], DataUnit [ukpfrfCurrency = FRF], DataUnit [ukpfrfCurrency = IM], DataUnit [ukpdemCurrency = UKP], DataUnit [ukpdemCurrency = DEM], DataUnit [ukpdemCurrency = IM], DataUnit [ukpeurCurrency = UKP], DataUnit [ukpeurCurrency = EUR], DataUnit [ukpeurCurrency = IM], DataUnit [eurukpCurrency = EUR], DataUnit [eurukpCurrency = UKP], DataUnit [eurukpCurrency = IM], DataUnit [demukpCurrency = DEM], DataUnit [demukpCurrency = UKP], DataUnit [demukpCurrency = IM], DataUnit [frfukpCurrency = FRF], DataUnit [frfukpCurrency = UKP], DataUnit [frfukpCurrency = IM]]</td>
</tr>
</table>
<p class="totop"><a href="#summary">back to summary</a></p>
<h1>suite4</h1>
<h2 id="m9">com.adv.qa.selenium.tests.currency.A009_Distribution_ProfileTest:verify</h2>
<table cellspacing="0" cellpadding="0" class="result">
<tr class="param"><th>Parameter #1</th></tr>
<tr class="param stripe"><td>[DataUnit [userName = SYSTEM], DataUnit [passWord = E5], DataUnit [code = AOJ], DataUnit [value = %], DataUnit [profileDetails = CMS110], DataUnit [profileDetails = CMS111 Distribution Profile], DataUnit [profileDetails = CMS110], DataUnit [profileDetails = 1], DataUnit [profileDetails1 = CMS220], DataUnit [profileDetails1 = CMS222 Distribution Profile], DataUnit [profileDetails1 = CMS220], DataUnit [profileDetails1 = 1]]</td>
</tr>
</table>
<p class="totop"><a href="#summary">back to summary</a></p>
<h2 id="m10">com.adv.qa.selenium.tests.currency.A008_DestinationsTest:verify</h2>
<table cellspacing="0" cellpadding="0" class="result">
<tr class="param"><th>Parameter #1</th></tr>
<tr class="param stripe"><td>[DataUnit [userName = SYSTEM], DataUnit [passWord = E5], DataUnit [code = ANC], DataUnit [firstDestination = CMS110], DataUnit [firstDestination = Output to Spool], DataUnit [firstDestination = 3], DataUnit [secondDestination = CMS220], DataUnit [secondDestination = Output to Spool], DataUnit [secondDestination = 3]]</td>
</tr>
</table>
<p class="totop"><a href="#summary">back to summary</a></p>
<h2 id="m11">com.adv.qa.selenium.tests.currency.A007_DevicesTest:verify</h2>
<table cellspacing="0" cellpadding="0" class="result">
<tr class="param"><th>Parameter #1</th></tr>
<tr class="param stripe"><td>[DataUnit [userName = SYSTEM], DataUnit [passWord = E5], DataUnit [code = ANS], DataUnit [deviceDetails = CMSE5H4], DataUnit [deviceDetails = E5H5 TEST ENVIRONMENT GROUP], DataUnit [deviceDetails = SYSOUT=A,], DataUnit [deviceDetails = LRECL=133,], DataUnit [deviceDetails = BLKSIZE=133,], DataUnit [deviceDetails = RECFM=FBA,], DataUnit [deviceDetails = DEST=(LOCAL,CMS123)]]</td>
</tr>
</table>
<p class="totop"><a href="#summary">back to summary</a></p>
<h2 id="m12">com.adv.qa.selenium.tests.currency.A010_Environment_Groups_Test:verify</h2>
<table cellspacing="0" cellpadding="0" class="result">
<tr class="param"><th>Parameter #1</th></tr>
<tr class="param stripe"><td>[DataUnit [userName = SYSTEM], DataUnit [passWord = E5], DataUnit [code = AFA], DataUnit [firstDestination = CMS1IM], DataUnit [firstDestination = Output to SPOOL], DataUnit [firstDestination = 1439], DataUnit [firstDestination = 0], DataUnit [firstDestination = 5], DataUnit [firstDestination = 2], DataUnit [firstDestination = CMS110], DataUnit [secondDestination = CMS2IM], DataUnit [secondDestination = Output to SPOOL], DataUnit [secondDestination = 1439], DataUnit [secondDestination = 0], DataUnit [secondDestination = 2], DataUnit [secondDestination = 2], DataUnit [secondDestination = CMS220]]</td>
</tr>
</table>
<p class="totop"><a href="#summary">back to summary</a></p>
<h1>suite5</h1>
<h2 id="m13">com.adv.qa.selenium.tests.currency.A011_UsersTest:verify</h2>
<table cellspacing="0" cellpadding="0" class="result">
<tr class="param"><th>Parameter #1</th></tr>
<tr class="param stripe"><td>[DataUnit [userName = SYSTEM], DataUnit [passWord = E5], DataUnit [code = AFC], DataUnit [firstUser = QUERY], DataUnit [firstUser = QUERY], DataUnit [firstUser = QMAIN], DataUnit [firstUser = E5], DataUnit [firstUser = STD], DataUnit [firstUser = STD], DataUnit [firstUser = STD], DataUnit [firstUser = STD], DataUnit [firstUser = STD], DataUnit [firstUser = A1], DataUnit [firstUser = 00], DataUnit [secondUser = ADMIN], DataUnit [secondUser = Admin User], DataUnit [secondUser = QMAIN], DataUnit [secondUser = E5], DataUnit [secondUser = STD], DataUnit [secondUser = STD], DataUnit [secondUser = STD], DataUnit [secondUser = STD], DataUnit [secondUser = STD], DataUnit [secondUser = A1], DataUnit [secondUser = 00], DataUnit [thirdUser = MANAGER], DataUnit [thirdUser = MANAGER], DataUnit [thirdUser = QMAIN], DataUnit [thirdUser = E5], DataUnit [thirdUser = STD], DataUnit [thirdUser = STD], DataUnit [thirdUser = STD], DataUnit [thirdUser = STD], DataUnit [thirdUser = STD], DataUnit [thirdUser = A1], DataUnit [thirdUser = 00], DataUnit [fourthUser = EMPLOYEE], DataUnit [fourthUser = Employee], DataUnit [fourthUser = QMAIN], DataUnit [fourthUser = E5], DataUnit [fourthUser = STD], DataUnit [fourthUser = STD], DataUnit [fourthUser = STD], DataUnit [fourthUser = STD], DataUnit [fourthUser = STD], DataUnit [fourthUser = A1], DataUnit [fourthUser = 00], DataUnit [fifthUser = BM], DataUnit [fifthUser = BM TEST], DataUnit [fifthUser = QMAIN], DataUnit [fifthUser = E5], DataUnit [fifthUser = STD], DataUnit [fifthUser = STD], DataUnit [fifthUser = STD], DataUnit [fifthUser = STD], DataUnit [fifthUser = STD], DataUnit [fifthUser = A1], DataUnit [fifthUser = 00], DataUnit [sixthUser = BM1], DataUnit [sixthUser = BM1 TEST], DataUnit [sixthUser = QMAIN], DataUnit [sixthUser = E5], DataUnit [sixthUser = STD], DataUnit [sixthUser = STD], DataUnit [sixthUser = STD], DataUnit [sixthUser = STD], DataUnit [sixthUser = STD], DataUnit [sixthUser = A1], DataUnit [sixthUser = 00], DataUnit [userBuyer = BUYER], DataUnit [userBuyer = BUYER], DataUnit [userBuyer = QMAIN], DataUnit [userBuyer = E5], DataUnit [userBuyer = STD], DataUnit [userBuyer = STD], DataUnit [userBuyer = STD], DataUnit [userBuyer = STD], DataUnit [userBuyer = STD], DataUnit [userBuyer = A1], DataUnit [userBuyer = 00], DataUnit [userEXPED = EXPED], DataUnit [userEXPED = EXPED], DataUnit [userEXPED = QMAIN], DataUnit [userEXPED = E5], DataUnit [userEXPED = STD], DataUnit [userEXPED = STD], DataUnit [userEXPED = STD], DataUnit [userEXPED = STD], DataUnit [userEXPED = STD], DataUnit [userEXPED = A1], DataUnit [userEXPED = 00], DataUnit [userGREC = GREC], DataUnit [userGREC = GREC], DataUnit [userGREC = QMAIN], DataUnit [userGREC = E5], DataUnit [userGREC = STD], DataUnit [userGREC = STD], DataUnit [userGREC = STD], DataUnit [userGREC = STD], DataUnit [userGREC = STD], DataUnit [userGREC = A1], DataUnit [userGREC = 00]]</td>
</tr>
</table>
<p class="totop"><a href="#summary">back to summary</a></p>
<h1>suite6</h1>
<h2 id="m14">com.adv.qa.selenium.tests.currency.A013_Fiscal_CalendarTest:verify</h2>
<table cellspacing="0" cellpadding="0" class="result">
<tr class="param"><th>Parameter #1</th></tr>
<tr class="param stripe"><td>[DataUnit [userName = SYSTEM], DataUnit [passWord = E5], DataUnit [code = API], DataUnit [calendar = IMFISCAL], DataUnit [calendar = AC FISCAL CALENDAR], DataUnit [calendar = IM], DataUnit [calendar = Sunday], DataUnit [calendar = LEVEL 0], DataUnit [calendar = level 0], DataUnit [calendar = IMMONTH], DataUnit [year96 = 1996], DataUnit [year96 = 96], DataUnit [year96 = 01-Jan-1996], DataUnit [year96 = 31-Dec-1996], DataUnit [year96 = Y], DataUnit [year97 = 1997], DataUnit [year97 = 97], DataUnit [year97 = 01-Jan-1997], DataUnit [year97 = 31-Dec-1997], DataUnit [year97 = Y], DataUnit [year98 = 1998], DataUnit [year98 = 98], DataUnit [year98 = 01-Jan-1998], DataUnit [year98 = 31-Dec-1998], DataUnit [year98 = Y], DataUnit [year99 = 1999], DataUnit [year99 = 99], DataUnit [year99 = 01-Jan-1999], DataUnit [year99 = 31-Dec-1999], DataUnit [year99 = Y], DataUnit [year2000 = 2000], DataUnit [year2000 = 2000], DataUnit [year2000 = 01-Jan-2000], DataUnit [year2000 = 31-Dec-2000], DataUnit [year2000 = Y], DataUnit [year2001 = 2001], DataUnit [year2001 = 2001], DataUnit [year2001 = 01-Jan-2001], DataUnit [year2001 = 31-Dec-2001], DataUnit [year2001 = Y], DataUnit [year2002 = 2002], DataUnit [year2002 = 2002], DataUnit [year2002 = 01-Jan-2002], DataUnit [year2002 = 31-Dec-2002], DataUnit [year2002 = Y], DataUnit [year2003 = 2003], DataUnit [year2003 = 2003], DataUnit [year2003 = 01-Jan-2003], DataUnit [year2003 = 31-Dec-2003], DataUnit [year2003 = Y], DataUnit [year2004 = 2004], DataUnit [year2004 = 2004], DataUnit [year2004 = 01-Jan-2004], DataUnit [year2004 = 31-Dec-2004], DataUnit [year2004 = Y], DataUnit [year2005 = 2005], DataUnit [year2005 = 2005], DataUnit [year2005 = 01-Jan-2005], DataUnit [year2005 = 31-Dec-2005], DataUnit [year2005 = Y], DataUnit [year2006 = 2006], DataUnit [year2006 = 2006], DataUnit [year2006 = 01-Jan-2006], DataUnit [year2006 = 31-Dec-2006], DataUnit [year2006 = Y], DataUnit [year2007 = 2007], DataUnit [year2007 = 2007], DataUnit [year2007 = 01-Jan-2007], DataUnit [year2007 = 31-Dec-2007], DataUnit [year2007 = Y], DataUnit [year2008 = 2008], DataUnit [year2008 = 2008], DataUnit [year2008 = 01-Jan-2008], DataUnit [year2008 = 31-Dec-2008], DataUnit [year2008 = Y], DataUnit [year2009 = 2009], DataUnit [year2009 = 2009], DataUnit [year2009 = 01-Jan-2009], DataUnit [year2009 = 31-Dec-2009], DataUnit [year2009 = Y], DataUnit [year2010 = 2010], DataUnit [year2010 = 2010], DataUnit [year2010 = 01-Jan-2010], DataUnit [year2010 = 31-Dec-2010], DataUnit [year2010 = Y], DataUnit [year2011 = 2011], DataUnit [year2011 = 2011], DataUnit [year2011 = 01-Jan-2011], DataUnit [year2011 = 31-Dec-2011], DataUnit [year2011 = Y], DataUnit [year2012 = 2012], DataUnit [year2012 = 2012], DataUnit [year2012 = 01-Jan-2012], DataUnit [year2012 = 31-Dec-2012], DataUnit [year2012 = Y], DataUnit [year2013 = 2013], DataUnit [year2013 = 2013], DataUnit [year2013 = 01-Jan-2013], DataUnit [year2013 = 31-Dec-2013], DataUnit [year2013 = Y], DataUnit [year2014 = 2014], DataUnit [year2014 = 2014], DataUnit [year2014 = 01-Jan-2014], DataUnit [year2014 = 31-Dec-2014], DataUnit [year2014 = Y], DataUnit [year2015 = 2015], DataUnit [year2015 = 2015], DataUnit [year2015 = 01-Jan-2015], DataUnit [year2015 = 31-Dec-2015], DataUnit [year2015 = Y], DataUnit [year2016 = 2016], DataUnit [year2016 = 2016], DataUnit [year2016 = 01-Jan-2016], DataUnit [year2016 = 31-Dec-2016], DataUnit [year2016 = Y], DataUnit [year2017 = 2017], DataUnit [year2017 = 2017], DataUnit [year2017 = 01-Jan-2017], DataUnit [year2017 = 31-Dec-2017], DataUnit [year2017 = Y], DataUnit [year2018 = 2018], DataUnit [year2018 = 2018], DataUnit [year2018 = 01-Jan-2018], DataUnit [year2018 = 31-Dec-2018], DataUnit [year2018 = Y], DataUnit [year2019 = 2019], DataUnit [year2019 = 2019], DataUnit [year2019 = 01-Jan-2019], DataUnit [year2019 = 31-Dec-2019], DataUnit [year2019 = Y]]</td>
</tr>
<tr><td>
<div class="stacktrace">java.lang.AssertionError: New calendar activity IMFISCAL not displayed in the list expected [true] but found [false]
	at org.testng.Assert.fail(Assert.java:94)
	at org.testng.Assert.failNotEquals(Assert.java:513)
	at org.testng.Assert.assertTrue(Assert.java:42)
	at com.adv.qa.selenium.framework.Assert.assertTrue(Assert.java:43)
	at com.adv.qa.selenium.tests.currency.A013_Fiscal_CalendarTest.verify(A013_Fiscal_CalendarTest.java:136)
	at sun.reflect.NativeMethodAccessorImpl.invoke0(Native Method)
	at sun.reflect.NativeMethodAccessorImpl.invoke(Unknown Source)
	at sun.reflect.DelegatingMethodAccessorImpl.invoke(Unknown Source)
	at java.lang.reflect.Method.invoke(Unknown Source)
	at org.testng.internal.MethodInvocationHelper.invokeMethod(MethodInvocationHelper.java:104)
	at org.testng.internal.InvokeMethodRunnable.runOne(InvokeMethodRunnable.java:54)
	at org.testng.internal.InvokeMethodRunnable.run(InvokeMethodRunnable.java:44)
	at java.util.concurrent.Executors$RunnableAdapter.call(Unknown Source)
	at java.util.concurrent.FutureTask.run(Unknown Source)
	at java.util.concurrent.ThreadPoolExecutor.runWorker(Unknown Source)
	at java.util.concurrent.ThreadPoolExecutor$Worker.run(Unknown Source)
	at java.lang.Thread.run(Unknown Source)
</div>
</td></tr>
</table>
<p class="totop"><a href="#summary">back to summary</a></p>
<h2 id="m15">com.adv.qa.selenium.tests.currency.A012_CalendarsTest:verify</h2>
<table cellspacing="0" cellpadding="0" class="result">
<tr class="param"><th>Parameter #1</th></tr>
<tr class="param stripe"><td>[DataUnit [userName = SYSTEM], DataUnit [passWord = E5], DataUnit [code = APC], DataUnit [calendarActivity = IMDAY], DataUnit [calendarActivity = CO IM DAILY], DataUnit [calendarActivity = Daily], DataUnit [calendarActivity = 1], DataUnit [calendarActivity = 2], DataUnit [calendarActivity = day], DataUnit [calendarActivity = 3], DataUnit [calendarActivity = 4], DataUnit [calendarActivity = 5], DataUnit [calendarActivity = 6], DataUnit [calendarActivity = 7], DataUnit [calendarMonthActivity = IMMONTH], DataUnit [calendarMonthActivity = CO IM MONTHLY], DataUnit [calendarMonthActivity = Monthly], DataUnit [calendarMonthActivity = 31], DataUnit [calendarMonthActivity = Monday], DataUnit [calendarMonthActivity = month]]</td>
</tr>
</table>
<p class="totop"><a href="#summary">back to summary</a></p>
<h1>suite7</h1>
<h2 id="m16">com.adv.qa.selenium.tests.currency.A015_BalanceSheetTest:verify</h2>
<table cellspacing="0" cellpadding="0" class="result">
<tr class="param"><th>Parameter #1</th></tr>
<tr class="param stripe"><td>[DataUnit [userName = SYSTEM], DataUnit [passWord = E5], DataUnit [code = EAT], DataUnit [balanceSheetControl = N], DataUnit [balanceSheetControl = Normal B/S (N)]]</td>
</tr>
<tr><td>
<div class="stacktrace">org.openqa.selenium.NoSuchElementException: Unable to locate element: //input[starts-with(@name,&apos;FRMAT_&apos;)]
For documentation on this error, please visit: http://seleniumhq.org/exceptions/no_such_element.html
Build info: version: &apos;unknown&apos;, revision: &apos;1969d75&apos;, time: &apos;2016-10-18 09:43:45 -0700&apos;
System info: host: &apos;ChetnaM-PC&apos;, ip: &apos;10.31.16.11&apos;, os.name: &apos;Windows 10&apos;, os.arch: &apos;amd64&apos;, os.version: &apos;10.0&apos;, java.version: &apos;1.8.0_112&apos;
Driver info: org.openqa.selenium.firefox.FirefoxDriver
Capabilities [{rotatable=false, raisesAccessibilityExceptions=false, marionette=true, firefoxOptions={args=[], prefs={}}, appBuildId=20160421124000, version=, platform=XP, proxy={}, specificationLevel=1, acceptSslCerts=false, browserVersion=46.0, platformVersion=10.0, XULappId={ec8030f7-c20a-464f-9b0e-13a3a9e97384}, browserName=Firefox, takesScreenshot=true, takesElementScreenshot=true, platformName=Windows_NT, device=desktop}]
Session ID: 2f09fbae-b29f-43bd-a877-ea2fcbe7e0d4
*** Element info: {Using=xpath, value=//input[starts-with(@name,&apos;FRMAT_&apos;)]}
	at sun.reflect.NativeConstructorAccessorImpl.newInstance0(Native Method)
	at sun.reflect.NativeConstructorAccessorImpl.newInstance(Unknown Source)
	at sun.reflect.DelegatingConstructorAccessorImpl.newInstance(Unknown Source)
	at java.lang.reflect.Constructor.newInstance(Unknown Source)
	at org.openqa.selenium.remote.http.W3CHttpResponseCodec.createException(W3CHttpResponseCodec.java:127)
	at org.openqa.selenium.remote.http.W3CHttpResponseCodec.decode(W3CHttpResponseCodec.java:93)
	at org.openqa.selenium.remote.http.W3CHttpResponseCodec.decode(W3CHttpResponseCodec.java:42)
	at org.openqa.selenium.remote.HttpCommandExecutor.execute(HttpCommandExecutor.java:163)
	at org.openqa.selenium.remote.service.DriverCommandExecutor.execute(DriverCommandExecutor.java:82)
	at org.openqa.selenium.remote.RemoteWebDriver.execute(RemoteWebDriver.java:601)
	at org.openqa.selenium.remote.RemoteWebDriver.findElement(RemoteWebDriver.java:368)
	at org.openqa.selenium.remote.RemoteWebDriver.findElementByXPath(RemoteWebDriver.java:473)
	at org.openqa.selenium.By$ByXPath.findElement(By.java:361)
	at org.openqa.selenium.remote.RemoteWebDriver.findElement(RemoteWebDriver.java:360)
	at sun.reflect.GeneratedMethodAccessor9.invoke(Unknown Source)
	at sun.reflect.DelegatingMethodAccessorImpl.invoke(Unknown Source)
	at java.lang.reflect.Method.invoke(Unknown Source)
	at org.openqa.selenium.support.events.EventFiringWebDriver$2.invoke(EventFiringWebDriver.java:103)
	at com.sun.proxy.$Proxy9.findElement(Unknown Source)
	at org.openqa.selenium.support.events.EventFiringWebDriver.findElement(EventFiringWebDriver.java:187)
	at com.adv.qa.selenium.framework.pageObjects.currency.CurrencyPage.enterBalanceSheetControls(CurrencyPage.java:1668)
	at com.adv.qa.selenium.tests.currency.A015_BalanceSheetTest.verify(A015_BalanceSheetTest.java:64)
	at sun.reflect.NativeMethodAccessorImpl.invoke0(Native Method)
	at sun.reflect.NativeMethodAccessorImpl.invoke(Unknown Source)
	at sun.reflect.DelegatingMethodAccessorImpl.invoke(Unknown Source)
	at java.lang.reflect.Method.invoke(Unknown Source)
	at org.testng.internal.MethodInvocationHelper.invokeMethod(MethodInvocationHelper.java:104)
	at org.testng.internal.InvokeMethodRunnable.runOne(InvokeMethodRunnable.java:54)
	at org.testng.internal.InvokeMethodRunnable.run(InvokeMethodRunnable.java:44)
	at java.util.concurrent.Executors$RunnableAdapter.call(Unknown Source)
	at java.util.concurrent.FutureTask.run(Unknown Source)
	at java.util.concurrent.ThreadPoolExecutor.runWorker(Unknown Source)
	at java.util.concurrent.ThreadPoolExecutor$Worker.run(Unknown Source)
	at java.lang.Thread.run(Unknown Source)
</div>
</td></tr>
</table>
<p class="totop"><a href="#summary">back to summary</a></p>
<h2 id="m17">com.adv.qa.selenium.tests.currency.A014_Account_Code_DefinitionTest:verify</h2>
<table cellspacing="0" cellpadding="0" class="result">
<tr class="param"><th>Parameter #1</th></tr>
<tr class="param stripe"><td>[DataUnit [userName = SYSTEM], DataUnit [passWord = E5], DataUnit [code = AKA], DataUnit [accountDefinition = A], DataUnit [accountCodeList = A], DataUnit [accountCodeList = 8], DataUnit [accountCodeList = Account Code], DataUnit [accountCodeList = ], DataUnit [accountCodeList = ], DataUnit [accountCodeList = ], DataUnit [accountCodeList = Account], DataUnit [accountCodeList = 7], DataUnit [costList = B], DataUnit [costList = 4], DataUnit [costList = Costcentre], DataUnit [costList = A], DataUnit [costList = ], DataUnit [costList = Y], DataUnit [costList = Cost], DataUnit [costList = 4], DataUnit [location = C], DataUnit [location = 4], DataUnit [location = Location], DataUnit [location = A], DataUnit [location = ], DataUnit [location = ], DataUnit [location = Locn], DataUnit [location = 4], DataUnit [product = 0], DataUnit [product = 12], DataUnit [product = Product], DataUnit [product = ], DataUnit [product = Y], DataUnit [product = Y], DataUnit [product = Product], DataUnit [product = 8]]</td>
</tr>
</table>
<p class="totop"><a href="#summary">back to summary</a></p>
<h1>suite8</h1>
<h2 id="m18">com.adv.qa.selenium.tests.currency.A016_Normal_Balance_Sheet_GroupsTest:verify</h2>
<table cellspacing="0" cellpadding="0" class="result">
<tr class="param"><th>Parameter #1</th></tr>
<tr class="param stripe"><td>[DataUnit [userName = BM], DataUnit [passWord = E5], DataUnit [code = EAI], DataUnit [value = N], DataUnit [aGroup = A], DataUnit [aGroup = B/S Group A Expenses], DataUnit [aGroup = 0], DataUnit [bGroup = B], DataUnit [bGroup = B/S Group B Purchasing], DataUnit [bGroup = 0], DataUnit [cGroup = C], DataUnit [cGroup = B/S Group C Purchasing], DataUnit [cGroup = 0], DataUnit [tGroup = T], DataUnit [tGroup = P/L Group T Purchasing], DataUnit [tGroup = 1]]</td>
</tr>
<tr><td>
<div class="stacktrace">org.openqa.selenium.NoSuchElementException: Unable to locate element: //fieldset/legend[text()=&apos;Command&apos;]/..//input[contains(@name,&apos;COMMAND&apos;)]
For documentation on this error, please visit: http://seleniumhq.org/exceptions/no_such_element.html
Build info: version: &apos;unknown&apos;, revision: &apos;1969d75&apos;, time: &apos;2016-10-18 09:43:45 -0700&apos;
System info: host: &apos;ChetnaM-PC&apos;, ip: &apos;10.31.16.11&apos;, os.name: &apos;Windows 10&apos;, os.arch: &apos;amd64&apos;, os.version: &apos;10.0&apos;, java.version: &apos;1.8.0_112&apos;
Driver info: org.openqa.selenium.firefox.FirefoxDriver
Capabilities [{rotatable=false, raisesAccessibilityExceptions=false, marionette=true, firefoxOptions={args=[], prefs={}}, appBuildId=20160421124000, version=, platform=XP, proxy={}, specificationLevel=1, acceptSslCerts=false, browserVersion=46.0, platformVersion=10.0, XULappId={ec8030f7-c20a-464f-9b0e-13a3a9e97384}, browserName=Firefox, takesScreenshot=true, takesElementScreenshot=true, platformName=Windows_NT, device=desktop}]
Session ID: 2c9be9dd-1cbb-487f-a940-ae38f8f277e5
*** Element info: {Using=xpath, value=//fieldset/legend[text()=&apos;Command&apos;]/..//input[contains(@name,&apos;COMMAND&apos;)]}
	at sun.reflect.NativeConstructorAccessorImpl.newInstance0(Native Method)
	at sun.reflect.NativeConstructorAccessorImpl.newInstance(Unknown Source)
	at sun.reflect.DelegatingConstructorAccessorImpl.newInstance(Unknown Source)
	at java.lang.reflect.Constructor.newInstance(Unknown Source)
	at org.openqa.selenium.remote.http.W3CHttpResponseCodec.createException(W3CHttpResponseCodec.java:127)
	at org.openqa.selenium.remote.http.W3CHttpResponseCodec.decode(W3CHttpResponseCodec.java:93)
	at org.openqa.selenium.remote.http.W3CHttpResponseCodec.decode(W3CHttpResponseCodec.java:42)
	at org.openqa.selenium.remote.HttpCommandExecutor.execute(HttpCommandExecutor.java:163)
	at org.openqa.selenium.remote.service.DriverCommandExecutor.execute(DriverCommandExecutor.java:82)
	at org.openqa.selenium.remote.RemoteWebDriver.execute(RemoteWebDriver.java:601)
	at org.openqa.selenium.remote.RemoteWebDriver.findElement(RemoteWebDriver.java:368)
	at org.openqa.selenium.remote.RemoteWebDriver.findElementByXPath(RemoteWebDriver.java:473)
	at org.openqa.selenium.By$ByXPath.findElement(By.java:361)
	at org.openqa.selenium.remote.RemoteWebDriver.findElement(RemoteWebDriver.java:360)
	at sun.reflect.GeneratedMethodAccessor9.invoke(Unknown Source)
	at sun.reflect.DelegatingMethodAccessorImpl.invoke(Unknown Source)
	at java.lang.reflect.Method.invoke(Unknown Source)
	at org.openqa.selenium.support.events.EventFiringWebDriver$2.invoke(EventFiringWebDriver.java:103)
	at com.sun.proxy.$Proxy9.findElement(Unknown Source)
	at org.openqa.selenium.support.events.EventFiringWebDriver.findElement(EventFiringWebDriver.java:187)
	at com.adv.qa.selenium.framework.pageObjects.currency.CurrencyPage.isCommandDisplayed(CurrencyPage.java:141)
	at com.adv.qa.selenium.tests.currency.A016_Normal_Balance_Sheet_GroupsTest.verify(A016_Normal_Balance_Sheet_GroupsTest.java:55)
	at sun.reflect.NativeMethodAccessorImpl.invoke0(Native Method)
	at sun.reflect.NativeMethodAccessorImpl.invoke(Unknown Source)
	at sun.reflect.DelegatingMethodAccessorImpl.invoke(Unknown Source)
	at java.lang.reflect.Method.invoke(Unknown Source)
	at org.testng.internal.MethodInvocationHelper.invokeMethod(MethodInvocationHelper.java:104)
	at org.testng.internal.InvokeMethodRunnable.runOne(InvokeMethodRunnable.java:54)
	at org.testng.internal.InvokeMethodRunnable.run(InvokeMethodRunnable.java:44)
	at java.util.concurrent.Executors$RunnableAdapter.call(Unknown Source)
	at java.util.concurrent.FutureTask.run(Unknown Source)
	at java.util.concurrent.ThreadPoolExecutor.runWorker(Unknown Source)
	at java.util.concurrent.ThreadPoolExecutor$Worker.run(Unknown Source)
	at java.lang.Thread.run(Unknown Source)
</div>
</td></tr>
</table>
<p class="totop"><a href="#summary">back to summary</a></p>
<h2 id="m19">com.adv.qa.selenium.tests.currency.A016A_Normal_Balance_Sheet_GroupsTest:verify</h2>
<table cellspacing="0" cellpadding="0" class="result">
<tr class="param"><th>Parameter #1</th></tr>
<tr class="param stripe"><td>[DataUnit [userName = BM1], DataUnit [passWord = E5], DataUnit [code = EAI], DataUnit [value = N], DataUnit [gGroup = G], DataUnit [gGroup = B/S PPV(Purchase Price Variance)], DataUnit [gGroup = 0], DataUnit [pGroup = P], DataUnit [pGroup = P/L  Group P], DataUnit [pGroup = 1], DataUnit [iGroup = I], DataUnit [iGroup = B/S Group I Inventory], DataUnit [iGroup = 0]]</td>
</tr>
<tr><td>
<div class="stacktrace">org.openqa.selenium.NoSuchElementException: Unable to locate element: //fieldset/legend[text()=&apos;Command&apos;]/..//input[contains(@name,&apos;COMMAND&apos;)]
For documentation on this error, please visit: http://seleniumhq.org/exceptions/no_such_element.html
Build info: version: &apos;unknown&apos;, revision: &apos;1969d75&apos;, time: &apos;2016-10-18 09:43:45 -0700&apos;
System info: host: &apos;ChetnaM-PC&apos;, ip: &apos;10.31.16.11&apos;, os.name: &apos;Windows 10&apos;, os.arch: &apos;amd64&apos;, os.version: &apos;10.0&apos;, java.version: &apos;1.8.0_112&apos;
Driver info: org.openqa.selenium.firefox.FirefoxDriver
Capabilities [{rotatable=false, raisesAccessibilityExceptions=false, marionette=true, firefoxOptions={args=[], prefs={}}, appBuildId=20160421124000, version=, platform=XP, proxy={}, specificationLevel=1, acceptSslCerts=false, browserVersion=46.0, platformVersion=10.0, XULappId={ec8030f7-c20a-464f-9b0e-13a3a9e97384}, browserName=Firefox, takesScreenshot=true, takesElementScreenshot=true, platformName=Windows_NT, device=desktop}]
Session ID: ce413032-1d97-45c3-bd34-ca5b90a2315b
*** Element info: {Using=xpath, value=//fieldset/legend[text()=&apos;Command&apos;]/..//input[contains(@name,&apos;COMMAND&apos;)]}
	at sun.reflect.NativeConstructorAccessorImpl.newInstance0(Native Method)
	at sun.reflect.NativeConstructorAccessorImpl.newInstance(Unknown Source)
	at sun.reflect.DelegatingConstructorAccessorImpl.newInstance(Unknown Source)
	at java.lang.reflect.Constructor.newInstance(Unknown Source)
	at org.openqa.selenium.remote.http.W3CHttpResponseCodec.createException(W3CHttpResponseCodec.java:127)
	at org.openqa.selenium.remote.http.W3CHttpResponseCodec.decode(W3CHttpResponseCodec.java:93)
	at org.openqa.selenium.remote.http.W3CHttpResponseCodec.decode(W3CHttpResponseCodec.java:42)
	at org.openqa.selenium.remote.HttpCommandExecutor.execute(HttpCommandExecutor.java:163)
	at org.openqa.selenium.remote.service.DriverCommandExecutor.execute(DriverCommandExecutor.java:82)
	at org.openqa.selenium.remote.RemoteWebDriver.execute(RemoteWebDriver.java:601)
	at org.openqa.selenium.remote.RemoteWebDriver.findElement(RemoteWebDriver.java:368)
	at org.openqa.selenium.remote.RemoteWebDriver.findElementByXPath(RemoteWebDriver.java:473)
	at org.openqa.selenium.By$ByXPath.findElement(By.java:361)
	at org.openqa.selenium.remote.RemoteWebDriver.findElement(RemoteWebDriver.java:360)
	at sun.reflect.GeneratedMethodAccessor9.invoke(Unknown Source)
	at sun.reflect.DelegatingMethodAccessorImpl.invoke(Unknown Source)
	at java.lang.reflect.Method.invoke(Unknown Source)
	at org.openqa.selenium.support.events.EventFiringWebDriver$2.invoke(EventFiringWebDriver.java:103)
	at com.sun.proxy.$Proxy9.findElement(Unknown Source)
	at org.openqa.selenium.support.events.EventFiringWebDriver.findElement(EventFiringWebDriver.java:187)
	at com.adv.qa.selenium.framework.pageObjects.currency.CurrencyPage.isCommandDisplayed(CurrencyPage.java:141)
	at com.adv.qa.selenium.tests.currency.A016A_Normal_Balance_Sheet_GroupsTest.verify(A016A_Normal_Balance_Sheet_GroupsTest.java:52)
	at sun.reflect.NativeMethodAccessorImpl.invoke0(Native Method)
	at sun.reflect.NativeMethodAccessorImpl.invoke(Unknown Source)
	at sun.reflect.DelegatingMethodAccessorImpl.invoke(Unknown Source)
	at java.lang.reflect.Method.invoke(Unknown Source)
	at org.testng.internal.MethodInvocationHelper.invokeMethod(MethodInvocationHelper.java:104)
	at org.testng.internal.InvokeMethodRunnable.runOne(InvokeMethodRunnable.java:54)
	at org.testng.internal.InvokeMethodRunnable.run(InvokeMethodRunnable.java:44)
	at java.util.concurrent.Executors$RunnableAdapter.call(Unknown Source)
	at java.util.concurrent.FutureTask.run(Unknown Source)
	at java.util.concurrent.ThreadPoolExecutor.runWorker(Unknown Source)
	at java.util.concurrent.ThreadPoolExecutor$Worker.run(Unknown Source)
	at java.lang.Thread.run(Unknown Source)
</div>
</td></tr>
</table>
<p class="totop"><a href="#summary">back to summary</a></p>
<h1>suite9</h1>
<h2 id="m20">com.adv.qa.selenium.tests.currency.A017_Normal_Balance_Sheet_CategoriesTest:verify</h2>
<table cellspacing="0" cellpadding="0" class="result">
<tr class="param"><th>Parameter #1</th></tr>
<tr class="param stripe"><td>[DataUnit [userName = BM], DataUnit [passWord = E5], DataUnit [balanceCategoryCode = EAK], DataUnit [values = N], DataUnit [values = A], DataUnit [a02Category = N], DataUnit [a02Category = A], DataUnit [a02Category = 02], DataUnit [a02Category = Category A02 (N)], DataUnit [a02Category = Asset], DataUnit [b08Category = N], DataUnit [b08Category = B], DataUnit [b08Category = 08], DataUnit [b08Category = Category B08 (N)], DataUnit [b08Category = Asset], DataUnit [b01Category = N], DataUnit [b01Category = B], DataUnit [b01Category = 01], DataUnit [b01Category = Purchasing Assets], DataUnit [b01Category = Asset], DataUnit [b02Category = N], DataUnit [b02Category = B], DataUnit [b02Category = 02], DataUnit [b02Category = PL Creditors], DataUnit [b02Category = Liability], DataUnit [b03Category = N], DataUnit [b03Category = B], DataUnit [b03Category = 03], DataUnit [b03Category = Purchasing CTLs], DataUnit [b03Category = Liability], DataUnit [b04Category = N], DataUnit [b04Category = B], DataUnit [b04Category = 04], DataUnit [b04Category = POP Accruals], DataUnit [b04Category = Liability], DataUnit [c01Category = N], DataUnit [c01Category = C], DataUnit [c01Category = 01], DataUnit [c01Category = Self Assessed Tax Liability], DataUnit [c01Category = Asset], DataUnit [c02Category = N], DataUnit [c02Category = C], DataUnit [c02Category = 02], DataUnit [c02Category = Liability Category 02], DataUnit [c02Category = Liability]]</td>
</tr>
<tr><td>
<div class="stacktrace">org.openqa.selenium.NoSuchElementException: Unable to locate element: //fieldset/legend[text()=&apos;Command&apos;]/..//input[contains(@name,&apos;COMMAND&apos;)]
For documentation on this error, please visit: http://seleniumhq.org/exceptions/no_such_element.html
Build info: version: &apos;unknown&apos;, revision: &apos;1969d75&apos;, time: &apos;2016-10-18 09:43:45 -0700&apos;
System info: host: &apos;ChetnaM-PC&apos;, ip: &apos;10.31.16.11&apos;, os.name: &apos;Windows 10&apos;, os.arch: &apos;amd64&apos;, os.version: &apos;10.0&apos;, java.version: &apos;1.8.0_112&apos;
Driver info: org.openqa.selenium.firefox.FirefoxDriver
Capabilities [{rotatable=false, raisesAccessibilityExceptions=false, marionette=true, firefoxOptions={args=[], prefs={}}, appBuildId=20160421124000, version=, platform=XP, proxy={}, specificationLevel=1, acceptSslCerts=false, browserVersion=46.0, platformVersion=10.0, XULappId={ec8030f7-c20a-464f-9b0e-13a3a9e97384}, browserName=Firefox, takesScreenshot=true, takesElementScreenshot=true, platformName=Windows_NT, device=desktop}]
Session ID: 423357c3-fb17-4018-8774-fb59a8ba4565
*** Element info: {Using=xpath, value=//fieldset/legend[text()=&apos;Command&apos;]/..//input[contains(@name,&apos;COMMAND&apos;)]}
	at sun.reflect.NativeConstructorAccessorImpl.newInstance0(Native Method)
	at sun.reflect.NativeConstructorAccessorImpl.newInstance(Unknown Source)
	at sun.reflect.DelegatingConstructorAccessorImpl.newInstance(Unknown Source)
	at java.lang.reflect.Constructor.newInstance(Unknown Source)
	at org.openqa.selenium.remote.http.W3CHttpResponseCodec.createException(W3CHttpResponseCodec.java:127)
	at org.openqa.selenium.remote.http.W3CHttpResponseCodec.decode(W3CHttpResponseCodec.java:93)
	at org.openqa.selenium.remote.http.W3CHttpResponseCodec.decode(W3CHttpResponseCodec.java:42)
	at org.openqa.selenium.remote.HttpCommandExecutor.execute(HttpCommandExecutor.java:163)
	at org.openqa.selenium.remote.service.DriverCommandExecutor.execute(DriverCommandExecutor.java:82)
	at org.openqa.selenium.remote.RemoteWebDriver.execute(RemoteWebDriver.java:601)
	at org.openqa.selenium.remote.RemoteWebDriver.findElement(RemoteWebDriver.java:368)
	at org.openqa.selenium.remote.RemoteWebDriver.findElementByXPath(RemoteWebDriver.java:473)
	at org.openqa.selenium.By$ByXPath.findElement(By.java:361)
	at org.openqa.selenium.remote.RemoteWebDriver.findElement(RemoteWebDriver.java:360)
	at sun.reflect.GeneratedMethodAccessor9.invoke(Unknown Source)
	at sun.reflect.DelegatingMethodAccessorImpl.invoke(Unknown Source)
	at java.lang.reflect.Method.invoke(Unknown Source)
	at org.openqa.selenium.support.events.EventFiringWebDriver$2.invoke(EventFiringWebDriver.java:103)
	at com.sun.proxy.$Proxy9.findElement(Unknown Source)
	at org.openqa.selenium.support.events.EventFiringWebDriver.findElement(EventFiringWebDriver.java:187)
	at com.adv.qa.selenium.framework.pageObjects.currency.CurrencyPage.isCommandDisplayed(CurrencyPage.java:141)
	at com.adv.qa.selenium.tests.currency.A017_Normal_Balance_Sheet_CategoriesTest.verify(A017_Normal_Balance_Sheet_CategoriesTest.java:58)
	at sun.reflect.NativeMethodAccessorImpl.invoke0(Native Method)
	at sun.reflect.NativeMethodAccessorImpl.invoke(Unknown Source)
	at sun.reflect.DelegatingMethodAccessorImpl.invoke(Unknown Source)
	at java.lang.reflect.Method.invoke(Unknown Source)
	at org.testng.internal.MethodInvocationHelper.invokeMethod(MethodInvocationHelper.java:104)
	at org.testng.internal.InvokeMethodRunnable.runOne(InvokeMethodRunnable.java:54)
	at org.testng.internal.InvokeMethodRunnable.run(InvokeMethodRunnable.java:44)
	at java.util.concurrent.Executors$RunnableAdapter.call(Unknown Source)
	at java.util.concurrent.FutureTask.run(Unknown Source)
	at java.util.concurrent.ThreadPoolExecutor.runWorker(Unknown Source)
	at java.util.concurrent.ThreadPoolExecutor$Worker.run(Unknown Source)
	at java.lang.Thread.run(Unknown Source)
</div>
</td></tr>
</table>
<p class="totop"><a href="#summary">back to summary</a></p>
<h2 id="m21">com.adv.qa.selenium.tests.currency.A017A_Normal_Balance_Sheet_CategoriesTest:verify</h2>
<table cellspacing="0" cellpadding="0" class="result">
<tr class="param"><th>Parameter #1</th></tr>
<tr class="param stripe"><td>[DataUnit [userName = BM1], DataUnit [passWord = E5], DataUnit [balanceCategoryCode = EAK], DataUnit [values = N], DataUnit [values = A], DataUnit [a09Category = N], DataUnit [a09Category = A], DataUnit [a09Category = 09], DataUnit [a09Category = CLOSEOUT], DataUnit [a09Category = Liability], DataUnit [g01Category = N], DataUnit [g01Category = G], DataUnit [g01Category = 01], DataUnit [g01Category = PPV Control Category], DataUnit [g01Category = Liability], DataUnit [i01Category = N], DataUnit [i01Category = I], DataUnit [i01Category = 01], DataUnit [i01Category = Inventory Liability], DataUnit [i01Category = Liability], DataUnit [i02Category = N], DataUnit [i02Category = I], DataUnit [i02Category = 02], DataUnit [i02Category = Inventory Asset], DataUnit [i02Category = Asset], DataUnit [t04Category = N], DataUnit [t04Category = T], DataUnit [t04Category = 04], DataUnit [t04Category = Purchasing Expenses], DataUnit [t04Category = Expense], DataUnit [t05Category = N], DataUnit [t05Category = T], DataUnit [t05Category = 05], DataUnit [t05Category = PL Gain/Loss on Exchange], DataUnit [t05Category = Expense], DataUnit [p03Category = N], DataUnit [p03Category = P], DataUnit [p03Category = 03], DataUnit [p03Category = Category P03 (N)], DataUnit [p03Category = Income], DataUnit [p04Category = N], DataUnit [p04Category = P], DataUnit [p04Category = 04], DataUnit [p04Category = Category P04 (N)], DataUnit [p04Category = Expense]]</td>
</tr>
<tr><td>
<div class="stacktrace">org.openqa.selenium.NoSuchElementException: Unable to locate element: //fieldset/legend[text()=&apos;Command&apos;]/..//input[contains(@name,&apos;COMMAND&apos;)]
For documentation on this error, please visit: http://seleniumhq.org/exceptions/no_such_element.html
Build info: version: &apos;unknown&apos;, revision: &apos;1969d75&apos;, time: &apos;2016-10-18 09:43:45 -0700&apos;
System info: host: &apos;ChetnaM-PC&apos;, ip: &apos;10.31.16.11&apos;, os.name: &apos;Windows 10&apos;, os.arch: &apos;amd64&apos;, os.version: &apos;10.0&apos;, java.version: &apos;1.8.0_112&apos;
Driver info: org.openqa.selenium.firefox.FirefoxDriver
Capabilities [{rotatable=false, raisesAccessibilityExceptions=false, marionette=true, firefoxOptions={args=[], prefs={}}, appBuildId=20160421124000, version=, platform=XP, proxy={}, specificationLevel=1, acceptSslCerts=false, browserVersion=46.0, platformVersion=10.0, XULappId={ec8030f7-c20a-464f-9b0e-13a3a9e97384}, browserName=Firefox, takesScreenshot=true, takesElementScreenshot=true, platformName=Windows_NT, device=desktop}]
Session ID: 515030d9-ea07-4162-abca-cfe66595b756
*** Element info: {Using=xpath, value=//fieldset/legend[text()=&apos;Command&apos;]/..//input[contains(@name,&apos;COMMAND&apos;)]}
	at sun.reflect.NativeConstructorAccessorImpl.newInstance0(Native Method)
	at sun.reflect.NativeConstructorAccessorImpl.newInstance(Unknown Source)
	at sun.reflect.DelegatingConstructorAccessorImpl.newInstance(Unknown Source)
	at java.lang.reflect.Constructor.newInstance(Unknown Source)
	at org.openqa.selenium.remote.http.W3CHttpResponseCodec.createException(W3CHttpResponseCodec.java:127)
	at org.openqa.selenium.remote.http.W3CHttpResponseCodec.decode(W3CHttpResponseCodec.java:93)
	at org.openqa.selenium.remote.http.W3CHttpResponseCodec.decode(W3CHttpResponseCodec.java:42)
	at org.openqa.selenium.remote.HttpCommandExecutor.execute(HttpCommandExecutor.java:163)
	at org.openqa.selenium.remote.service.DriverCommandExecutor.execute(DriverCommandExecutor.java:82)
	at org.openqa.selenium.remote.RemoteWebDriver.execute(RemoteWebDriver.java:601)
	at org.openqa.selenium.remote.RemoteWebDriver.findElement(RemoteWebDriver.java:368)
	at org.openqa.selenium.remote.RemoteWebDriver.findElementByXPath(RemoteWebDriver.java:473)
	at org.openqa.selenium.By$ByXPath.findElement(By.java:361)
	at org.openqa.selenium.remote.RemoteWebDriver.findElement(RemoteWebDriver.java:360)
	at sun.reflect.GeneratedMethodAccessor9.invoke(Unknown Source)
	at sun.reflect.DelegatingMethodAccessorImpl.invoke(Unknown Source)
	at java.lang.reflect.Method.invoke(Unknown Source)
	at org.openqa.selenium.support.events.EventFiringWebDriver$2.invoke(EventFiringWebDriver.java:103)
	at com.sun.proxy.$Proxy9.findElement(Unknown Source)
	at org.openqa.selenium.support.events.EventFiringWebDriver.findElement(EventFiringWebDriver.java:187)
	at com.adv.qa.selenium.framework.pageObjects.currency.CurrencyPage.isCommandDisplayed(CurrencyPage.java:141)
	at com.adv.qa.selenium.tests.currency.A017A_Normal_Balance_Sheet_CategoriesTest.verify(A017A_Normal_Balance_Sheet_CategoriesTest.java:59)
	at sun.reflect.NativeMethodAccessorImpl.invoke0(Native Method)
	at sun.reflect.NativeMethodAccessorImpl.invoke(Unknown Source)
	at sun.reflect.DelegatingMethodAccessorImpl.invoke(Unknown Source)
	at java.lang.reflect.Method.invoke(Unknown Source)
	at org.testng.internal.MethodInvocationHelper.invokeMethod(MethodInvocationHelper.java:104)
	at org.testng.internal.InvokeMethodRunnable.runOne(InvokeMethodRunnable.java:54)
	at org.testng.internal.InvokeMethodRunnable.run(InvokeMethodRunnable.java:44)
	at java.util.concurrent.Executors$RunnableAdapter.call(Unknown Source)
	at java.util.concurrent.FutureTask.run(Unknown Source)
	at java.util.concurrent.ThreadPoolExecutor.runWorker(Unknown Source)
	at java.util.concurrent.ThreadPoolExecutor$Worker.run(Unknown Source)
	at java.lang.Thread.run(Unknown Source)
</div>
</td></tr>
</table>
<p class="totop"><a href="#summary">back to summary</a></p>
<h1>suite10</h1>
<h2 id="m22">com.adv.qa.selenium.tests.currency.A018_Ledger_Control_Nominals:verify</h2>
<table cellspacing="0" cellpadding="0" class="result">
<tr class="param"><th>Parameter #1</th></tr>
<tr class="param stripe"><td>[DataUnit [userName = BM], DataUnit [passWord = E5], DataUnit [code = EBA], DataUnit [nominal2500 = 2500], DataUnit [nominal2500 = Suspense Account], DataUnit [nominal2500 = A], DataUnit [nominal2500 = 02], DataUnit [nominal2500 = Balance Sheet], DataUnit [nominal2500 = Both], DataUnit [nominal2500 = A], DataUnit [nominal2500 = ***], DataUnit [nominal2500 = Both], DataUnit [nominal2500 = 0], DataUnit [nominal2600 = 2600], DataUnit [nominal2600 = Closeout Account], DataUnit [nominal2600 = A], DataUnit [nominal2600 = 09], DataUnit [nominal2600 = Balance Sheet], DataUnit [nominal2600 = Both], DataUnit [nominal2600 = A], DataUnit [nominal2600 = ***], DataUnit [nominal2600 = Both], DataUnit [nominal2600 = 0], DataUnit [nominal3000 = 3000], DataUnit [nominal3000 = Rounding Account], DataUnit [nominal3000 = A], DataUnit [nominal3000 = 02], DataUnit [nominal3000 = Balance Sheet], DataUnit [nominal3000 = Both], DataUnit [nominal3000 = A], DataUnit [nominal3000 = ***], DataUnit [nominal3000 = Both], DataUnit [nominal3000 = 0], DataUnit [nominal1500 = 1500], DataUnit [nominal1500 = Bank Account], DataUnit [nominal1500 = A], DataUnit [nominal1500 = 02], DataUnit [nominal1500 = Balance Sheet], DataUnit [nominal1500 = Both], DataUnit [nominal1500 = A], DataUnit [nominal1500 = ***], DataUnit [nominal1500 = Both], DataUnit [nominal1500 = 0], DataUnit [nominalGLICA = GLICA], DataUnit [nominalGLICA = GL ICA Account], DataUnit [nominalGLICA = A], DataUnit [nominalGLICA = 02], DataUnit [nominalGLICA = Balance Sheet], DataUnit [nominalGLICA = Both], DataUnit [nominalGLICA = A], DataUnit [nominalGLICA = ***], DataUnit [nominalGLICA = Both], DataUnit [nominalGLICA = 0], DataUnit [nominal1550 = 1550], DataUnit [nominal1550 = Purchasing Bank Account], DataUnit [nominal1550 = B], DataUnit [nominal1550 = 01], DataUnit [nominal1550 = Balance Sheet], DataUnit [nominal1550 = Both], DataUnit [nominal1550 = A], DataUnit [nominal1550 = ***], DataUnit [nominal1550 = Both], DataUnit [nominal1550 = 0], DataUnit [nominal6300 = 6300], DataUnit [nominal6300 = Rent Account], DataUnit [nominal6300 = A], DataUnit [nominal6300 = 02], DataUnit [nominal6300 = Balance Sheet], DataUnit [nominal6300 = Both], DataUnit [nominal6300 = A], DataUnit [nominal6300 = UKP], DataUnit [nominal6300 = Base], DataUnit [nominal6300 = 0], DataUnit [nominal6400 = 6400], DataUnit [nominal6400 = Business Rate Account], DataUnit [nominal6400 = A], DataUnit [nominal6400 = 02], DataUnit [nominal6400 = Balance Sheet], DataUnit [nominal6400 = Both], DataUnit [nominal6400 = A], DataUnit [nominal6400 = UKP], DataUnit [nominal6400 = Base], DataUnit [nominal6400 = 0], DataUnit [nominalAKAI = AKAI], DataUnit [nominalAKAI = Akai Account], DataUnit [nominalAKAI = T], DataUnit [nominalAKAI = 04], DataUnit [nominalAKAI = Profit &amp; Loss], DataUnit [nominalAKAI = Both], DataUnit [nominalAKAI = A], DataUnit [nominalAKAI = UKP], DataUnit [nominalAKAI = Base], DataUnit [nominalAKAI = 0]]</td>
</tr>
<tr><td>
<div class="stacktrace">org.openqa.selenium.NoSuchElementException: Unable to locate element: //fieldset/legend[text()=&apos;Command&apos;]/..//input[contains(@name,&apos;COMMAND&apos;)]
For documentation on this error, please visit: http://seleniumhq.org/exceptions/no_such_element.html
Build info: version: &apos;unknown&apos;, revision: &apos;1969d75&apos;, time: &apos;2016-10-18 09:43:45 -0700&apos;
System info: host: &apos;ChetnaM-PC&apos;, ip: &apos;10.31.16.11&apos;, os.name: &apos;Windows 10&apos;, os.arch: &apos;amd64&apos;, os.version: &apos;10.0&apos;, java.version: &apos;1.8.0_112&apos;
Driver info: org.openqa.selenium.firefox.FirefoxDriver
Capabilities [{rotatable=false, raisesAccessibilityExceptions=false, marionette=true, firefoxOptions={args=[], prefs={}}, appBuildId=20160421124000, version=, platform=XP, proxy={}, specificationLevel=1, acceptSslCerts=false, browserVersion=46.0, platformVersion=10.0, XULappId={ec8030f7-c20a-464f-9b0e-13a3a9e97384}, browserName=Firefox, takesScreenshot=true, takesElementScreenshot=true, platformName=Windows_NT, device=desktop}]
Session ID: f16f9680-c9c5-4a48-857d-958ac7e03c0b
*** Element info: {Using=xpath, value=//fieldset/legend[text()=&apos;Command&apos;]/..//input[contains(@name,&apos;COMMAND&apos;)]}
	at sun.reflect.NativeConstructorAccessorImpl.newInstance0(Native Method)
	at sun.reflect.NativeConstructorAccessorImpl.newInstance(Unknown Source)
	at sun.reflect.DelegatingConstructorAccessorImpl.newInstance(Unknown Source)
	at java.lang.reflect.Constructor.newInstance(Unknown Source)
	at org.openqa.selenium.remote.http.W3CHttpResponseCodec.createException(W3CHttpResponseCodec.java:127)
	at org.openqa.selenium.remote.http.W3CHttpResponseCodec.decode(W3CHttpResponseCodec.java:93)
	at org.openqa.selenium.remote.http.W3CHttpResponseCodec.decode(W3CHttpResponseCodec.java:42)
	at org.openqa.selenium.remote.HttpCommandExecutor.execute(HttpCommandExecutor.java:163)
	at org.openqa.selenium.remote.service.DriverCommandExecutor.execute(DriverCommandExecutor.java:82)
	at org.openqa.selenium.remote.RemoteWebDriver.execute(RemoteWebDriver.java:601)
	at org.openqa.selenium.remote.RemoteWebDriver.findElement(RemoteWebDriver.java:368)
	at org.openqa.selenium.remote.RemoteWebDriver.findElementByXPath(RemoteWebDriver.java:473)
	at org.openqa.selenium.By$ByXPath.findElement(By.java:361)
	at org.openqa.selenium.remote.RemoteWebDriver.findElement(RemoteWebDriver.java:360)
	at sun.reflect.GeneratedMethodAccessor9.invoke(Unknown Source)
	at sun.reflect.DelegatingMethodAccessorImpl.invoke(Unknown Source)
	at java.lang.reflect.Method.invoke(Unknown Source)
	at org.openqa.selenium.support.events.EventFiringWebDriver$2.invoke(EventFiringWebDriver.java:103)
	at com.sun.proxy.$Proxy9.findElement(Unknown Source)
	at org.openqa.selenium.support.events.EventFiringWebDriver.findElement(EventFiringWebDriver.java:187)
	at com.adv.qa.selenium.framework.pageObjects.currency.CurrencyPage.isCommandDisplayed(CurrencyPage.java:141)
	at com.adv.qa.selenium.tests.currency.A018_Ledger_Control_Nominals.verify(A018_Ledger_Control_Nominals.java:58)
	at sun.reflect.NativeMethodAccessorImpl.invoke0(Native Method)
	at sun.reflect.NativeMethodAccessorImpl.invoke(Unknown Source)
	at sun.reflect.DelegatingMethodAccessorImpl.invoke(Unknown Source)
	at java.lang.reflect.Method.invoke(Unknown Source)
	at org.testng.internal.MethodInvocationHelper.invokeMethod(MethodInvocationHelper.java:104)
	at org.testng.internal.InvokeMethodRunnable.runOne(InvokeMethodRunnable.java:54)
	at org.testng.internal.InvokeMethodRunnable.run(InvokeMethodRunnable.java:44)
	at java.util.concurrent.Executors$RunnableAdapter.call(Unknown Source)
	at java.util.concurrent.FutureTask.run(Unknown Source)
	at java.util.concurrent.ThreadPoolExecutor.runWorker(Unknown Source)
	at java.util.concurrent.ThreadPoolExecutor$Worker.run(Unknown Source)
	at java.lang.Thread.run(Unknown Source)
</div>
</td></tr>
</table>
<p class="totop"><a href="#summary">back to summary</a></p>
<h2 id="m23">com.adv.qa.selenium.tests.currency.A018A_Ledger_Control_Nominals:verify</h2>
<table cellspacing="0" cellpadding="0" class="result">
<tr class="param"><th>Parameter #1</th></tr>
<tr class="param stripe"><td>[DataUnit [userName = BM1], DataUnit [passWord = E5], DataUnit [code = EBA], DataUnit [nominal6500 = 6500], DataUnit [nominal6500 = Electricity Account], DataUnit [nominal6500 = A], DataUnit [nominal6500 = 02], DataUnit [nominal6500 = Balance Sheet], DataUnit [nominal6500 = Both], DataUnit [nominal6500 = A], DataUnit [nominal6500 = UKP], DataUnit [nominal6500 = Base], DataUnit [nominal6500 = 0], DataUnit [nominalBANKR = BANKR], DataUnit [nominalBANKR = bank rec bank], DataUnit [nominalBANKR = A], DataUnit [nominalBANKR = 02], DataUnit [nominalBANKR = Balance Sheet], DataUnit [nominalBANKR = Both], DataUnit [nominalBANKR = A], DataUnit [nominalBANKR = ***], DataUnit [nominalBANKR = Both], DataUnit [nominalBANKR = 0], DataUnit [nominalBANKR1 = BANKR1], DataUnit [nominalBANKR1 = bank rec bank], DataUnit [nominalBANKR1 = A], DataUnit [nominalBANKR1 = 02], DataUnit [nominalBANKR1 = Balance Sheet], DataUnit [nominalBANKR1 = Both], DataUnit [nominalBANKR1 = A], DataUnit [nominalBANKR1 = ***], DataUnit [nominalBANKR1 = Both], DataUnit [nominalBANKR1 = 0], DataUnit [nominalBANKR2 = BANKR2], DataUnit [nominalBANKR2 = bank rec bank], DataUnit [nominalBANKR2 = A], DataUnit [nominalBANKR2 = 02], DataUnit [nominalBANKR2 = Balance Sheet], DataUnit [nominalBANKR2 = Both], DataUnit [nominalBANKR2 = A], DataUnit [nominalBANKR2 = ***], DataUnit [nominalBANKR2 = Both], DataUnit [nominalBANKR2 = 0], DataUnit [nominal2000 = 2000], DataUnit [nominal2000 = Creditors Control], DataUnit [nominal2000 = B], DataUnit [nominal2000 = 02], DataUnit [nominal2000 = Balance Sheet], DataUnit [nominal2000 = Both], DataUnit [nominal2000 = A], DataUnit [nominal2000 = ***], DataUnit [nominal2000 = Both], DataUnit [nominal2000 = 0], DataUnit [nominal5000 = 5000], DataUnit [nominal5000 = Discount Receivable], DataUnit [nominal5000 = T], DataUnit [nominal5000 = 04], DataUnit [nominal5000 = Profit &amp; Loss], DataUnit [nominal5000 = Both], DataUnit [nominal5000 = A], DataUnit [nominal5000 = ***], DataUnit [nominal5000 = Both], DataUnit [nominal5000 = 0], DataUnit [nominal5050 = 5050], DataUnit [nominal5050 = Bank Charges], DataUnit [nominal5050 = T], DataUnit [nominal5050 = 04], DataUnit [nominal5050 = Profit &amp; Loss], DataUnit [nominal5050 = Both], DataUnit [nominal5050 = A], DataUnit [nominal5050 = ***], DataUnit [nominal5050 = Both], DataUnit [nominal5050 = 0], DataUnit [nominal2150 = 2150], DataUnit [nominal2150 = VAT Suspense], DataUnit [nominal2150 = B], DataUnit [nominal2150 = 03], DataUnit [nominal2150 = Balance Sheet], DataUnit [nominal2150 = Both], DataUnit [nominal2150 = A], DataUnit [nominal2150 = ***], DataUnit [nominal2150 = Both], DataUnit [nominal2150 = 0], DataUnit [nominalSTKR = STKR], DataUnit [nominalSTKR = IM Stock Revaluation], DataUnit [nominalSTKR = I], DataUnit [nominalSTKR = 02], DataUnit [nominalSTKR = Balance Sheet], DataUnit [nominalSTKR = Both], DataUnit [nominalSTKR = A], DataUnit [nominalSTKR = ***], DataUnit [nominalSTKR = Both], DataUnit [nominalSTKR = 0]]</td>
</tr>
<tr><td>
<div class="stacktrace">org.openqa.selenium.NoSuchElementException: Unable to locate element: //fieldset/legend[text()=&apos;Command&apos;]/..//input[contains(@name,&apos;COMMAND&apos;)]
For documentation on this error, please visit: http://seleniumhq.org/exceptions/no_such_element.html
Build info: version: &apos;unknown&apos;, revision: &apos;1969d75&apos;, time: &apos;2016-10-18 09:43:45 -0700&apos;
System info: host: &apos;ChetnaM-PC&apos;, ip: &apos;10.31.16.11&apos;, os.name: &apos;Windows 10&apos;, os.arch: &apos;amd64&apos;, os.version: &apos;10.0&apos;, java.version: &apos;1.8.0_112&apos;
Driver info: org.openqa.selenium.firefox.FirefoxDriver
Capabilities [{rotatable=false, raisesAccessibilityExceptions=false, marionette=true, firefoxOptions={args=[], prefs={}}, appBuildId=20160421124000, version=, platform=XP, proxy={}, specificationLevel=1, acceptSslCerts=false, browserVersion=46.0, platformVersion=10.0, XULappId={ec8030f7-c20a-464f-9b0e-13a3a9e97384}, browserName=Firefox, takesScreenshot=true, takesElementScreenshot=true, platformName=Windows_NT, device=desktop}]
Session ID: c3912324-0b35-4637-bac4-024cf5d6b007
*** Element info: {Using=xpath, value=//fieldset/legend[text()=&apos;Command&apos;]/..//input[contains(@name,&apos;COMMAND&apos;)]}
	at sun.reflect.NativeConstructorAccessorImpl.newInstance0(Native Method)
	at sun.reflect.NativeConstructorAccessorImpl.newInstance(Unknown Source)
	at sun.reflect.DelegatingConstructorAccessorImpl.newInstance(Unknown Source)
	at java.lang.reflect.Constructor.newInstance(Unknown Source)
	at org.openqa.selenium.remote.http.W3CHttpResponseCodec.createException(W3CHttpResponseCodec.java:127)
	at org.openqa.selenium.remote.http.W3CHttpResponseCodec.decode(W3CHttpResponseCodec.java:93)
	at org.openqa.selenium.remote.http.W3CHttpResponseCodec.decode(W3CHttpResponseCodec.java:42)
	at org.openqa.selenium.remote.HttpCommandExecutor.execute(HttpCommandExecutor.java:163)
	at org.openqa.selenium.remote.service.DriverCommandExecutor.execute(DriverCommandExecutor.java:82)
	at org.openqa.selenium.remote.RemoteWebDriver.execute(RemoteWebDriver.java:601)
	at org.openqa.selenium.remote.RemoteWebDriver.findElement(RemoteWebDriver.java:368)
	at org.openqa.selenium.remote.RemoteWebDriver.findElementByXPath(RemoteWebDriver.java:473)
	at org.openqa.selenium.By$ByXPath.findElement(By.java:361)
	at org.openqa.selenium.remote.RemoteWebDriver.findElement(RemoteWebDriver.java:360)
	at sun.reflect.GeneratedMethodAccessor9.invoke(Unknown Source)
	at sun.reflect.DelegatingMethodAccessorImpl.invoke(Unknown Source)
	at java.lang.reflect.Method.invoke(Unknown Source)
	at org.openqa.selenium.support.events.EventFiringWebDriver$2.invoke(EventFiringWebDriver.java:103)
	at com.sun.proxy.$Proxy9.findElement(Unknown Source)
	at org.openqa.selenium.support.events.EventFiringWebDriver.findElement(EventFiringWebDriver.java:187)
	at com.adv.qa.selenium.framework.pageObjects.currency.CurrencyPage.isCommandDisplayed(CurrencyPage.java:141)
	at com.adv.qa.selenium.tests.currency.A018A_Ledger_Control_Nominals.verify(A018A_Ledger_Control_Nominals.java:57)
	at sun.reflect.NativeMethodAccessorImpl.invoke0(Native Method)
	at sun.reflect.NativeMethodAccessorImpl.invoke(Unknown Source)
	at sun.reflect.DelegatingMethodAccessorImpl.invoke(Unknown Source)
	at java.lang.reflect.Method.invoke(Unknown Source)
	at org.testng.internal.MethodInvocationHelper.invokeMethod(MethodInvocationHelper.java:104)
	at org.testng.internal.InvokeMethodRunnable.runOne(InvokeMethodRunnable.java:54)
	at org.testng.internal.InvokeMethodRunnable.run(InvokeMethodRunnable.java:44)
	at java.util.concurrent.Executors$RunnableAdapter.call(Unknown Source)
	at java.util.concurrent.FutureTask.run(Unknown Source)
	at java.util.concurrent.ThreadPoolExecutor.runWorker(Unknown Source)
	at java.util.concurrent.ThreadPoolExecutor$Worker.run(Unknown Source)
	at java.lang.Thread.run(Unknown Source)
</div>
</td></tr>
</table>
<p class="totop"><a href="#summary">back to summary</a></p>
<h1>suite11</h1>
<h2 id="m24">com.adv.qa.selenium.tests.currency.A018B_Ledger_Control_Nominals:verify</h2>
<table cellspacing="0" cellpadding="0" class="result">
<tr class="param"><th>Parameter #1</th></tr>
<tr class="param stripe"><td>[DataUnit [userName = BM], DataUnit [passWord = E5], DataUnit [code = EBA], DataUnit [nominal2160 = 2160], DataUnit [nominal2160 = VAT Variance], DataUnit [nominal2160 = B], DataUnit [nominal2160 = 03], DataUnit [nominal2160 = Balance Sheet], DataUnit [nominal2160 = Both], DataUnit [nominal2160 = A], DataUnit [nominal2160 = ***], DataUnit [nominal2160 = Both], DataUnit [nominal2160 = 0], DataUnit [nominal1660 = 1660], DataUnit [nominal1660 = PrePayments], DataUnit [nominal1660 = B], DataUnit [nominal1660 = 01], DataUnit [nominal1660 = Balance Sheet], DataUnit [nominal1660 = Both], DataUnit [nominal1660 = A], DataUnit [nominal1660 = ***], DataUnit [nominal1660 = Both], DataUnit [nominal1660 = 0], DataUnit [nominal5100 = 5100], DataUnit [nominal5100 = Detail Variance], DataUnit [nominal5100 = T], DataUnit [nominal5100 = 04], DataUnit [nominal5100 = Profit &amp; Loss], DataUnit [nominal5100 = Both], DataUnit [nominal5100 = A], DataUnit [nominal5100 = ***], DataUnit [nominal5100 = Both], DataUnit [nominal5100 = 0], DataUnit [nominal2051 = 2051], DataUnit [nominal2051 = Self Assess.Tax A/C], DataUnit [nominal2051 = C], DataUnit [nominal2051 = 01], DataUnit [nominal2051 = Balance Sheet], DataUnit [nominal2051 = Both], DataUnit [nominal2051 = A], DataUnit [nominal2051 = ***], DataUnit [nominal2051 = Both], DataUnit [nominal2051 = 0], DataUnit [nominal6200 = 6200], DataUnit [nominal6200 = Account 6200], DataUnit [nominal6200 = P], DataUnit [nominal6200 = 04], DataUnit [nominal6200 = Profit &amp; Loss], DataUnit [nominal6200 = Both], DataUnit [nominal6200 = A], DataUnit [nominal6200 = ***], DataUnit [nominal6200 = Both], DataUnit [nominal6200 = 0], DataUnit [nominal5900 = 5900], DataUnit [nominal5900 = POP Accrual Account], DataUnit [nominal5900 = B], DataUnit [nominal5900 = 04], DataUnit [nominal5900 = Balance Sheet], DataUnit [nominal5900 = Both], DataUnit [nominal5900 = A], DataUnit [nominal5900 = ***], DataUnit [nominal5900 = Both], DataUnit [nominal5900 = 0], DataUnit [nominal7000 = 7000], DataUnit [nominal7000 = Account 7000], DataUnit [nominal7000 = B], DataUnit [nominal7000 = 08], DataUnit [nominal7000 = Balance Sheet], DataUnit [nominal7000 = Both], DataUnit [nominal7000 = A], DataUnit [nominal7000 = ***], DataUnit [nominal7000 = Both], DataUnit [nominal7000 = 0], DataUnit [nominal7001 = 7001], DataUnit [nominal7001 = AP/AR Netting OFF], DataUnit [nominal7001 = B], DataUnit [nominal7001 = 08], DataUnit [nominal7001 = Balance Sheet], DataUnit [nominal7001 = Both], DataUnit [nominal7001 = A], DataUnit [nominal7001 = ***], DataUnit [nominal7001 = Both], DataUnit [nominal7001 = 0], DataUnit [nominalSALC = SALC], DataUnit [nominalSALC = SALC], DataUnit [nominalSALC = A], DataUnit [nominalSALC = 02], DataUnit [nominalSALC = Balance Sheet], DataUnit [nominalSALC = Both], DataUnit [nominalSALC = A], DataUnit [nominalSALC = ***], DataUnit [nominalSALC = Both], DataUnit [nominalSALC = 0], DataUnit [nominalSLDE = SLDE], DataUnit [nominalSLDE = SLDE], DataUnit [nominalSLDE = A], DataUnit [nominalSLDE = 02], DataUnit [nominalSLDE = Balance Sheet], DataUnit [nominalSLDE = Both], DataUnit [nominalSLDE = A], DataUnit [nominalSLDE = ***], DataUnit [nominalSLDE = Both], DataUnit [nominalSLDE = 0]]</td>
</tr>
<tr><td>
<div class="stacktrace">org.openqa.selenium.NoSuchElementException: Unable to locate element: //fieldset/legend[text()=&apos;Command&apos;]/..//input[contains(@name,&apos;COMMAND&apos;)]
For documentation on this error, please visit: http://seleniumhq.org/exceptions/no_such_element.html
Build info: version: &apos;unknown&apos;, revision: &apos;1969d75&apos;, time: &apos;2016-10-18 09:43:45 -0700&apos;
System info: host: &apos;ChetnaM-PC&apos;, ip: &apos;10.31.16.11&apos;, os.name: &apos;Windows 10&apos;, os.arch: &apos;amd64&apos;, os.version: &apos;10.0&apos;, java.version: &apos;1.8.0_112&apos;
Driver info: org.openqa.selenium.firefox.FirefoxDriver
Capabilities [{rotatable=false, raisesAccessibilityExceptions=false, marionette=true, firefoxOptions={args=[], prefs={}}, appBuildId=20160421124000, version=, platform=XP, proxy={}, specificationLevel=1, acceptSslCerts=false, browserVersion=46.0, platformVersion=10.0, XULappId={ec8030f7-c20a-464f-9b0e-13a3a9e97384}, browserName=Firefox, takesScreenshot=true, takesElementScreenshot=true, platformName=Windows_NT, device=desktop}]
Session ID: 0abb707e-f3bf-43e2-94ac-db2692381933
*** Element info: {Using=xpath, value=//fieldset/legend[text()=&apos;Command&apos;]/..//input[contains(@name,&apos;COMMAND&apos;)]}
	at sun.reflect.GeneratedConstructorAccessor25.newInstance(Unknown Source)
	at sun.reflect.DelegatingConstructorAccessorImpl.newInstance(Unknown Source)
	at java.lang.reflect.Constructor.newInstance(Unknown Source)
	at org.openqa.selenium.remote.http.W3CHttpResponseCodec.createException(W3CHttpResponseCodec.java:127)
	at org.openqa.selenium.remote.http.W3CHttpResponseCodec.decode(W3CHttpResponseCodec.java:93)
	at org.openqa.selenium.remote.http.W3CHttpResponseCodec.decode(W3CHttpResponseCodec.java:42)
	at org.openqa.selenium.remote.HttpCommandExecutor.execute(HttpCommandExecutor.java:163)
	at org.openqa.selenium.remote.service.DriverCommandExecutor.execute(DriverCommandExecutor.java:82)
	at org.openqa.selenium.remote.RemoteWebDriver.execute(RemoteWebDriver.java:601)
	at org.openqa.selenium.remote.RemoteWebDriver.findElement(RemoteWebDriver.java:368)
	at org.openqa.selenium.remote.RemoteWebDriver.findElementByXPath(RemoteWebDriver.java:473)
	at org.openqa.selenium.By$ByXPath.findElement(By.java:361)
	at org.openqa.selenium.remote.RemoteWebDriver.findElement(RemoteWebDriver.java:360)
	at sun.reflect.GeneratedMethodAccessor9.invoke(Unknown Source)
	at sun.reflect.DelegatingMethodAccessorImpl.invoke(Unknown Source)
	at java.lang.reflect.Method.invoke(Unknown Source)
	at org.openqa.selenium.support.events.EventFiringWebDriver$2.invoke(EventFiringWebDriver.java:103)
	at com.sun.proxy.$Proxy9.findElement(Unknown Source)
	at org.openqa.selenium.support.events.EventFiringWebDriver.findElement(EventFiringWebDriver.java:187)
	at com.adv.qa.selenium.framework.pageObjects.currency.CurrencyPage.isCommandDisplayed(CurrencyPage.java:141)
	at com.adv.qa.selenium.tests.currency.A018B_Ledger_Control_Nominals.verify(A018B_Ledger_Control_Nominals.java:59)
	at sun.reflect.NativeMethodAccessorImpl.invoke0(Native Method)
	at sun.reflect.NativeMethodAccessorImpl.invoke(Unknown Source)
	at sun.reflect.DelegatingMethodAccessorImpl.invoke(Unknown Source)
	at java.lang.reflect.Method.invoke(Unknown Source)
	at org.testng.internal.MethodInvocationHelper.invokeMethod(MethodInvocationHelper.java:104)
	at org.testng.internal.InvokeMethodRunnable.runOne(InvokeMethodRunnable.java:54)
	at org.testng.internal.InvokeMethodRunnable.run(InvokeMethodRunnable.java:44)
	at java.util.concurrent.Executors$RunnableAdapter.call(Unknown Source)
	at java.util.concurrent.FutureTask.run(Unknown Source)
	at java.util.concurrent.ThreadPoolExecutor.runWorker(Unknown Source)
	at java.util.concurrent.ThreadPoolExecutor$Worker.run(Unknown Source)
	at java.lang.Thread.run(Unknown Source)
</div>
</td></tr>
</table>
<p class="totop"><a href="#summary">back to summary</a></p>
<h2 id="m25">com.adv.qa.selenium.tests.currency.A018C_Ledger_Control_Nominals:verify</h2>
<table cellspacing="0" cellpadding="0" class="result">
<tr class="param"><th>Parameter #1</th></tr>
<tr class="param stripe"><td>[DataUnit [userName = BM1], DataUnit [passWord = E5], DataUnit [code = EBA], DataUnit [nominalPLDF = PLDF], DataUnit [nominalPLDF = PL ICA], DataUnit [nominalPLDF = A], DataUnit [nominalPLDF = 02], DataUnit [nominalPLDF = Balance Sheet], DataUnit [nominalPLDF = Both], DataUnit [nominalPLDF = A], DataUnit [nominalPLDF = ***], DataUnit [nominalPLDF = Both], DataUnit [nominalPLDF = 0], DataUnit [nominalPOPD = POPD], DataUnit [nominalPOPD = POP ICA], DataUnit [nominalPOPD = A], DataUnit [nominalPOPD = 02], DataUnit [nominalPOPD = Balance Sheet], DataUnit [nominalPOPD = Both], DataUnit [nominalPOPD = A], DataUnit [nominalPOPD = ***], DataUnit [nominalPOPD = Both], DataUnit [nominalPOPD = 0], DataUnit [nominalIMDF = IMDF], DataUnit [nominalIMDF = IM ICA Account], DataUnit [nominalIMDF = A], DataUnit [nominalIMDF = 02], DataUnit [nominalIMDF = Balance Sheet], DataUnit [nominalIMDF = Both], DataUnit [nominalIMDF = A], DataUnit [nominalIMDF = ***], DataUnit [nominalIMDF = Both], DataUnit [nominalIMDF = 0], DataUnit [nominalSTKE = STKE], DataUnit [nominalSTKE = IM Stock East], DataUnit [nominalSTKE = I], DataUnit [nominalSTKE = 02], DataUnit [nominalSTKE = Balance Sheet], DataUnit [nominalSTKE = Both], DataUnit [nominalSTKE = A], DataUnit [nominalSTKE = ***], DataUnit [nominalSTKE = Both], DataUnit [nominalSTKE = 0], DataUnit [nominalSTKS = STKS], DataUnit [nominalSTKS = IM Stock SOUTH], DataUnit [nominalSTKS = I], DataUnit [nominalSTKS = 02], DataUnit [nominalSTKS = Balance Sheet], DataUnit [nominalSTKS = Both], DataUnit [nominalSTKS = A], DataUnit [nominalSTKS = ***], DataUnit [nominalSTKS = Both], DataUnit [nominalSTKS = 0], DataUnit [nominalSTKW = STKW], DataUnit [nominalSTKW = IM Stock WEST], DataUnit [nominalSTKW = I], DataUnit [nominalSTKW = 02], DataUnit [nominalSTKW = Balance Sheet], DataUnit [nominalSTKW = Both], DataUnit [nominalSTKW = A], DataUnit [nominalSTKW = ***], DataUnit [nominalSTKW = Both], DataUnit [nominalSTKW = 0], DataUnit [nominalSTKN = STKN], DataUnit [nominalSTKN = IM Stock NORTH], DataUnit [nominalSTKN = I], DataUnit [nominalSTKN = 02], DataUnit [nominalSTKN = Balance Sheet], DataUnit [nominalSTKN = Both], DataUnit [nominalSTKN = A], DataUnit [nominalSTKN = ***], DataUnit [nominalSTKN = Both], DataUnit [nominalSTKN = 0], DataUnit [nominalINTE = INTE], DataUnit [nominalINTE = IM In-transit Store East], DataUnit [nominalINTE = A], DataUnit [nominalINTE = 02], DataUnit [nominalINTE = Balance Sheet], DataUnit [nominalINTE = Both], DataUnit [nominalINTE = A], DataUnit [nominalINTE = ***], DataUnit [nominalINTE = Both], DataUnit [nominalINTE = 0], DataUnit [nominalINTW = INTW], DataUnit [nominalINTW = IM In-transit Store West], DataUnit [nominalINTW = A], DataUnit [nominalINTW = 02], DataUnit [nominalINTW = Balance Sheet], DataUnit [nominalINTW = Both], DataUnit [nominalINTW = A], DataUnit [nominalINTW = ***], DataUnit [nominalINTW = Both], DataUnit [nominalINTW = 0], DataUnit [nominalINTS = INTS], DataUnit [nominalINTS = IM In-transit Store South], DataUnit [nominalINTS = A], DataUnit [nominalINTS = 02], DataUnit [nominalINTS = Balance Sheet], DataUnit [nominalINTS = Both], DataUnit [nominalINTS = A], DataUnit [nominalINTS = ***], DataUnit [nominalINTS = Both], DataUnit [nominalINTS = 0], DataUnit [nominalINTN = INTN], DataUnit [nominalINTN = IM In-transit Store North], DataUnit [nominalINTN = A], DataUnit [nominalINTN = 02], DataUnit [nominalINTN = Balance Sheet], DataUnit [nominalINTN = Both], DataUnit [nominalINTN = A], DataUnit [nominalINTN = ***], DataUnit [nominalINTN = Both], DataUnit [nominalINTN = 0], DataUnit [nominalREVC = REVC], DataUnit [nominalREVC = IM Revised Cost], DataUnit [nominalREVC = I], DataUnit [nominalREVC = 02], DataUnit [nominalREVC = Balance Sheet], DataUnit [nominalREVC = Both], DataUnit [nominalREVC = A], DataUnit [nominalREVC = ***], DataUnit [nominalREVC = Both], DataUnit [nominalREVC = 0], DataUnit [nominalREVN = REVN], DataUnit [nominalREVN = IM Revenue], DataUnit [nominalREVN = I], DataUnit [nominalREVN = 02], DataUnit [nominalREVN = Balance Sheet], DataUnit [nominalREVN = Both], DataUnit [nominalREVN = A], DataUnit [nominalREVN = ***], DataUnit [nominalREVN = Both], DataUnit [nominalREVN = 0], DataUnit [nominalSUND = SUND], DataUnit [nominalSUND = IM Sundry Debtors], DataUnit [nominalSUND = I], DataUnit [nominalSUND = 02], DataUnit [nominalSUND = Balance Sheet], DataUnit [nominalSUND = Both], DataUnit [nominalSUND = A], DataUnit [nominalSUND = ***], DataUnit [nominalSUND = Both], DataUnit [nominalSUND = 0], DataUnit [nominalRSUP = RSUP], DataUnit [nominalRSUP = IM Return to Supplier], DataUnit [nominalRSUP = I], DataUnit [nominalRSUP = 02], DataUnit [nominalRSUP = Balance Sheet], DataUnit [nominalRSUP = Both], DataUnit [nominalRSUP = A], DataUnit [nominalRSUP = ***], DataUnit [nominalRSUP = Both], DataUnit [nominalRSUP = 0], DataUnit [nominalISSU = ISSU], DataUnit [nominalISSU = IM Issue], DataUnit [nominalISSU = I], DataUnit [nominalISSU = 02], DataUnit [nominalISSU = Balance Sheet], DataUnit [nominalISSU = Both], DataUnit [nominalISSU = A], DataUnit [nominalISSU = ***], DataUnit [nominalISSU = Both], DataUnit [nominalISSU = 0], DataUnit [nominalSTAD = STAD], DataUnit [nominalSTAD = IM Stock Adjustment], DataUnit [nominalSTAD = I], DataUnit [nominalSTAD = 02], DataUnit [nominalSTAD = Balance Sheet], DataUnit [nominalSTAD = Both], DataUnit [nominalSTAD = A], DataUnit [nominalSTAD = ***], DataUnit [nominalSTAD = Both], DataUnit [nominalSTAD = 0], DataUnit [nominalDISP = DISP], DataUnit [nominalDISP = IM Stock Disposal], DataUnit [nominalDISP = I], DataUnit [nominalDISP = 02], DataUnit [nominalDISP = Balance Sheet], DataUnit [nominalDISP = Both], DataUnit [nominalDISP = A], DataUnit [nominalDISP = ***], DataUnit [nominalDISP = Both], DataUnit [nominalDISP = 0], DataUnit [nominalRSTR = RSTR], DataUnit [nominalRSTR = IM Return to Store], DataUnit [nominalRSTR = I], DataUnit [nominalRSTR = 02], DataUnit [nominalRSTR = Balance Sheet], DataUnit [nominalRSTR = Both], DataUnit [nominalRSTR = A], DataUnit [nominalRSTR = ***], DataUnit [nominalRSTR = Both], DataUnit [nominalRSTR = 0], DataUnit [nominalDEN = DEN], DataUnit [nominalDEN = Denon Account], DataUnit [nominalDEN = T], DataUnit [nominalDEN = 04], DataUnit [nominalDEN = Profit &amp; Loss], DataUnit [nominalDEN = Both], DataUnit [nominalDEN = A], DataUnit [nominalDEN = ***], DataUnit [nominalDEN = both], DataUnit [nominalDEN = 0], DataUnit [nominalARCM = ARCM], DataUnit [nominalARCM = Arcam Account], DataUnit [nominalARCM = T], DataUnit [nominalARCM = 04], DataUnit [nominalARCM = Profit &amp; Loss], DataUnit [nominalARCM = Both], DataUnit [nominalARCM = A], DataUnit [nominalARCM = ***], DataUnit [nominalARCM = both], DataUnit [nominalARCM = 0]]</td>
</tr>
<tr><td>
<div class="stacktrace">org.openqa.selenium.NoSuchElementException: Unable to locate element: //fieldset/legend[text()=&apos;Command&apos;]/..//input[contains(@name,&apos;COMMAND&apos;)]
For documentation on this error, please visit: http://seleniumhq.org/exceptions/no_such_element.html
Build info: version: &apos;unknown&apos;, revision: &apos;1969d75&apos;, time: &apos;2016-10-18 09:43:45 -0700&apos;
System info: host: &apos;ChetnaM-PC&apos;, ip: &apos;10.31.16.11&apos;, os.name: &apos;Windows 10&apos;, os.arch: &apos;amd64&apos;, os.version: &apos;10.0&apos;, java.version: &apos;1.8.0_112&apos;
Driver info: org.openqa.selenium.firefox.FirefoxDriver
Capabilities [{rotatable=false, raisesAccessibilityExceptions=false, marionette=true, firefoxOptions={args=[], prefs={}}, appBuildId=20160421124000, version=, platform=XP, proxy={}, specificationLevel=1, acceptSslCerts=false, browserVersion=46.0, platformVersion=10.0, XULappId={ec8030f7-c20a-464f-9b0e-13a3a9e97384}, browserName=Firefox, takesScreenshot=true, takesElementScreenshot=true, platformName=Windows_NT, device=desktop}]
Session ID: 1529859b-9219-4df5-9f95-2f4e6fe823aa
*** Element info: {Using=xpath, value=//fieldset/legend[text()=&apos;Command&apos;]/..//input[contains(@name,&apos;COMMAND&apos;)]}
	at sun.reflect.GeneratedConstructorAccessor25.newInstance(Unknown Source)
	at sun.reflect.DelegatingConstructorAccessorImpl.newInstance(Unknown Source)
	at java.lang.reflect.Constructor.newInstance(Unknown Source)
	at org.openqa.selenium.remote.http.W3CHttpResponseCodec.createException(W3CHttpResponseCodec.java:127)
	at org.openqa.selenium.remote.http.W3CHttpResponseCodec.decode(W3CHttpResponseCodec.java:93)
	at org.openqa.selenium.remote.http.W3CHttpResponseCodec.decode(W3CHttpResponseCodec.java:42)
	at org.openqa.selenium.remote.HttpCommandExecutor.execute(HttpCommandExecutor.java:163)
	at org.openqa.selenium.remote.service.DriverCommandExecutor.execute(DriverCommandExecutor.java:82)
	at org.openqa.selenium.remote.RemoteWebDriver.execute(RemoteWebDriver.java:601)
	at org.openqa.selenium.remote.RemoteWebDriver.findElement(RemoteWebDriver.java:368)
	at org.openqa.selenium.remote.RemoteWebDriver.findElementByXPath(RemoteWebDriver.java:473)
	at org.openqa.selenium.By$ByXPath.findElement(By.java:361)
	at org.openqa.selenium.remote.RemoteWebDriver.findElement(RemoteWebDriver.java:360)
	at sun.reflect.GeneratedMethodAccessor9.invoke(Unknown Source)
	at sun.reflect.DelegatingMethodAccessorImpl.invoke(Unknown Source)
	at java.lang.reflect.Method.invoke(Unknown Source)
	at org.openqa.selenium.support.events.EventFiringWebDriver$2.invoke(EventFiringWebDriver.java:103)
	at com.sun.proxy.$Proxy9.findElement(Unknown Source)
	at org.openqa.selenium.support.events.EventFiringWebDriver.findElement(EventFiringWebDriver.java:187)
	at com.adv.qa.selenium.framework.pageObjects.currency.CurrencyPage.isCommandDisplayed(CurrencyPage.java:141)
	at com.adv.qa.selenium.tests.currency.A018C_Ledger_Control_Nominals.verify(A018C_Ledger_Control_Nominals.java:58)
	at sun.reflect.NativeMethodAccessorImpl.invoke0(Native Method)
	at sun.reflect.NativeMethodAccessorImpl.invoke(Unknown Source)
	at sun.reflect.DelegatingMethodAccessorImpl.invoke(Unknown Source)
	at java.lang.reflect.Method.invoke(Unknown Source)
	at org.testng.internal.MethodInvocationHelper.invokeMethod(MethodInvocationHelper.java:104)
	at org.testng.internal.InvokeMethodRunnable.runOne(InvokeMethodRunnable.java:54)
	at org.testng.internal.InvokeMethodRunnable.run(InvokeMethodRunnable.java:44)
	at java.util.concurrent.Executors$RunnableAdapter.call(Unknown Source)
	at java.util.concurrent.FutureTask.run(Unknown Source)
	at java.util.concurrent.ThreadPoolExecutor.runWorker(Unknown Source)
	at java.util.concurrent.ThreadPoolExecutor$Worker.run(Unknown Source)
	at java.lang.Thread.run(Unknown Source)
</div>
</td></tr>
</table>
<p class="totop"><a href="#summary">back to summary</a></p>
<h1>suite12</h1>
<h2 id="m26">com.adv.qa.selenium.tests.currency.A018E_Ledger_Control_Nominals:verify</h2>
<table cellspacing="0" cellpadding="0" class="result">
<tr class="param"><th>Parameter #1</th></tr>
<tr class="param stripe"><td>[DataUnit [userName = BM1], DataUnit [passWord = E5], DataUnit [code = EBA], DataUnit [nominalGLICA1 = GLICA1], DataUnit [nominalGLICA1 = GL ICA Account1], DataUnit [nominalGLICA1 = A], DataUnit [nominalGLICA1 = 02], DataUnit [nominalGLICA1 = Balance Sheet], DataUnit [nominalGLICA1 = Both], DataUnit [nominalGLICA1 = A], DataUnit [nominalGLICA1 = ***], DataUnit [nominalGLICA1 = Both], DataUnit [nominalGLICA1 = 0], DataUnit [nominal4000 = 4000], DataUnit [nominal4000 = Account 4000], DataUnit [nominal4000 = P], DataUnit [nominal4000 = 03], DataUnit [nominal4000 = Profit &amp; Loss], DataUnit [nominal4000 = Both], DataUnit [nominal4000 = A], DataUnit [nominal4000 = ***], DataUnit [nominal4000 = Both], DataUnit [nominal4000 = 0], DataUnit [nominal4100 = 4100], DataUnit [nominal4100 = Account 4100], DataUnit [nominal4100 = P], DataUnit [nominal4100 = 03], DataUnit [nominal4100 = Profit &amp; Loss], DataUnit [nominal4100 = Both], DataUnit [nominal4100 = A], DataUnit [nominal4100 = ***], DataUnit [nominal4100 = Both], DataUnit [nominal4100 = 0], DataUnit [nominal4200 = 4200], DataUnit [nominal4200 = Account 4200], DataUnit [nominal4200 = P], DataUnit [nominal4200 = 03], DataUnit [nominal4200 = Profit &amp; Loss], DataUnit [nominal4200 = Both], DataUnit [nominal4200 = A], DataUnit [nominal4200 = UKP], DataUnit [nominal4200 = Base], DataUnit [nominal4200 = 0], DataUnit [nominal6000 = 6000], DataUnit [nominal6000 = Account 6000], DataUnit [nominal6000 = P], DataUnit [nominal6000 = 04], DataUnit [nominal6000 = Profit &amp; Loss], DataUnit [nominal6000 = Both], DataUnit [nominal6000 = A], DataUnit [nominal6000 = UKP], DataUnit [nominal6000 = Base], DataUnit [nominal6000 = 0], DataUnit [nominal6100 = 6100], DataUnit [nominal6100 = Account 6100], DataUnit [nominal6100 = P], DataUnit [nominal6100 = 04], DataUnit [nominal6100 = Profit &amp; Loss], DataUnit [nominal6100 = Both], DataUnit [nominal6100 = A], DataUnit [nominal6100 = UKP], DataUnit [nominal6100 = Base], DataUnit [nominal6100 = 0], DataUnit [nominal1560 = 1560], DataUnit [nominal1560 = Purch.Curr.Bank A/C], DataUnit [nominal1560 = B], DataUnit [nominal1560 = 01], DataUnit [nominal1560 = Balance Sheet], DataUnit [nominal1560 = Both], DataUnit [nominal1560 = A], DataUnit [nominal1560 = ***], DataUnit [nominal1560 = Both], DataUnit [nominal1560 = 0], DataUnit [nominal1661 = 1661], DataUnit [nominal1661 = PrePayments A], DataUnit [nominal1661 = B], DataUnit [nominal1661 = 01], DataUnit [nominal1661 = Balance Sheet], DataUnit [nominal1661 = Both], DataUnit [nominal1661 = A], DataUnit [nominal1661 = ***], DataUnit [nominal1661 = Both], DataUnit [nominal1661 = 0], DataUnit [nominal2001 = 2001], DataUnit [nominal2001 = Creditors Control A], DataUnit [nominal2001 = B], DataUnit [nominal2001 = 02], DataUnit [nominal2001 = Balance Sheet], DataUnit [nominal2001 = Both], DataUnit [nominal2001 = A], DataUnit [nominal2001 = ***], DataUnit [nominal2001 = Both], DataUnit [nominal2001 = 0], DataUnit [nominal2100 = 2100], DataUnit [nominal2100 = Standard VAT], DataUnit [nominal2100 = C], DataUnit [nominal2100 = 02], DataUnit [nominal2100 = Balance Sheet], DataUnit [nominal2100 = Both], DataUnit [nominal2100 = A], DataUnit [nominal2100 = ***], DataUnit [nominal2100 = Both], DataUnit [nominal2100 = 0]]</td>
</tr>
<tr><td>
<div class="stacktrace">org.openqa.selenium.NoSuchElementException: Unable to locate element: //fieldset/legend[text()=&apos;Command&apos;]/..//input[contains(@name,&apos;COMMAND&apos;)]
For documentation on this error, please visit: http://seleniumhq.org/exceptions/no_such_element.html
Build info: version: &apos;unknown&apos;, revision: &apos;1969d75&apos;, time: &apos;2016-10-18 09:43:45 -0700&apos;
System info: host: &apos;ChetnaM-PC&apos;, ip: &apos;10.31.16.11&apos;, os.name: &apos;Windows 10&apos;, os.arch: &apos;amd64&apos;, os.version: &apos;10.0&apos;, java.version: &apos;1.8.0_112&apos;
Driver info: org.openqa.selenium.firefox.FirefoxDriver
Capabilities [{rotatable=false, raisesAccessibilityExceptions=false, marionette=true, firefoxOptions={args=[], prefs={}}, appBuildId=20160421124000, version=, platform=XP, proxy={}, specificationLevel=1, acceptSslCerts=false, browserVersion=46.0, platformVersion=10.0, XULappId={ec8030f7-c20a-464f-9b0e-13a3a9e97384}, browserName=Firefox, takesScreenshot=true, takesElementScreenshot=true, platformName=Windows_NT, device=desktop}]
Session ID: 312c4c73-2ada-419a-b316-c87ff2eb33fe
*** Element info: {Using=xpath, value=//fieldset/legend[text()=&apos;Command&apos;]/..//input[contains(@name,&apos;COMMAND&apos;)]}
	at sun.reflect.GeneratedConstructorAccessor25.newInstance(Unknown Source)
	at sun.reflect.DelegatingConstructorAccessorImpl.newInstance(Unknown Source)
	at java.lang.reflect.Constructor.newInstance(Unknown Source)
	at org.openqa.selenium.remote.http.W3CHttpResponseCodec.createException(W3CHttpResponseCodec.java:127)
	at org.openqa.selenium.remote.http.W3CHttpResponseCodec.decode(W3CHttpResponseCodec.java:93)
	at org.openqa.selenium.remote.http.W3CHttpResponseCodec.decode(W3CHttpResponseCodec.java:42)
	at org.openqa.selenium.remote.HttpCommandExecutor.execute(HttpCommandExecutor.java:163)
	at org.openqa.selenium.remote.service.DriverCommandExecutor.execute(DriverCommandExecutor.java:82)
	at org.openqa.selenium.remote.RemoteWebDriver.execute(RemoteWebDriver.java:601)
	at org.openqa.selenium.remote.RemoteWebDriver.findElement(RemoteWebDriver.java:368)
	at org.openqa.selenium.remote.RemoteWebDriver.findElementByXPath(RemoteWebDriver.java:473)
	at org.openqa.selenium.By$ByXPath.findElement(By.java:361)
	at org.openqa.selenium.remote.RemoteWebDriver.findElement(RemoteWebDriver.java:360)
	at sun.reflect.GeneratedMethodAccessor9.invoke(Unknown Source)
	at sun.reflect.DelegatingMethodAccessorImpl.invoke(Unknown Source)
	at java.lang.reflect.Method.invoke(Unknown Source)
	at org.openqa.selenium.support.events.EventFiringWebDriver$2.invoke(EventFiringWebDriver.java:103)
	at com.sun.proxy.$Proxy9.findElement(Unknown Source)
	at org.openqa.selenium.support.events.EventFiringWebDriver.findElement(EventFiringWebDriver.java:187)
	at com.adv.qa.selenium.framework.pageObjects.currency.CurrencyPage.isCommandDisplayed(CurrencyPage.java:141)
	at com.adv.qa.selenium.tests.currency.A018E_Ledger_Control_Nominals.verify(A018E_Ledger_Control_Nominals.java:57)
	at sun.reflect.NativeMethodAccessorImpl.invoke0(Native Method)
	at sun.reflect.NativeMethodAccessorImpl.invoke(Unknown Source)
	at sun.reflect.DelegatingMethodAccessorImpl.invoke(Unknown Source)
	at java.lang.reflect.Method.invoke(Unknown Source)
	at org.testng.internal.MethodInvocationHelper.invokeMethod(MethodInvocationHelper.java:104)
	at org.testng.internal.InvokeMethodRunnable.runOne(InvokeMethodRunnable.java:54)
	at org.testng.internal.InvokeMethodRunnable.run(InvokeMethodRunnable.java:44)
	at java.util.concurrent.Executors$RunnableAdapter.call(Unknown Source)
	at java.util.concurrent.FutureTask.run(Unknown Source)
	at java.util.concurrent.ThreadPoolExecutor.runWorker(Unknown Source)
	at java.util.concurrent.ThreadPoolExecutor$Worker.run(Unknown Source)
	at java.lang.Thread.run(Unknown Source)
</div>
</td></tr>
</table>
<p class="totop"><a href="#summary">back to summary</a></p>
<h2 id="m27">com.adv.qa.selenium.tests.currency.A018D_Ledger_Control_Nominals:verify</h2>
<table cellspacing="0" cellpadding="0" class="result">
<tr class="param"><th>Parameter #1</th></tr>
<tr class="param stripe"><td>[DataUnit [userName = BM], DataUnit [passWord = E5], DataUnit [code = EBA], DataUnit [nominalSTKE = STKE], DataUnit [nominalSTKE = IM Stock East], DataUnit [nominalSTKE = I], DataUnit [nominalSTKE = 02], DataUnit [nominalSTKE = Balance Sheet], DataUnit [nominalSTKE = Both], DataUnit [nominalSTKE = A], DataUnit [nominalSTKE = ***], DataUnit [nominalSTKE = Both], DataUnit [nominalSTKE = 0], DataUnit [nominalSTKS = STKS], DataUnit [nominalSTKS = IM Stock SOUTH], DataUnit [nominalSTKS = I], DataUnit [nominalSTKS = 02], DataUnit [nominalSTKS = Balance Sheet], DataUnit [nominalSTKS = Both], DataUnit [nominalSTKS = A], DataUnit [nominalSTKS = ***], DataUnit [nominalSTKS = Both], DataUnit [nominalSTKS = 0], DataUnit [nominalSTKW = STKW], DataUnit [nominalSTKW = IM Stock WEST], DataUnit [nominalSTKW = I], DataUnit [nominalSTKW = 02], DataUnit [nominalSTKW = Balance Sheet], DataUnit [nominalSTKW = Both], DataUnit [nominalSTKW = A], DataUnit [nominalSTKW = ***], DataUnit [nominalSTKW = Both], DataUnit [nominalSTKW = 0], DataUnit [nominalSTKN = STKN], DataUnit [nominalSTKN = IM Stock NORTH], DataUnit [nominalSTKN = I], DataUnit [nominalSTKN = 02], DataUnit [nominalSTKN = Balance Sheet], DataUnit [nominalSTKN = Both], DataUnit [nominalSTKN = A], DataUnit [nominalSTKN = ***], DataUnit [nominalSTKN = Both], DataUnit [nominalSTKN = 0], DataUnit [nominalINTE = INTE], DataUnit [nominalINTE = IM In-transit Store East], DataUnit [nominalINTE = A], DataUnit [nominalINTE = 02], DataUnit [nominalINTE = Balance Sheet], DataUnit [nominalINTE = Both], DataUnit [nominalINTE = A], DataUnit [nominalINTE = ***], DataUnit [nominalINTE = Both], DataUnit [nominalINTE = 0], DataUnit [nominalINTW = INTW], DataUnit [nominalINTW = IM In-transit Store West], DataUnit [nominalINTW = A], DataUnit [nominalINTW = 02], DataUnit [nominalINTW = Balance Sheet], DataUnit [nominalINTW = Both], DataUnit [nominalINTW = A], DataUnit [nominalINTW = ***], DataUnit [nominalINTW = Both], DataUnit [nominalINTW = 0], DataUnit [nominalINTS = INTS], DataUnit [nominalINTS = IM In-transit Store South], DataUnit [nominalINTS = A], DataUnit [nominalINTS = 02], DataUnit [nominalINTS = Balance Sheet], DataUnit [nominalINTS = Both], DataUnit [nominalINTS = A], DataUnit [nominalINTS = ***], DataUnit [nominalINTS = Both], DataUnit [nominalINTS = 0], DataUnit [nominalINTN = INTN], DataUnit [nominalINTN = IM In-transit Store North], DataUnit [nominalINTN = A], DataUnit [nominalINTN = 02], DataUnit [nominalINTN = Balance Sheet], DataUnit [nominalINTN = Both], DataUnit [nominalINTN = A], DataUnit [nominalINTN = ***], DataUnit [nominalINTN = Both], DataUnit [nominalINTN = 0], DataUnit [nominalDEN = DEN], DataUnit [nominalDEN = Denon Account], DataUnit [nominalDEN = T], DataUnit [nominalDEN = 04], DataUnit [nominalDEN = Profit &amp; Loss], DataUnit [nominalDEN = Both], DataUnit [nominalDEN = A], DataUnit [nominalDEN = ***], DataUnit [nominalDEN = both], DataUnit [nominalDEN = 0], DataUnit [nominalARCM = ARCM], DataUnit [nominalARCM = Arcam Account], DataUnit [nominalARCM = T], DataUnit [nominalARCM = 04], DataUnit [nominalARCM = Profit &amp; Loss], DataUnit [nominalARCM = Both], DataUnit [nominalARCM = A], DataUnit [nominalARCM = ***], DataUnit [nominalARCM = both], DataUnit [nominalARCM = 0]]</td>
</tr>
<tr><td>
<div class="stacktrace">org.openqa.selenium.NoSuchElementException: Unable to locate element: //fieldset/legend[text()=&apos;Command&apos;]/..//input[contains(@name,&apos;COMMAND&apos;)]
For documentation on this error, please visit: http://seleniumhq.org/exceptions/no_such_element.html
Build info: version: &apos;unknown&apos;, revision: &apos;1969d75&apos;, time: &apos;2016-10-18 09:43:45 -0700&apos;
System info: host: &apos;ChetnaM-PC&apos;, ip: &apos;10.31.16.11&apos;, os.name: &apos;Windows 10&apos;, os.arch: &apos;amd64&apos;, os.version: &apos;10.0&apos;, java.version: &apos;1.8.0_112&apos;
Driver info: org.openqa.selenium.firefox.FirefoxDriver
Capabilities [{rotatable=false, raisesAccessibilityExceptions=false, marionette=true, firefoxOptions={args=[], prefs={}}, appBuildId=20160421124000, version=, platform=XP, proxy={}, specificationLevel=1, acceptSslCerts=false, browserVersion=46.0, platformVersion=10.0, XULappId={ec8030f7-c20a-464f-9b0e-13a3a9e97384}, browserName=Firefox, takesScreenshot=true, takesElementScreenshot=true, platformName=Windows_NT, device=desktop}]
Session ID: 173f19c1-886f-47bb-96ba-41fb78a86fd2
*** Element info: {Using=xpath, value=//fieldset/legend[text()=&apos;Command&apos;]/..//input[contains(@name,&apos;COMMAND&apos;)]}
	at sun.reflect.GeneratedConstructorAccessor25.newInstance(Unknown Source)
	at sun.reflect.DelegatingConstructorAccessorImpl.newInstance(Unknown Source)
	at java.lang.reflect.Constructor.newInstance(Unknown Source)
	at org.openqa.selenium.remote.http.W3CHttpResponseCodec.createException(W3CHttpResponseCodec.java:127)
	at org.openqa.selenium.remote.http.W3CHttpResponseCodec.decode(W3CHttpResponseCodec.java:93)
	at org.openqa.selenium.remote.http.W3CHttpResponseCodec.decode(W3CHttpResponseCodec.java:42)
	at org.openqa.selenium.remote.HttpCommandExecutor.execute(HttpCommandExecutor.java:163)
	at org.openqa.selenium.remote.service.DriverCommandExecutor.execute(DriverCommandExecutor.java:82)
	at org.openqa.selenium.remote.RemoteWebDriver.execute(RemoteWebDriver.java:601)
	at org.openqa.selenium.remote.RemoteWebDriver.findElement(RemoteWebDriver.java:368)
	at org.openqa.selenium.remote.RemoteWebDriver.findElementByXPath(RemoteWebDriver.java:473)
	at org.openqa.selenium.By$ByXPath.findElement(By.java:361)
	at org.openqa.selenium.remote.RemoteWebDriver.findElement(RemoteWebDriver.java:360)
	at sun.reflect.GeneratedMethodAccessor9.invoke(Unknown Source)
	at sun.reflect.DelegatingMethodAccessorImpl.invoke(Unknown Source)
	at java.lang.reflect.Method.invoke(Unknown Source)
	at org.openqa.selenium.support.events.EventFiringWebDriver$2.invoke(EventFiringWebDriver.java:103)
	at com.sun.proxy.$Proxy9.findElement(Unknown Source)
	at org.openqa.selenium.support.events.EventFiringWebDriver.findElement(EventFiringWebDriver.java:187)
	at com.adv.qa.selenium.framework.pageObjects.currency.CurrencyPage.isCommandDisplayed(CurrencyPage.java:141)
	at com.adv.qa.selenium.tests.currency.A018D_Ledger_Control_Nominals.verify(A018D_Ledger_Control_Nominals.java:57)
	at sun.reflect.NativeMethodAccessorImpl.invoke0(Native Method)
	at sun.reflect.NativeMethodAccessorImpl.invoke(Unknown Source)
	at sun.reflect.DelegatingMethodAccessorImpl.invoke(Unknown Source)
	at java.lang.reflect.Method.invoke(Unknown Source)
	at org.testng.internal.MethodInvocationHelper.invokeMethod(MethodInvocationHelper.java:104)
	at org.testng.internal.InvokeMethodRunnable.runOne(InvokeMethodRunnable.java:54)
	at org.testng.internal.InvokeMethodRunnable.run(InvokeMethodRunnable.java:44)
	at java.util.concurrent.Executors$RunnableAdapter.call(Unknown Source)
	at java.util.concurrent.FutureTask.run(Unknown Source)
	at java.util.concurrent.ThreadPoolExecutor.runWorker(Unknown Source)
	at java.util.concurrent.ThreadPoolExecutor$Worker.run(Unknown Source)
	at java.lang.Thread.run(Unknown Source)
</div>
</td></tr>
</table>
<p class="totop"><a href="#summary">back to summary</a></p>
<h1>suite13</h1>
<h2 id="m28">com.adv.qa.selenium.tests.currency.A018F_Ledger_Control_Nominals:verify</h2>
<table cellspacing="0" cellpadding="0" class="result">
<tr class="param"><th>Parameter #1</th></tr>
<tr class="param stripe"><td>[DataUnit [userName = BM], DataUnit [passWord = E5], DataUnit [code = EBA], DataUnit [nominal5500 = 5500], DataUnit [nominal5500 = PL Account], DataUnit [nominal5500 = T], DataUnit [nominal5500 = 04], DataUnit [nominal5500 = Profit &amp; Loss], DataUnit [nominal5500 = Both], DataUnit [nominal5500 = A], DataUnit [nominal5500 = ***], DataUnit [nominal5500 = Both], DataUnit [nominal5500 = 0], DataUnit [nominalVATA = VATA], DataUnit [nominalVATA = VAT Control Account], DataUnit [nominalVATA = B], DataUnit [nominalVATA = 03], DataUnit [nominalVATA = Balance Sheet], DataUnit [nominalVATA = Both], DataUnit [nominalVATA = A], DataUnit [nominalVATA = ***], DataUnit [nominalVATA = Both], DataUnit [nominalVATA = 0], DataUnit [nominal5901 = 5901], DataUnit [nominal5901 = PPV Control], DataUnit [nominal5901 = G], DataUnit [nominal5901 = 01], DataUnit [nominal5901 = Balance Sheet], DataUnit [nominal5901 = Both], DataUnit [nominal5901 = A], DataUnit [nominal5901 = ***], DataUnit [nominal5901 = Both], DataUnit [nominal5901 = 0], DataUnit [nominal5902 = 5902], DataUnit [nominal5902 = PPV Reserve], DataUnit [nominal5902 = G], DataUnit [nominal5902 = 01], DataUnit [nominal5902 = Balance Sheet], DataUnit [nominal5902 = Both], DataUnit [nominal5902 = A], DataUnit [nominal5902 = ***], DataUnit [nominal5902 = Both], DataUnit [nominal5902 = 0], DataUnit [nominal5903 = 5903], DataUnit [nominal5903 = PPV Suspense], DataUnit [nominal5903 = G], DataUnit [nominal5903 = 01], DataUnit [nominal5903 = Balance Sheet], DataUnit [nominal5903 = Both], DataUnit [nominal5903 = A], DataUnit [nominal5903 = ***], DataUnit [nominal5903 = Both], DataUnit [nominal5903 = 0], DataUnit [nominalEXP1 = EXP1], DataUnit [nominalEXP1 = Expense Account 1], DataUnit [nominalEXP1 = T], DataUnit [nominalEXP1 = 04], DataUnit [nominalEXP1 = Balance Sheet], DataUnit [nominalEXP1 = Both], DataUnit [nominalEXP1 = A], DataUnit [nominalEXP1 = ***], DataUnit [nominalEXP1 = Both], DataUnit [nominalEXP1 = 0], DataUnit [nominalEXP2 = EXP2], DataUnit [nominalEXP2 = Expense Account 2], DataUnit [nominalEXP2 = T], DataUnit [nominalEXP2 = 04], DataUnit [nominalEXP2 = Balance Sheet], DataUnit [nominalEXP2 = Both], DataUnit [nominalEXP2 = A], DataUnit [nominalEXP2 = ***], DataUnit [nominalEXP2 = Both], DataUnit [nominalEXP2 = 0], DataUnit [nominalTRAN = TRAN], DataUnit [nominalTRAN = IM Transfer], DataUnit [nominalTRAN = I], DataUnit [nominalTRAN = 02], DataUnit [nominalTRAN = Balance Sheet], DataUnit [nominalTRAN = Both], DataUnit [nominalTRAN = A], DataUnit [nominalTRAN = ***], DataUnit [nominalTRAN = Both], DataUnit [nominalTRAN = 0], DataUnit [nominalSTKR = STKR], DataUnit [nominalSTKR = IM Stock Revaluation], DataUnit [nominalSTKR = I], DataUnit [nominalSTKR = 02], DataUnit [nominalSTKR = Balance Sheet], DataUnit [nominalSTKR = Both], DataUnit [nominalSTKR = A], DataUnit [nominalSTKR = ***], DataUnit [nominalSTKR = Both], DataUnit [nominalSTKR = 0], DataUnit [nominalOCST = OCST], DataUnit [nominalOCST = IM On Cost], DataUnit [nominalOCST = I], DataUnit [nominalOCST = 02], DataUnit [nominalOCST = Balance Sheet], DataUnit [nominalOCST = Both], DataUnit [nominalOCST = A], DataUnit [nominalOCST = ***], DataUnit [nominalOCST = Both], DataUnit [nominalOCST = 0]]</td>
</tr>
<tr><td>
<div class="stacktrace">org.openqa.selenium.NoSuchElementException: Unable to locate element: //fieldset/legend[text()=&apos;Command&apos;]/..//input[contains(@name,&apos;COMMAND&apos;)]
For documentation on this error, please visit: http://seleniumhq.org/exceptions/no_such_element.html
Build info: version: &apos;unknown&apos;, revision: &apos;1969d75&apos;, time: &apos;2016-10-18 09:43:45 -0700&apos;
System info: host: &apos;ChetnaM-PC&apos;, ip: &apos;10.31.16.11&apos;, os.name: &apos;Windows 10&apos;, os.arch: &apos;amd64&apos;, os.version: &apos;10.0&apos;, java.version: &apos;1.8.0_112&apos;
Driver info: org.openqa.selenium.firefox.FirefoxDriver
Capabilities [{rotatable=false, raisesAccessibilityExceptions=false, marionette=true, firefoxOptions={args=[], prefs={}}, appBuildId=20160421124000, version=, platform=XP, proxy={}, specificationLevel=1, acceptSslCerts=false, browserVersion=46.0, platformVersion=10.0, XULappId={ec8030f7-c20a-464f-9b0e-13a3a9e97384}, browserName=Firefox, takesScreenshot=true, takesElementScreenshot=true, platformName=Windows_NT, device=desktop}]
Session ID: a3cc802a-d289-40c7-8a69-4f6d5e6e6173
*** Element info: {Using=xpath, value=//fieldset/legend[text()=&apos;Command&apos;]/..//input[contains(@name,&apos;COMMAND&apos;)]}
	at sun.reflect.GeneratedConstructorAccessor25.newInstance(Unknown Source)
	at sun.reflect.DelegatingConstructorAccessorImpl.newInstance(Unknown Source)
	at java.lang.reflect.Constructor.newInstance(Unknown Source)
	at org.openqa.selenium.remote.http.W3CHttpResponseCodec.createException(W3CHttpResponseCodec.java:127)
	at org.openqa.selenium.remote.http.W3CHttpResponseCodec.decode(W3CHttpResponseCodec.java:93)
	at org.openqa.selenium.remote.http.W3CHttpResponseCodec.decode(W3CHttpResponseCodec.java:42)
	at org.openqa.selenium.remote.HttpCommandExecutor.execute(HttpCommandExecutor.java:163)
	at org.openqa.selenium.remote.service.DriverCommandExecutor.execute(DriverCommandExecutor.java:82)
	at org.openqa.selenium.remote.RemoteWebDriver.execute(RemoteWebDriver.java:601)
	at org.openqa.selenium.remote.RemoteWebDriver.findElement(RemoteWebDriver.java:368)
	at org.openqa.selenium.remote.RemoteWebDriver.findElementByXPath(RemoteWebDriver.java:473)
	at org.openqa.selenium.By$ByXPath.findElement(By.java:361)
	at org.openqa.selenium.remote.RemoteWebDriver.findElement(RemoteWebDriver.java:360)
	at sun.reflect.GeneratedMethodAccessor9.invoke(Unknown Source)
	at sun.reflect.DelegatingMethodAccessorImpl.invoke(Unknown Source)
	at java.lang.reflect.Method.invoke(Unknown Source)
	at org.openqa.selenium.support.events.EventFiringWebDriver$2.invoke(EventFiringWebDriver.java:103)
	at com.sun.proxy.$Proxy9.findElement(Unknown Source)
	at org.openqa.selenium.support.events.EventFiringWebDriver.findElement(EventFiringWebDriver.java:187)
	at com.adv.qa.selenium.framework.pageObjects.currency.CurrencyPage.isCommandDisplayed(CurrencyPage.java:141)
	at com.adv.qa.selenium.tests.currency.A018F_Ledger_Control_Nominals.verify(A018F_Ledger_Control_Nominals.java:58)
	at sun.reflect.NativeMethodAccessorImpl.invoke0(Native Method)
	at sun.reflect.NativeMethodAccessorImpl.invoke(Unknown Source)
	at sun.reflect.DelegatingMethodAccessorImpl.invoke(Unknown Source)
	at java.lang.reflect.Method.invoke(Unknown Source)
	at org.testng.internal.MethodInvocationHelper.invokeMethod(MethodInvocationHelper.java:104)
	at org.testng.internal.InvokeMethodRunnable.runOne(InvokeMethodRunnable.java:54)
	at org.testng.internal.InvokeMethodRunnable.run(InvokeMethodRunnable.java:44)
	at java.util.concurrent.Executors$RunnableAdapter.call(Unknown Source)
	at java.util.concurrent.FutureTask.run(Unknown Source)
	at java.util.concurrent.ThreadPoolExecutor.runWorker(Unknown Source)
	at java.util.concurrent.ThreadPoolExecutor$Worker.run(Unknown Source)
	at java.lang.Thread.run(Unknown Source)
</div>
</td></tr>
</table>
<p class="totop"><a href="#summary">back to summary</a></p>
<h2 id="m29">com.adv.qa.selenium.tests.currency.A018G_Ledger_Control_Nominals:verify</h2>
<table cellspacing="0" cellpadding="0" class="result">
<tr class="param"><th>Parameter #1</th></tr>
<tr class="param stripe"><td>[DataUnit [userName = BM1], DataUnit [passWord = E5], DataUnit [code = EBA], DataUnit [nominalSONY = SONY], DataUnit [nominalSONY = Sony Account], DataUnit [nominalSONY = T], DataUnit [nominalSONY = 04], DataUnit [nominalSONY = Profit &amp; Loss], DataUnit [nominalSONY = Both], DataUnit [nominalSONY = A], DataUnit [nominalSONY = ***], DataUnit [nominalSONY = Both], DataUnit [nominalSONY = 0], DataUnit [nominalPION = PION], DataUnit [nominalPION = Pioneer Account], DataUnit [nominalPION = T], DataUnit [nominalPION = 04], DataUnit [nominalPION = Profit &amp; Loss], DataUnit [nominalPION = Both], DataUnit [nominalPION = A], DataUnit [nominalPION = ***], DataUnit [nominalPION = Both], DataUnit [nominalPION = 0], DataUnit [nominalTOSH = TOSH], DataUnit [nominalTOSH = Toshiba Account], DataUnit [nominalTOSH = T], DataUnit [nominalTOSH = 04], DataUnit [nominalTOSH = Profit &amp; Loss], DataUnit [nominalTOSH = Both], DataUnit [nominalTOSH = A], DataUnit [nominalTOSH = ***], DataUnit [nominalTOSH = Both], DataUnit [nominalTOSH = 0], DataUnit [nominalPANN = PANN], DataUnit [nominalPANN = Panasonic Account], DataUnit [nominalPANN = T], DataUnit [nominalPANN = 04], DataUnit [nominalPANN = Profit &amp; Loss], DataUnit [nominalPANN = Both], DataUnit [nominalPANN = A], DataUnit [nominalPANN = ***], DataUnit [nominalPANN = Both], DataUnit [nominalPANN = 0], DataUnit [nominalWHAF = WHAF], DataUnit [nominalWHAF = Wharfedale Account], DataUnit [nominalWHAF = T], DataUnit [nominalWHAF = 04], DataUnit [nominalWHAF = Profit &amp; Loss], DataUnit [nominalWHAF = Both], DataUnit [nominalWHAF = A], DataUnit [nominalWHAF = ***], DataUnit [nominalWHAF = Both], DataUnit [nominalWHAF = 0], DataUnit [nominalSHIN = SHIN], DataUnit [nominalSHIN = Shinco Account], DataUnit [nominalSHIN = T], DataUnit [nominalSHIN = 04], DataUnit [nominalSHIN = Profit &amp; Loss], DataUnit [nominalSHIN = Both], DataUnit [nominalSHIN = A], DataUnit [nominalSHIN = ***], DataUnit [nominalSHIN = Both], DataUnit [nominalSHIN = 0], DataUnit [nominalGRUN = GRUN], DataUnit [nominalGRUN = Grundig Account], DataUnit [nominalGRUN = T], DataUnit [nominalGRUN = 04], DataUnit [nominalGRUN = Profit &amp; Loss], DataUnit [nominalGRUN = Both], DataUnit [nominalGRUN = A], DataUnit [nominalGRUN = ***], DataUnit [nominalGRUN = Both], DataUnit [nominalGRUN = 0], DataUnit [nominalSAMS = SAMS], DataUnit [nominalSAMS = Samsung Account], DataUnit [nominalSAMS = T], DataUnit [nominalSAMS = 04], DataUnit [nominalSAMS = Profit &amp; Loss], DataUnit [nominalSAMS = Both], DataUnit [nominalSAMS = A], DataUnit [nominalSAMS = ***], DataUnit [nominalSAMS = Both], DataUnit [nominalSAMS = 0], DataUnit [nominalHITC = HITC], DataUnit [nominalHITC = Hitachi Account], DataUnit [nominalHITC = T], DataUnit [nominalHITC = 04], DataUnit [nominalHITC = Profit &amp; Loss], DataUnit [nominalHITC = Both], DataUnit [nominalHITC = A], DataUnit [nominalHITC = ***], DataUnit [nominalHITC = Both], DataUnit [nominalHITC = 0], DataUnit [nominalAIWA = AIWA], DataUnit [nominalAIWA = Aiwa Account], DataUnit [nominalAIWA = T], DataUnit [nominalAIWA = 04], DataUnit [nominalAIWA = Profit &amp; Loss], DataUnit [nominalAIWA = Both], DataUnit [nominalAIWA = A], DataUnit [nominalAIWA = ***], DataUnit [nominalAIWA = Both], DataUnit [nominalAIWA = 0]]</td>
</tr>
<tr><td>
<div class="stacktrace">org.openqa.selenium.NoSuchElementException: Unable to locate element: //fieldset/legend[text()=&apos;Command&apos;]/..//input[contains(@name,&apos;COMMAND&apos;)]
For documentation on this error, please visit: http://seleniumhq.org/exceptions/no_such_element.html
Build info: version: &apos;unknown&apos;, revision: &apos;1969d75&apos;, time: &apos;2016-10-18 09:43:45 -0700&apos;
System info: host: &apos;ChetnaM-PC&apos;, ip: &apos;10.31.16.11&apos;, os.name: &apos;Windows 10&apos;, os.arch: &apos;amd64&apos;, os.version: &apos;10.0&apos;, java.version: &apos;1.8.0_112&apos;
Driver info: org.openqa.selenium.firefox.FirefoxDriver
Capabilities [{rotatable=false, raisesAccessibilityExceptions=false, marionette=true, firefoxOptions={args=[], prefs={}}, appBuildId=20160421124000, version=, platform=XP, proxy={}, specificationLevel=1, acceptSslCerts=false, browserVersion=46.0, platformVersion=10.0, XULappId={ec8030f7-c20a-464f-9b0e-13a3a9e97384}, browserName=Firefox, takesScreenshot=true, takesElementScreenshot=true, platformName=Windows_NT, device=desktop}]
Session ID: de7d4cf3-ca07-4e49-b9a2-d231095fcd09
*** Element info: {Using=xpath, value=//fieldset/legend[text()=&apos;Command&apos;]/..//input[contains(@name,&apos;COMMAND&apos;)]}
	at sun.reflect.GeneratedConstructorAccessor25.newInstance(Unknown Source)
	at sun.reflect.DelegatingConstructorAccessorImpl.newInstance(Unknown Source)
	at java.lang.reflect.Constructor.newInstance(Unknown Source)
	at org.openqa.selenium.remote.http.W3CHttpResponseCodec.createException(W3CHttpResponseCodec.java:127)
	at org.openqa.selenium.remote.http.W3CHttpResponseCodec.decode(W3CHttpResponseCodec.java:93)
	at org.openqa.selenium.remote.http.W3CHttpResponseCodec.decode(W3CHttpResponseCodec.java:42)
	at org.openqa.selenium.remote.HttpCommandExecutor.execute(HttpCommandExecutor.java:163)
	at org.openqa.selenium.remote.service.DriverCommandExecutor.execute(DriverCommandExecutor.java:82)
	at org.openqa.selenium.remote.RemoteWebDriver.execute(RemoteWebDriver.java:601)
	at org.openqa.selenium.remote.RemoteWebDriver.findElement(RemoteWebDriver.java:368)
	at org.openqa.selenium.remote.RemoteWebDriver.findElementByXPath(RemoteWebDriver.java:473)
	at org.openqa.selenium.By$ByXPath.findElement(By.java:361)
	at org.openqa.selenium.remote.RemoteWebDriver.findElement(RemoteWebDriver.java:360)
	at sun.reflect.GeneratedMethodAccessor9.invoke(Unknown Source)
	at sun.reflect.DelegatingMethodAccessorImpl.invoke(Unknown Source)
	at java.lang.reflect.Method.invoke(Unknown Source)
	at org.openqa.selenium.support.events.EventFiringWebDriver$2.invoke(EventFiringWebDriver.java:103)
	at com.sun.proxy.$Proxy9.findElement(Unknown Source)
	at org.openqa.selenium.support.events.EventFiringWebDriver.findElement(EventFiringWebDriver.java:187)
	at com.adv.qa.selenium.framework.pageObjects.currency.CurrencyPage.isCommandDisplayed(CurrencyPage.java:141)
	at com.adv.qa.selenium.tests.currency.A018G_Ledger_Control_Nominals.verify(A018G_Ledger_Control_Nominals.java:59)
	at sun.reflect.NativeMethodAccessorImpl.invoke0(Native Method)
	at sun.reflect.NativeMethodAccessorImpl.invoke(Unknown Source)
	at sun.reflect.DelegatingMethodAccessorImpl.invoke(Unknown Source)
	at java.lang.reflect.Method.invoke(Unknown Source)
	at org.testng.internal.MethodInvocationHelper.invokeMethod(MethodInvocationHelper.java:104)
	at org.testng.internal.InvokeMethodRunnable.runOne(InvokeMethodRunnable.java:54)
	at org.testng.internal.InvokeMethodRunnable.run(InvokeMethodRunnable.java:44)
	at java.util.concurrent.Executors$RunnableAdapter.call(Unknown Source)
	at java.util.concurrent.FutureTask.run(Unknown Source)
	at java.util.concurrent.ThreadPoolExecutor.runWorker(Unknown Source)
	at java.util.concurrent.ThreadPoolExecutor$Worker.run(Unknown Source)
	at java.lang.Thread.run(Unknown Source)
</div>
</td></tr>
</table>
<p class="totop"><a href="#summary">back to summary</a></p>
<h1>suite14</h1>
<h2 id="m30">com.adv.qa.selenium.tests.currency.A022_Balance_ClassesTest:verify</h2>
<table cellspacing="0" cellpadding="0" class="result">
<tr class="param"><th>Parameter #1</th></tr>
<tr class="param stripe"><td>[DataUnit [userName = SYSTEM], DataUnit [passWord = E5], DataUnit [code = AKS], DataUnit [firstBalanceClass = S,1], DataUnit [firstBalanceClass = Statistical Default], DataUnit [firstBalanceClass = 1], DataUnit [firstBalanceClass = 0], DataUnit [firstBalanceClass = 0], DataUnit [firstBalanceClass = 0], DataUnit [firstBalanceClass = 0], DataUnit [firstBalanceClass = 0], DataUnit [firstBalanceClass = 0], DataUnit [firstBalanceClass = 0], DataUnit [firstBalanceClass = Not Active], DataUnit [secondBalanceClass = I,C], DataUnit [secondBalanceClass = ICA Balance Class], DataUnit [secondBalanceClass = 0], DataUnit [secondBalanceClass = 1], DataUnit [secondBalanceClass = 0], DataUnit [secondBalanceClass = 0], DataUnit [secondBalanceClass = 0], DataUnit [secondBalanceClass = 0], DataUnit [secondBalanceClass = 0], DataUnit [secondBalanceClass = 0], DataUnit [secondBalanceClass = Not Active], DataUnit [thirdBalanceClass = B,1], DataUnit [thirdBalanceClass = Annual Budget], DataUnit [thirdBalanceClass = 0], DataUnit [thirdBalanceClass = 1], DataUnit [thirdBalanceClass = 0], DataUnit [thirdBalanceClass = 0], DataUnit [thirdBalanceClass = 0], DataUnit [thirdBalanceClass = 1], DataUnit [thirdBalanceClass = 0], DataUnit [thirdBalanceClass = 0], DataUnit [thirdBalanceClass = Not Active], DataUnit [fourthBalanceClass = V,1], DataUnit [fourthBalanceClass = VAT  Analysis], DataUnit [fourthBalanceClass = 0], DataUnit [fourthBalanceClass = 0], DataUnit [fourthBalanceClass = 0], DataUnit [fourthBalanceClass = 0], DataUnit [fourthBalanceClass = 0], DataUnit [fourthBalanceClass = 0], DataUnit [fourthBalanceClass = 0], DataUnit [fourthBalanceClass = 1], DataUnit [fourthBalanceClass = 1], DataUnit [fourthBalanceClass = Not Active], DataUnit [BalanceClassForRS = R,S], DataUnit [BalanceClassForRS = RS], DataUnit [BalanceClassForRS = 0], DataUnit [BalanceClassForRS = 1], DataUnit [BalanceClassForRS = 0], DataUnit [BalanceClassForRS = 0], DataUnit [BalanceClassForRS = 0], DataUnit [BalanceClassForRS = 1], DataUnit [BalanceClassForRS = 1], DataUnit [BalanceClassForRS = 1], DataUnit [BalanceClassForRS = 1], DataUnit [BalanceClassForRS = Not Active], DataUnit [BalanceClassForBR = B,S], DataUnit [BalanceClassForBR = BR], DataUnit [BalanceClassForBR = 0], DataUnit [BalanceClassForBR = 1], DataUnit [BalanceClassForBR = 0], DataUnit [BalanceClassForBR = 0], DataUnit [BalanceClassForBR = 0], DataUnit [BalanceClassForBR = 1], DataUnit [BalanceClassForBR = 1], DataUnit [BalanceClassForBR = 1], DataUnit [BalanceClassForBR = 1], DataUnit [BalanceClassForBR = Not Active]]</td>
</tr>
<tr><td>
<div class="stacktrace">org.openqa.selenium.NoSuchElementException: Unable to locate element: //ul/li/a[@class=&apos;ui-tabs-anchor&apos;][text()=&apos;Primary Details&apos;]
For documentation on this error, please visit: http://seleniumhq.org/exceptions/no_such_element.html
Build info: version: &apos;unknown&apos;, revision: &apos;1969d75&apos;, time: &apos;2016-10-18 09:43:45 -0700&apos;
System info: host: &apos;ChetnaM-PC&apos;, ip: &apos;10.31.16.11&apos;, os.name: &apos;Windows 10&apos;, os.arch: &apos;amd64&apos;, os.version: &apos;10.0&apos;, java.version: &apos;1.8.0_112&apos;
Driver info: org.openqa.selenium.firefox.FirefoxDriver
Capabilities [{rotatable=false, raisesAccessibilityExceptions=false, marionette=true, firefoxOptions={args=[], prefs={}}, appBuildId=20160421124000, version=, platform=XP, proxy={}, specificationLevel=1, acceptSslCerts=false, browserVersion=46.0, platformVersion=10.0, XULappId={ec8030f7-c20a-464f-9b0e-13a3a9e97384}, browserName=Firefox, takesScreenshot=true, takesElementScreenshot=true, platformName=Windows_NT, device=desktop}]
Session ID: fde27b35-7181-4314-bd3e-9bd5c6dfa50b
*** Element info: {Using=xpath, value=//ul/li/a[@class=&apos;ui-tabs-anchor&apos;][text()=&apos;Primary Details&apos;]}
	at sun.reflect.GeneratedConstructorAccessor25.newInstance(Unknown Source)
	at sun.reflect.DelegatingConstructorAccessorImpl.newInstance(Unknown Source)
	at java.lang.reflect.Constructor.newInstance(Unknown Source)
	at org.openqa.selenium.remote.http.W3CHttpResponseCodec.createException(W3CHttpResponseCodec.java:127)
	at org.openqa.selenium.remote.http.W3CHttpResponseCodec.decode(W3CHttpResponseCodec.java:93)
	at org.openqa.selenium.remote.http.W3CHttpResponseCodec.decode(W3CHttpResponseCodec.java:42)
	at org.openqa.selenium.remote.HttpCommandExecutor.execute(HttpCommandExecutor.java:163)
	at org.openqa.selenium.remote.service.DriverCommandExecutor.execute(DriverCommandExecutor.java:82)
	at org.openqa.selenium.remote.RemoteWebDriver.execute(RemoteWebDriver.java:601)
	at org.openqa.selenium.remote.RemoteWebDriver.findElement(RemoteWebDriver.java:368)
	at org.openqa.selenium.remote.RemoteWebDriver.findElementByXPath(RemoteWebDriver.java:473)
	at org.openqa.selenium.By$ByXPath.findElement(By.java:361)
	at org.openqa.selenium.remote.RemoteWebDriver.findElement(RemoteWebDriver.java:360)
	at sun.reflect.GeneratedMethodAccessor9.invoke(Unknown Source)
	at sun.reflect.DelegatingMethodAccessorImpl.invoke(Unknown Source)
	at java.lang.reflect.Method.invoke(Unknown Source)
	at org.openqa.selenium.support.events.EventFiringWebDriver$2.invoke(EventFiringWebDriver.java:103)
	at com.sun.proxy.$Proxy9.findElement(Unknown Source)
	at org.openqa.selenium.support.events.EventFiringWebDriver.findElement(EventFiringWebDriver.java:187)
	at com.adv.qa.selenium.framework.pageObjects.currency.CurrencyPage.getPrimaryDetailsTab(CurrencyPage.java:1114)
	at com.adv.qa.selenium.framework.pageObjects.currency.CurrencyPage.isPrimaryDetailsTabSelected(CurrencyPage.java:1102)
	at com.adv.qa.selenium.framework.pageObjects.currency.CurrencyPage.enterBalanceClass(CurrencyPage.java:4012)
	at com.adv.qa.selenium.tests.currency.A022_Balance_ClassesTest.createBalanceClass(A022_Balance_ClassesTest.java:91)
	at com.adv.qa.selenium.tests.currency.A022_Balance_ClassesTest.verify(A022_Balance_ClassesTest.java:66)
	at sun.reflect.NativeMethodAccessorImpl.invoke0(Native Method)
	at sun.reflect.NativeMethodAccessorImpl.invoke(Unknown Source)
	at sun.reflect.DelegatingMethodAccessorImpl.invoke(Unknown Source)
	at java.lang.reflect.Method.invoke(Unknown Source)
	at org.testng.internal.MethodInvocationHelper.invokeMethod(MethodInvocationHelper.java:104)
	at org.testng.internal.InvokeMethodRunnable.runOne(InvokeMethodRunnable.java:54)
	at org.testng.internal.InvokeMethodRunnable.run(InvokeMethodRunnable.java:44)
	at java.util.concurrent.Executors$RunnableAdapter.call(Unknown Source)
	at java.util.concurrent.FutureTask.run(Unknown Source)
	at java.util.concurrent.ThreadPoolExecutor.runWorker(Unknown Source)
	at java.util.concurrent.ThreadPoolExecutor$Worker.run(Unknown Source)
	at java.lang.Thread.run(Unknown Source)
</div>
</td></tr>
</table>
<p class="totop"><a href="#summary">back to summary</a></p>
<h2 id="m31">com.adv.qa.selenium.tests.currency.A023_Company_ControlsTest:verify</h2>
<table cellspacing="0" cellpadding="0" class="result">
<tr class="param"><th>Parameter #1</th></tr>
<tr class="param stripe"><td>[DataUnit [userName = SYSTEM], DataUnit [passWord = E5], DataUnit [code = EAA], DataUnit [companyControl = 01], DataUnit [companyControl = 2017], DataUnit [companyControl = IM], DataUnit [companyControl = IMFISCAL], DataUnit [companyControl = 2], DataUnit [companyControl = 2], DataUnit [companyControl = SUMM], DataUnit [companyControl = 50], DataUnit [companyControl = S1], DataUnit [companyControl = Offline Only], DataUnit [companyControl = Not In Use], DataUnit [companyControl = IM], DataUnit [companyControl = 2.00], DataUnit [companyControl = 5.00], DataUnit [companyControl = Warning], DataUnit [companyControl = RVAL]]</td>
</tr>
<tr><td>
<div class="stacktrace">org.openqa.selenium.NoSuchElementException: Unable to locate element: //input[starts-with(@name,&apos;CMPY_&apos;)]
For documentation on this error, please visit: http://seleniumhq.org/exceptions/no_such_element.html
Build info: version: &apos;unknown&apos;, revision: &apos;1969d75&apos;, time: &apos;2016-10-18 09:43:45 -0700&apos;
System info: host: &apos;ChetnaM-PC&apos;, ip: &apos;10.31.16.11&apos;, os.name: &apos;Windows 10&apos;, os.arch: &apos;amd64&apos;, os.version: &apos;10.0&apos;, java.version: &apos;1.8.0_112&apos;
Driver info: org.openqa.selenium.firefox.FirefoxDriver
Capabilities [{rotatable=false, raisesAccessibilityExceptions=false, marionette=true, firefoxOptions={args=[], prefs={}}, appBuildId=20160421124000, version=, platform=XP, proxy={}, specificationLevel=1, acceptSslCerts=false, browserVersion=46.0, platformVersion=10.0, XULappId={ec8030f7-c20a-464f-9b0e-13a3a9e97384}, browserName=Firefox, takesScreenshot=true, takesElementScreenshot=true, platformName=Windows_NT, device=desktop}]
Session ID: 187ce91c-f72b-4b89-bd3a-f1b0dd4103ce
*** Element info: {Using=xpath, value=//input[starts-with(@name,&apos;CMPY_&apos;)]}
	at sun.reflect.GeneratedConstructorAccessor25.newInstance(Unknown Source)
	at sun.reflect.DelegatingConstructorAccessorImpl.newInstance(Unknown Source)
	at java.lang.reflect.Constructor.newInstance(Unknown Source)
	at org.openqa.selenium.remote.http.W3CHttpResponseCodec.createException(W3CHttpResponseCodec.java:127)
	at org.openqa.selenium.remote.http.W3CHttpResponseCodec.decode(W3CHttpResponseCodec.java:93)
	at org.openqa.selenium.remote.http.W3CHttpResponseCodec.decode(W3CHttpResponseCodec.java:42)
	at org.openqa.selenium.remote.HttpCommandExecutor.execute(HttpCommandExecutor.java:163)
	at org.openqa.selenium.remote.service.DriverCommandExecutor.execute(DriverCommandExecutor.java:82)
	at org.openqa.selenium.remote.RemoteWebDriver.execute(RemoteWebDriver.java:601)
	at org.openqa.selenium.remote.RemoteWebDriver.findElement(RemoteWebDriver.java:368)
	at org.openqa.selenium.remote.RemoteWebDriver.findElementByXPath(RemoteWebDriver.java:473)
	at org.openqa.selenium.By$ByXPath.findElement(By.java:361)
	at org.openqa.selenium.remote.RemoteWebDriver.findElement(RemoteWebDriver.java:360)
	at sun.reflect.GeneratedMethodAccessor9.invoke(Unknown Source)
	at sun.reflect.DelegatingMethodAccessorImpl.invoke(Unknown Source)
	at java.lang.reflect.Method.invoke(Unknown Source)
	at org.openqa.selenium.support.events.EventFiringWebDriver$2.invoke(EventFiringWebDriver.java:103)
	at com.sun.proxy.$Proxy9.findElement(Unknown Source)
	at org.openqa.selenium.support.events.EventFiringWebDriver.findElement(EventFiringWebDriver.java:187)
	at com.adv.qa.selenium.framework.pageObjects.currency.CurrencyPage.enterCompanyControlDetails(CurrencyPage.java:4182)
	at com.adv.qa.selenium.tests.currency.A023_Company_ControlsTest.verify(A023_Company_ControlsTest.java:62)
	at sun.reflect.NativeMethodAccessorImpl.invoke0(Native Method)
	at sun.reflect.NativeMethodAccessorImpl.invoke(Unknown Source)
	at sun.reflect.DelegatingMethodAccessorImpl.invoke(Unknown Source)
	at java.lang.reflect.Method.invoke(Unknown Source)
	at org.testng.internal.MethodInvocationHelper.invokeMethod(MethodInvocationHelper.java:104)
	at org.testng.internal.InvokeMethodRunnable.runOne(InvokeMethodRunnable.java:54)
	at org.testng.internal.InvokeMethodRunnable.run(InvokeMethodRunnable.java:44)
	at java.util.concurrent.Executors$RunnableAdapter.call(Unknown Source)
	at java.util.concurrent.FutureTask.run(Unknown Source)
	at java.util.concurrent.ThreadPoolExecutor.runWorker(Unknown Source)
	at java.util.concurrent.ThreadPoolExecutor$Worker.run(Unknown Source)
	at java.lang.Thread.run(Unknown Source)
</div>
</td></tr>
</table>
<p class="totop"><a href="#summary">back to summary</a></p>
<h2 id="m32">com.adv.qa.selenium.tests.currency.A020_Ledger_Control_AccountsTest:verify</h2>
<table cellspacing="0" cellpadding="0" class="result">
<tr class="param"><th>Parameter #1</th></tr>
<tr class="param stripe"><td>[DataUnit [userName = SYSTEM], DataUnit [passWord = E5], DataUnit [code = EAC], DataUnit [ledgerControlList = IM], DataUnit [ledgerControlList = GL Default Controls], DataUnit [ledgerControlList = 3000], DataUnit [ledgerControlList = DUM], DataUnit [ledgerControlList = 2600], DataUnit [ledgerControlList = DUM], DataUnit [ledgerControlList = 2500], DataUnit [ledgerControlList = DUM]]</td>
</tr>
<tr><td>
<div class="stacktrace">org.openqa.selenium.NoSuchElementException: Unable to locate element: //input[starts-with(@name,&apos;LEDGR-CNTRL_&apos;)]
For documentation on this error, please visit: http://seleniumhq.org/exceptions/no_such_element.html
Build info: version: &apos;unknown&apos;, revision: &apos;1969d75&apos;, time: &apos;2016-10-18 09:43:45 -0700&apos;
System info: host: &apos;ChetnaM-PC&apos;, ip: &apos;10.31.16.11&apos;, os.name: &apos;Windows 10&apos;, os.arch: &apos;amd64&apos;, os.version: &apos;10.0&apos;, java.version: &apos;1.8.0_112&apos;
Driver info: org.openqa.selenium.firefox.FirefoxDriver
Capabilities [{rotatable=false, raisesAccessibilityExceptions=false, marionette=true, firefoxOptions={args=[], prefs={}}, appBuildId=20160421124000, version=, platform=XP, proxy={}, specificationLevel=1, acceptSslCerts=false, browserVersion=46.0, platformVersion=10.0, XULappId={ec8030f7-c20a-464f-9b0e-13a3a9e97384}, browserName=Firefox, takesScreenshot=true, takesElementScreenshot=true, platformName=Windows_NT, device=desktop}]
Session ID: dff535d2-a217-44df-8986-0a3996d19898
*** Element info: {Using=xpath, value=//input[starts-with(@name,&apos;LEDGR-CNTRL_&apos;)]}
	at sun.reflect.GeneratedConstructorAccessor25.newInstance(Unknown Source)
	at sun.reflect.DelegatingConstructorAccessorImpl.newInstance(Unknown Source)
	at java.lang.reflect.Constructor.newInstance(Unknown Source)
	at org.openqa.selenium.remote.http.W3CHttpResponseCodec.createException(W3CHttpResponseCodec.java:127)
	at org.openqa.selenium.remote.http.W3CHttpResponseCodec.decode(W3CHttpResponseCodec.java:93)
	at org.openqa.selenium.remote.http.W3CHttpResponseCodec.decode(W3CHttpResponseCodec.java:42)
	at org.openqa.selenium.remote.HttpCommandExecutor.execute(HttpCommandExecutor.java:163)
	at org.openqa.selenium.remote.service.DriverCommandExecutor.execute(DriverCommandExecutor.java:82)
	at org.openqa.selenium.remote.RemoteWebDriver.execute(RemoteWebDriver.java:601)
	at org.openqa.selenium.remote.RemoteWebDriver.findElement(RemoteWebDriver.java:368)
	at org.openqa.selenium.remote.RemoteWebDriver.findElementByXPath(RemoteWebDriver.java:473)
	at org.openqa.selenium.By$ByXPath.findElement(By.java:361)
	at org.openqa.selenium.remote.RemoteWebDriver.findElement(RemoteWebDriver.java:360)
	at sun.reflect.GeneratedMethodAccessor9.invoke(Unknown Source)
	at sun.reflect.DelegatingMethodAccessorImpl.invoke(Unknown Source)
	at java.lang.reflect.Method.invoke(Unknown Source)
	at org.openqa.selenium.support.events.EventFiringWebDriver$2.invoke(EventFiringWebDriver.java:103)
	at com.sun.proxy.$Proxy9.findElement(Unknown Source)
	at org.openqa.selenium.support.events.EventFiringWebDriver.findElement(EventFiringWebDriver.java:187)
	at com.adv.qa.selenium.framework.pageObjects.currency.CurrencyPage.enterLedgerControlDetails(CurrencyPage.java:3027)
	at com.adv.qa.selenium.tests.currency.A020_Ledger_Control_AccountsTest.verify(A020_Ledger_Control_AccountsTest.java:59)
	at sun.reflect.NativeMethodAccessorImpl.invoke0(Native Method)
	at sun.reflect.NativeMethodAccessorImpl.invoke(Unknown Source)
	at sun.reflect.DelegatingMethodAccessorImpl.invoke(Unknown Source)
	at java.lang.reflect.Method.invoke(Unknown Source)
	at org.testng.internal.MethodInvocationHelper.invokeMethod(MethodInvocationHelper.java:104)
	at org.testng.internal.InvokeMethodRunnable.runOne(InvokeMethodRunnable.java:54)
	at org.testng.internal.InvokeMethodRunnable.run(InvokeMethodRunnable.java:44)
	at java.util.concurrent.Executors$RunnableAdapter.call(Unknown Source)
	at java.util.concurrent.FutureTask.run(Unknown Source)
	at java.util.concurrent.ThreadPoolExecutor.runWorker(Unknown Source)
	at java.util.concurrent.ThreadPoolExecutor$Worker.run(Unknown Source)
	at java.lang.Thread.run(Unknown Source)
</div>
</td></tr>
</table>
<p class="totop"><a href="#summary">back to summary</a></p>
<h2 id="m33">com.adv.qa.selenium.tests.currency.A019_Ledger_Control_Management_CodeTest:verify</h2>
<table cellspacing="0" cellpadding="0" class="result">
<tr class="param"><th>Parameter #1</th></tr>
<tr class="param stripe"><td>[DataUnit [userName = SYSTEM], DataUnit [passWord = E5], DataUnit [code = EBD], DataUnit [value = B], DataUnit [managementCode = DUM], DataUnit [managementCode = Dummy Costcentre for ICA BTZ], DataUnit [managementCode = Dummy Costcentre]]</td>
</tr>
<tr><td>
<div class="stacktrace">org.openqa.selenium.NoSuchElementException: Unable to locate element: //input[starts-with(@name,&apos;PATH-KEY_&apos;)]
For documentation on this error, please visit: http://seleniumhq.org/exceptions/no_such_element.html
Build info: version: &apos;unknown&apos;, revision: &apos;1969d75&apos;, time: &apos;2016-10-18 09:43:45 -0700&apos;
System info: host: &apos;ChetnaM-PC&apos;, ip: &apos;10.31.16.11&apos;, os.name: &apos;Windows 10&apos;, os.arch: &apos;amd64&apos;, os.version: &apos;10.0&apos;, java.version: &apos;1.8.0_112&apos;
Driver info: org.openqa.selenium.firefox.FirefoxDriver
Capabilities [{rotatable=false, raisesAccessibilityExceptions=false, marionette=true, firefoxOptions={args=[], prefs={}}, appBuildId=20160421124000, version=, platform=XP, proxy={}, specificationLevel=1, acceptSslCerts=false, browserVersion=46.0, platformVersion=10.0, XULappId={ec8030f7-c20a-464f-9b0e-13a3a9e97384}, browserName=Firefox, takesScreenshot=true, takesElementScreenshot=true, platformName=Windows_NT, device=desktop}]
Session ID: c4068dab-4e03-4326-aad4-b1d37b5edb19
*** Element info: {Using=xpath, value=//input[starts-with(@name,&apos;PATH-KEY_&apos;)]}
	at sun.reflect.GeneratedConstructorAccessor25.newInstance(Unknown Source)
	at sun.reflect.DelegatingConstructorAccessorImpl.newInstance(Unknown Source)
	at java.lang.reflect.Constructor.newInstance(Unknown Source)
	at org.openqa.selenium.remote.http.W3CHttpResponseCodec.createException(W3CHttpResponseCodec.java:127)
	at org.openqa.selenium.remote.http.W3CHttpResponseCodec.decode(W3CHttpResponseCodec.java:93)
	at org.openqa.selenium.remote.http.W3CHttpResponseCodec.decode(W3CHttpResponseCodec.java:42)
	at org.openqa.selenium.remote.HttpCommandExecutor.execute(HttpCommandExecutor.java:163)
	at org.openqa.selenium.remote.service.DriverCommandExecutor.execute(DriverCommandExecutor.java:82)
	at org.openqa.selenium.remote.RemoteWebDriver.execute(RemoteWebDriver.java:601)
	at org.openqa.selenium.remote.RemoteWebDriver.findElement(RemoteWebDriver.java:368)
	at org.openqa.selenium.remote.RemoteWebDriver.findElementByXPath(RemoteWebDriver.java:473)
	at org.openqa.selenium.By$ByXPath.findElement(By.java:361)
	at org.openqa.selenium.remote.RemoteWebDriver.findElement(RemoteWebDriver.java:360)
	at sun.reflect.GeneratedMethodAccessor9.invoke(Unknown Source)
	at sun.reflect.DelegatingMethodAccessorImpl.invoke(Unknown Source)
	at java.lang.reflect.Method.invoke(Unknown Source)
	at org.openqa.selenium.support.events.EventFiringWebDriver$2.invoke(EventFiringWebDriver.java:103)
	at com.sun.proxy.$Proxy9.findElement(Unknown Source)
	at org.openqa.selenium.support.events.EventFiringWebDriver.findElement(EventFiringWebDriver.java:187)
	at com.adv.qa.selenium.framework.pageObjects.currency.CurrencyPage.enterManagementDetails(CurrencyPage.java:2362)
	at com.adv.qa.selenium.tests.currency.A019_Ledger_Control_Management_CodeTest.verify(A019_Ledger_Control_Management_CodeTest.java:61)
	at sun.reflect.NativeMethodAccessorImpl.invoke0(Native Method)
	at sun.reflect.NativeMethodAccessorImpl.invoke(Unknown Source)
	at sun.reflect.DelegatingMethodAccessorImpl.invoke(Unknown Source)
	at java.lang.reflect.Method.invoke(Unknown Source)
	at org.testng.internal.MethodInvocationHelper.invokeMethod(MethodInvocationHelper.java:104)
	at org.testng.internal.InvokeMethodRunnable.runOne(InvokeMethodRunnable.java:54)
	at org.testng.internal.InvokeMethodRunnable.run(InvokeMethodRunnable.java:44)
	at java.util.concurrent.Executors$RunnableAdapter.call(Unknown Source)
	at java.util.concurrent.FutureTask.run(Unknown Source)
	at java.util.concurrent.ThreadPoolExecutor.runWorker(Unknown Source)
	at java.util.concurrent.ThreadPoolExecutor$Worker.run(Unknown Source)
	at java.lang.Thread.run(Unknown Source)
</div>
</td></tr>
</table>
<p class="totop"><a href="#summary">back to summary</a></p>
<h2 id="m34">com.adv.qa.selenium.tests.currency.A021_Batch_TypesTest:verify</h2>
<table cellspacing="0" cellpadding="0" class="result">
<tr class="param"><th>Parameter #1</th></tr>
<tr class="param stripe"><td>[DataUnit [userName = SYSTEM], DataUnit [passWord = E5], DataUnit [code = AKK], DataUnit [batchTypeRval = RVAL], DataUnit [batchTypeRval = Revaluation], DataUnit [batchTypeRval = IM], DataUnit [batchTypeRval = Delayed], DataUnit [batchTypeRval = 1], DataUnit [batchTypeRval = 1], DataUnit [batchTypeSumm = TRAN], DataUnit [batchTypeSumm = Transfer], DataUnit [batchTypeSumm = IM], DataUnit [batchTypeSumm = Delayed], DataUnit [batchTypeSumm = 1], DataUnit [batchTypeSumm = 1], DataUnit [batchTypeTran = SUMM], DataUnit [batchTypeTran = Summarisation], DataUnit [batchTypeTran = IM], DataUnit [batchTypeTran = Delayed], DataUnit [batchTypeTran = 0], DataUnit [batchTypeTran = 0]]</td>
</tr>
<tr><td>
<div class="stacktrace">org.openqa.selenium.NoSuchElementException: Unable to locate element: //input[starts-with(@name,&apos;BTCH-TYPE_&apos;)]
For documentation on this error, please visit: http://seleniumhq.org/exceptions/no_such_element.html
Build info: version: &apos;unknown&apos;, revision: &apos;1969d75&apos;, time: &apos;2016-10-18 09:43:45 -0700&apos;
System info: host: &apos;ChetnaM-PC&apos;, ip: &apos;10.31.16.11&apos;, os.name: &apos;Windows 10&apos;, os.arch: &apos;amd64&apos;, os.version: &apos;10.0&apos;, java.version: &apos;1.8.0_112&apos;
Driver info: org.openqa.selenium.firefox.FirefoxDriver
Capabilities [{rotatable=false, raisesAccessibilityExceptions=false, marionette=true, firefoxOptions={args=[], prefs={}}, appBuildId=20160421124000, version=, platform=XP, proxy={}, specificationLevel=1, acceptSslCerts=false, browserVersion=46.0, platformVersion=10.0, XULappId={ec8030f7-c20a-464f-9b0e-13a3a9e97384}, browserName=Firefox, takesScreenshot=true, takesElementScreenshot=true, platformName=Windows_NT, device=desktop}]
Session ID: ae59cec7-cc1d-412e-9cf7-6b46a30f61a7
*** Element info: {Using=xpath, value=//input[starts-with(@name,&apos;BTCH-TYPE_&apos;)]}
	at sun.reflect.GeneratedConstructorAccessor25.newInstance(Unknown Source)
	at sun.reflect.DelegatingConstructorAccessorImpl.newInstance(Unknown Source)
	at java.lang.reflect.Constructor.newInstance(Unknown Source)
	at org.openqa.selenium.remote.http.W3CHttpResponseCodec.createException(W3CHttpResponseCodec.java:127)
	at org.openqa.selenium.remote.http.W3CHttpResponseCodec.decode(W3CHttpResponseCodec.java:93)
	at org.openqa.selenium.remote.http.W3CHttpResponseCodec.decode(W3CHttpResponseCodec.java:42)
	at org.openqa.selenium.remote.HttpCommandExecutor.execute(HttpCommandExecutor.java:163)
	at org.openqa.selenium.remote.service.DriverCommandExecutor.execute(DriverCommandExecutor.java:82)
	at org.openqa.selenium.remote.RemoteWebDriver.execute(RemoteWebDriver.java:601)
	at org.openqa.selenium.remote.RemoteWebDriver.findElement(RemoteWebDriver.java:368)
	at org.openqa.selenium.remote.RemoteWebDriver.findElementByXPath(RemoteWebDriver.java:473)
	at org.openqa.selenium.By$ByXPath.findElement(By.java:361)
	at org.openqa.selenium.remote.RemoteWebDriver.findElement(RemoteWebDriver.java:360)
	at sun.reflect.GeneratedMethodAccessor9.invoke(Unknown Source)
	at sun.reflect.DelegatingMethodAccessorImpl.invoke(Unknown Source)
	at java.lang.reflect.Method.invoke(Unknown Source)
	at org.openqa.selenium.support.events.EventFiringWebDriver$2.invoke(EventFiringWebDriver.java:103)
	at com.sun.proxy.$Proxy9.findElement(Unknown Source)
	at org.openqa.selenium.support.events.EventFiringWebDriver.findElement(EventFiringWebDriver.java:187)
	at com.adv.qa.selenium.framework.pageObjects.currency.CurrencyPage.enterBatchTypeDetails(CurrencyPage.java:3418)
	at com.adv.qa.selenium.tests.currency.A021_Batch_TypesTest.createBatchType(A021_Batch_TypesTest.java:80)
	at com.adv.qa.selenium.tests.currency.A021_Batch_TypesTest.verify(A021_Batch_TypesTest.java:60)
	at sun.reflect.NativeMethodAccessorImpl.invoke0(Native Method)
	at sun.reflect.NativeMethodAccessorImpl.invoke(Unknown Source)
	at sun.reflect.DelegatingMethodAccessorImpl.invoke(Unknown Source)
	at java.lang.reflect.Method.invoke(Unknown Source)
	at org.testng.internal.MethodInvocationHelper.invokeMethod(MethodInvocationHelper.java:104)
	at org.testng.internal.InvokeMethodRunnable.runOne(InvokeMethodRunnable.java:54)
	at org.testng.internal.InvokeMethodRunnable.run(InvokeMethodRunnable.java:44)
	at java.util.concurrent.Executors$RunnableAdapter.call(Unknown Source)
	at java.util.concurrent.FutureTask.run(Unknown Source)
	at java.util.concurrent.ThreadPoolExecutor.runWorker(Unknown Source)
	at java.util.concurrent.ThreadPoolExecutor$Worker.run(Unknown Source)
	at java.lang.Thread.run(Unknown Source)
</div>
</td></tr>
</table>
<p class="totop"><a href="#summary">back to summary</a></p>
<h1>suite15</h1>
<h2 id="m35">com.adv.qa.selenium.tests.currency.A024_Batch_TypesTest:verify</h2>
<table cellspacing="0" cellpadding="0" class="result">
<tr class="param"><th>Parameter #1</th></tr>
<tr class="param stripe"><td>[DataUnit [userName = BM], DataUnit [passWord = E5], DataUnit [batchCode = AKK], DataUnit [batchTypeForTran = TRN], DataUnit [batchTypeForTran = Transfer], DataUnit [batchTypeForTran = IM], DataUnit [batchTypeForTran = Immediate], DataUnit [batchTypeForTran = 1], DataUnit [batchTypeForTran = 1], DataUnit [batchTypeForTran = 1], DataUnit [batchTypeForTran = 1], DataUnit [batchTypeForTran = NILL], DataUnit [batchTypeForTran = NILL], DataUnit [batchTypeForRev = REVV], DataUnit [batchTypeForRev = Reversal], DataUnit [batchTypeForRev = IM], DataUnit [batchTypeForRev = Immediate], DataUnit [batchTypeForRev = 1], DataUnit [batchTypeForRev = 1], DataUnit [batchTypeForRev = 1], DataUnit [batchTypeForRev = 1], DataUnit [batchTypeForRev = NILL], DataUnit [batchTypeForRev = NILL], DataUnit [batchTypeForBase = BASE], DataUnit [batchTypeForBase = Base Currency], DataUnit [batchTypeForBase = ], DataUnit [batchTypeForBase = Immediate], DataUnit [batchTypeForBase = 1], DataUnit [batchTypeForBase = 1], DataUnit [batchTypeForBase = 0], DataUnit [batchTypeForBase = 0], DataUnit [batchTypeForBase = NILL], DataUnit [batchTypeForBase = NILL], DataUnit [batchTypeForAccr = ACCR], DataUnit [batchTypeForAccr = Accruals], DataUnit [batchTypeForAccr = IM], DataUnit [batchTypeForAccr = Immediate], DataUnit [batchTypeForAccr = 1], DataUnit [batchTypeForAccr = 1], DataUnit [batchTypeForAccr = 0], DataUnit [batchTypeForAccr = 0], DataUnit [batchTypeForAccr = Warning], DataUnit [batchTypeForAccr = NILL], DataUnit [batchTypeForForn = FORN], DataUnit [batchTypeForForn = Foreign Currency], DataUnit [batchTypeForForn = IM], DataUnit [batchTypeForForn = Immediate], DataUnit [batchTypeForForn = 1], DataUnit [batchTypeForForn = 0], DataUnit [batchTypeForForn = 1], DataUnit [batchTypeForForn = 0], DataUnit [batchTypeForForn = NILL], DataUnit [batchTypeForForn = NILL], DataUnit [batchTypeForFrnb = FRNB], DataUnit [batchTypeForFrnb = Base &amp; Foreign Curr], DataUnit [batchTypeForFrnb = IM], DataUnit [batchTypeForFrnb = Immediate], DataUnit [batchTypeForFrnb = 1], DataUnit [batchTypeForFrnb = 0], DataUnit [batchTypeForFrnb = 0], DataUnit [batchTypeForFrnb = 1], DataUnit [batchTypeForFrnb = NILL], DataUnit [batchTypeForFrnb = NILL], DataUnit [batchTypeForPlan = PLAN], DataUnit [batchTypeForPlan = Planning Postings], DataUnit [batchTypeForPlan = IM], DataUnit [batchTypeForPlan = Immediate], DataUnit [batchTypeForPlan = 1], DataUnit [batchTypeForPlan = 1], DataUnit [batchTypeForPlan = 1], DataUnit [batchTypeForPlan = 1], DataUnit [batchTypeForPlan = NILL], DataUnit [batchTypeForPlan = NILL], DataUnit [batchTypeForRecc = RECC], DataUnit [batchTypeForRecc = Recurrals], DataUnit [batchTypeForRecc = IM], DataUnit [batchTypeForRecc = Immediate], DataUnit [batchTypeForRecc = 1], DataUnit [batchTypeForRecc = 1], DataUnit [batchTypeForRecc = 0], DataUnit [batchTypeForRecc = 0], DataUnit [batchTypeForRecc = NILL], DataUnit [batchTypeForRecc = Warning]]</td>
</tr>
<tr><td>
<div class="stacktrace">org.openqa.selenium.NoSuchElementException: Unable to locate element: //fieldset/legend[text()=&apos;Command&apos;]/..//input[contains(@name,&apos;COMMAND&apos;)]
For documentation on this error, please visit: http://seleniumhq.org/exceptions/no_such_element.html
Build info: version: &apos;unknown&apos;, revision: &apos;1969d75&apos;, time: &apos;2016-10-18 09:43:45 -0700&apos;
System info: host: &apos;ChetnaM-PC&apos;, ip: &apos;10.31.16.11&apos;, os.name: &apos;Windows 10&apos;, os.arch: &apos;amd64&apos;, os.version: &apos;10.0&apos;, java.version: &apos;1.8.0_112&apos;
Driver info: org.openqa.selenium.firefox.FirefoxDriver
Capabilities [{rotatable=false, raisesAccessibilityExceptions=false, marionette=true, firefoxOptions={args=[], prefs={}}, appBuildId=20160421124000, version=, platform=XP, proxy={}, specificationLevel=1, acceptSslCerts=false, browserVersion=46.0, platformVersion=10.0, XULappId={ec8030f7-c20a-464f-9b0e-13a3a9e97384}, browserName=Firefox, takesScreenshot=true, takesElementScreenshot=true, platformName=Windows_NT, device=desktop}]
Session ID: 286bc4e9-bb09-4e48-8074-16a9dbba36d4
*** Element info: {Using=xpath, value=//fieldset/legend[text()=&apos;Command&apos;]/..//input[contains(@name,&apos;COMMAND&apos;)]}
	at sun.reflect.GeneratedConstructorAccessor25.newInstance(Unknown Source)
	at sun.reflect.DelegatingConstructorAccessorImpl.newInstance(Unknown Source)
	at java.lang.reflect.Constructor.newInstance(Unknown Source)
	at org.openqa.selenium.remote.http.W3CHttpResponseCodec.createException(W3CHttpResponseCodec.java:127)
	at org.openqa.selenium.remote.http.W3CHttpResponseCodec.decode(W3CHttpResponseCodec.java:93)
	at org.openqa.selenium.remote.http.W3CHttpResponseCodec.decode(W3CHttpResponseCodec.java:42)
	at org.openqa.selenium.remote.HttpCommandExecutor.execute(HttpCommandExecutor.java:163)
	at org.openqa.selenium.remote.service.DriverCommandExecutor.execute(DriverCommandExecutor.java:82)
	at org.openqa.selenium.remote.RemoteWebDriver.execute(RemoteWebDriver.java:601)
	at org.openqa.selenium.remote.RemoteWebDriver.findElement(RemoteWebDriver.java:368)
	at org.openqa.selenium.remote.RemoteWebDriver.findElementByXPath(RemoteWebDriver.java:473)
	at org.openqa.selenium.By$ByXPath.findElement(By.java:361)
	at org.openqa.selenium.remote.RemoteWebDriver.findElement(RemoteWebDriver.java:360)
	at sun.reflect.GeneratedMethodAccessor9.invoke(Unknown Source)
	at sun.reflect.DelegatingMethodAccessorImpl.invoke(Unknown Source)
	at java.lang.reflect.Method.invoke(Unknown Source)
	at org.openqa.selenium.support.events.EventFiringWebDriver$2.invoke(EventFiringWebDriver.java:103)
	at com.sun.proxy.$Proxy9.findElement(Unknown Source)
	at org.openqa.selenium.support.events.EventFiringWebDriver.findElement(EventFiringWebDriver.java:187)
	at com.adv.qa.selenium.framework.pageObjects.currency.CurrencyPage.isCommandDisplayed(CurrencyPage.java:141)
	at com.adv.qa.selenium.tests.currency.A024_Batch_TypesTest.verify(A024_Batch_TypesTest.java:61)
	at sun.reflect.NativeMethodAccessorImpl.invoke0(Native Method)
	at sun.reflect.NativeMethodAccessorImpl.invoke(Unknown Source)
	at sun.reflect.DelegatingMethodAccessorImpl.invoke(Unknown Source)
	at java.lang.reflect.Method.invoke(Unknown Source)
	at org.testng.internal.MethodInvocationHelper.invokeMethod(MethodInvocationHelper.java:104)
	at org.testng.internal.InvokeMethodRunnable.runOne(InvokeMethodRunnable.java:54)
	at org.testng.internal.InvokeMethodRunnable.run(InvokeMethodRunnable.java:44)
	at java.util.concurrent.Executors$RunnableAdapter.call(Unknown Source)
	at java.util.concurrent.FutureTask.run(Unknown Source)
	at java.util.concurrent.ThreadPoolExecutor.runWorker(Unknown Source)
	at java.util.concurrent.ThreadPoolExecutor$Worker.run(Unknown Source)
	at java.lang.Thread.run(Unknown Source)
</div>
</td></tr>
</table>
<p class="totop"><a href="#summary">back to summary</a></p>
<h2 id="m36">com.adv.qa.selenium.tests.currency.A024A_Batch_TypesTest:verify</h2>
<table cellspacing="0" cellpadding="0" class="result">
<tr class="param"><th>Parameter #1</th></tr>
<tr class="param stripe"><td>[DataUnit [userName = BM1], DataUnit [passWord = E5], DataUnit [batchCode = AKK], DataUnit [batchTypeForBR1 = BR1], DataUnit [batchTypeForBR1 = Bank rec1], DataUnit [batchTypeForBR1 = IM], DataUnit [batchTypeForBR1 = Immediate], DataUnit [batchTypeForBR1 = 1], DataUnit [batchTypeForBR1 = 1], DataUnit [batchTypeForBR1 = 1], DataUnit [batchTypeForBR1 = 1], DataUnit [batchTypeForBR1 = NILL], DataUnit [batchTypeForBR1 = NILL], DataUnit [batchTypeForBR2 = BR2], DataUnit [batchTypeForBR2 = Bank rec2], DataUnit [batchTypeForBR2 = IM], DataUnit [batchTypeForBR2 = Immediate], DataUnit [batchTypeForBR2 = 1], DataUnit [batchTypeForBR2 = 1], DataUnit [batchTypeForBR2 = 1], DataUnit [batchTypeForBR2 = 1], DataUnit [batchTypeForBR2 = NILL], DataUnit [batchTypeForBR2 = NILL], DataUnit [batchTypeForBR3 = BR3], DataUnit [batchTypeForBR3 = Bank rec3], DataUnit [batchTypeForBR3 = IM], DataUnit [batchTypeForBR3 = Immediate], DataUnit [batchTypeForBR3 = 1], DataUnit [batchTypeForBR3 = 1], DataUnit [batchTypeForBR3 = 1], DataUnit [batchTypeForBR3 = 1], DataUnit [batchTypeForBR3 = NILL], DataUnit [batchTypeForBR3 = NILL], DataUnit [imBatchTypeForAcc = ACC], DataUnit [imBatchTypeForAcc = Accruals PM/AP], DataUnit [imBatchTypeForAcc = IM], DataUnit [imBatchTypeForAcc = Immediate], DataUnit [imBatchTypeForAcc = 0], DataUnit [imBatchTypeForAcc = 1], DataUnit [imBatchTypeForAcc = 1], DataUnit [imBatchTypeForAcc = 1], DataUnit [imBatchTypeForAcc = 1], DataUnit [imBatchTypeForAcc = NILL], DataUnit [imBatchTypeForAcc = NILL], DataUnit [imBatchTypeForIMGL = IMGL], DataUnit [imBatchTypeForIMGL = Inventory GL Default], DataUnit [imBatchTypeForIMGL = IM], DataUnit [imBatchTypeForIMGL = Immediate], DataUnit [imBatchTypeForIMGL = 0], DataUnit [imBatchTypeForIMGL = 1], DataUnit [imBatchTypeForIMGL = 1], DataUnit [imBatchTypeForIMGL = 1], DataUnit [imBatchTypeForIMGL = 1], DataUnit [imBatchTypeForIMGL = NILL], DataUnit [imBatchTypeForIMGL = NILL], DataUnit [imBatchTypeForIMG1 = IMG1], DataUnit [imBatchTypeForIMG1 = Inventory GL SC Reval], DataUnit [imBatchTypeForIMG1 = IM], DataUnit [imBatchTypeForIMG1 = Immediate], DataUnit [imBatchTypeForIMG1 = 1], DataUnit [imBatchTypeForIMG1 = 1], DataUnit [imBatchTypeForIMG1 = 1], DataUnit [imBatchTypeForIMG1 = 1], DataUnit [imBatchTypeForIMG1 = 1], DataUnit [imBatchTypeForIMG1 = NILL], DataUnit [imBatchTypeForIMG1 = NILL], DataUnit [imBatchTypeForIMG2 = IMG2], DataUnit [imBatchTypeForIMG2 = Inventory W/O Reval], DataUnit [imBatchTypeForIMG2 = IM], DataUnit [imBatchTypeForIMG2 = Immediate], DataUnit [imBatchTypeForIMG2 = 1], DataUnit [imBatchTypeForIMG2 = 1], DataUnit [imBatchTypeForIMG2 = 1], DataUnit [imBatchTypeForIMG2 = 1], DataUnit [imBatchTypeForIMG2 = 1], DataUnit [imBatchTypeForIMG2 = NILL], DataUnit [imBatchTypeForIMG2 = NILL], DataUnit [imBatchTypeForIMRT = IMRT], DataUnit [imBatchTypeForIMRT = Receipts Type], DataUnit [imBatchTypeForIMRT = IM], DataUnit [imBatchTypeForIMRT = Immediate], DataUnit [imBatchTypeForIMRT = 1], DataUnit [imBatchTypeForIMRT = 1], DataUnit [imBatchTypeForIMRT = 1], DataUnit [imBatchTypeForIMRT = 1], DataUnit [imBatchTypeForIMRT = 1], DataUnit [imBatchTypeForIMRT = NILL], DataUnit [imBatchTypeForIMRT = NILL], DataUnit [imBatchTypeForIMMI = IMMI], DataUnit [imBatchTypeForIMMI = Material Issues], DataUnit [imBatchTypeForIMMI = IM], DataUnit [imBatchTypeForIMMI = Immediate], DataUnit [imBatchTypeForIMMI = 0], DataUnit [imBatchTypeForIMMI = 1], DataUnit [imBatchTypeForIMMI = 1], DataUnit [imBatchTypeForIMMI = 1], DataUnit [imBatchTypeForIMMI = 1], DataUnit [imBatchTypeForIMMI = NILL], DataUnit [imBatchTypeForIMMI = NILL]]</td>
</tr>
<tr><td>
<div class="stacktrace">org.openqa.selenium.NoSuchElementException: Unable to locate element: //fieldset/legend[text()=&apos;Command&apos;]/..//input[contains(@name,&apos;COMMAND&apos;)]
For documentation on this error, please visit: http://seleniumhq.org/exceptions/no_such_element.html
Build info: version: &apos;unknown&apos;, revision: &apos;1969d75&apos;, time: &apos;2016-10-18 09:43:45 -0700&apos;
System info: host: &apos;ChetnaM-PC&apos;, ip: &apos;10.31.16.11&apos;, os.name: &apos;Windows 10&apos;, os.arch: &apos;amd64&apos;, os.version: &apos;10.0&apos;, java.version: &apos;1.8.0_112&apos;
Driver info: org.openqa.selenium.firefox.FirefoxDriver
Capabilities [{rotatable=false, raisesAccessibilityExceptions=false, marionette=true, firefoxOptions={args=[], prefs={}}, appBuildId=20160421124000, version=, platform=XP, proxy={}, specificationLevel=1, acceptSslCerts=false, browserVersion=46.0, platformVersion=10.0, XULappId={ec8030f7-c20a-464f-9b0e-13a3a9e97384}, browserName=Firefox, takesScreenshot=true, takesElementScreenshot=true, platformName=Windows_NT, device=desktop}]
Session ID: 4a3b8ae7-d354-42de-ad5a-8fe37110234f
*** Element info: {Using=xpath, value=//fieldset/legend[text()=&apos;Command&apos;]/..//input[contains(@name,&apos;COMMAND&apos;)]}
	at sun.reflect.GeneratedConstructorAccessor25.newInstance(Unknown Source)
	at sun.reflect.DelegatingConstructorAccessorImpl.newInstance(Unknown Source)
	at java.lang.reflect.Constructor.newInstance(Unknown Source)
	at org.openqa.selenium.remote.http.W3CHttpResponseCodec.createException(W3CHttpResponseCodec.java:127)
	at org.openqa.selenium.remote.http.W3CHttpResponseCodec.decode(W3CHttpResponseCodec.java:93)
	at org.openqa.selenium.remote.http.W3CHttpResponseCodec.decode(W3CHttpResponseCodec.java:42)
	at org.openqa.selenium.remote.HttpCommandExecutor.execute(HttpCommandExecutor.java:163)
	at org.openqa.selenium.remote.service.DriverCommandExecutor.execute(DriverCommandExecutor.java:82)
	at org.openqa.selenium.remote.RemoteWebDriver.execute(RemoteWebDriver.java:601)
	at org.openqa.selenium.remote.RemoteWebDriver.findElement(RemoteWebDriver.java:368)
	at org.openqa.selenium.remote.RemoteWebDriver.findElementByXPath(RemoteWebDriver.java:473)
	at org.openqa.selenium.By$ByXPath.findElement(By.java:361)
	at org.openqa.selenium.remote.RemoteWebDriver.findElement(RemoteWebDriver.java:360)
	at sun.reflect.GeneratedMethodAccessor9.invoke(Unknown Source)
	at sun.reflect.DelegatingMethodAccessorImpl.invoke(Unknown Source)
	at java.lang.reflect.Method.invoke(Unknown Source)
	at org.openqa.selenium.support.events.EventFiringWebDriver$2.invoke(EventFiringWebDriver.java:103)
	at com.sun.proxy.$Proxy9.findElement(Unknown Source)
	at org.openqa.selenium.support.events.EventFiringWebDriver.findElement(EventFiringWebDriver.java:187)
	at com.adv.qa.selenium.framework.pageObjects.currency.CurrencyPage.isCommandDisplayed(CurrencyPage.java:141)
	at com.adv.qa.selenium.tests.currency.A024A_Batch_TypesTest.verify(A024A_Batch_TypesTest.java:62)
	at sun.reflect.NativeMethodAccessorImpl.invoke0(Native Method)
	at sun.reflect.NativeMethodAccessorImpl.invoke(Unknown Source)
	at sun.reflect.DelegatingMethodAccessorImpl.invoke(Unknown Source)
	at java.lang.reflect.Method.invoke(Unknown Source)
	at org.testng.internal.MethodInvocationHelper.invokeMethod(MethodInvocationHelper.java:104)
	at org.testng.internal.InvokeMethodRunnable.runOne(InvokeMethodRunnable.java:54)
	at org.testng.internal.InvokeMethodRunnable.run(InvokeMethodRunnable.java:44)
	at java.util.concurrent.Executors$RunnableAdapter.call(Unknown Source)
	at java.util.concurrent.FutureTask.run(Unknown Source)
	at java.util.concurrent.ThreadPoolExecutor.runWorker(Unknown Source)
	at java.util.concurrent.ThreadPoolExecutor$Worker.run(Unknown Source)
	at java.lang.Thread.run(Unknown Source)
</div>
</td></tr>
</table>
<p class="totop"><a href="#summary">back to summary</a></p>
<h1>suite16</h1>
<h2 id="m37">com.adv.qa.selenium.tests.currency.A025_FormulaTest:verify</h2>
<table cellspacing="0" cellpadding="0" class="result">
<tr class="param"><th>Parameter #1</th></tr>
<tr class="param stripe"><td>[DataUnit [userName = SYSTEM], DataUnit [passWord = E5], DataUnit [code = EAO], DataUnit [formulaForCal1 = CAL1], DataUnit [formulaForCal1 = CP Actual Balance], DataUnit [formulaForCal1 = CP Act Bal], DataUnit [formulaForCal1 = 1], DataUnit [formulaForCal1 = Sum Columns], DataUnit [formulaForCal1 = M(AB)], DataUnit [formulaForCal2 = CAL2], DataUnit [formulaForCal2 = YTD Actual Balance], DataUnit [formulaForCal2 = YTD Act Bal], DataUnit [formulaForCal2 = 1], DataUnit [formulaForCal2 = Suppress All Totals], DataUnit [formulaForCal2 = B(AB)], DataUnit [formulaForBs1 = BS1], DataUnit [formulaForBs1 = Stat  Balance], DataUnit [formulaForBs1 = STAT BAL], DataUnit [formulaForBs1 = 0], DataUnit [formulaForBs1 = ], DataUnit [formulaForBs1 = B(AB)], DataUnit [formulaForMs1 = MS1], DataUnit [formulaForMs1 = Stat Movement QTY], DataUnit [formulaForMs1 = STAT MOV], DataUnit [formulaForMs1 = 0], DataUnit [formulaForMs1 = Sum Columns], DataUnit [formulaForMs1 = M(S1)]]</td>
</tr>
<tr><td>
<div class="stacktrace">org.openqa.selenium.NoSuchElementException: Unable to locate element: //input[starts-with(@name,&apos;CALC_&apos;)]
For documentation on this error, please visit: http://seleniumhq.org/exceptions/no_such_element.html
Build info: version: &apos;unknown&apos;, revision: &apos;1969d75&apos;, time: &apos;2016-10-18 09:43:45 -0700&apos;
System info: host: &apos;ChetnaM-PC&apos;, ip: &apos;10.31.16.11&apos;, os.name: &apos;Windows 10&apos;, os.arch: &apos;amd64&apos;, os.version: &apos;10.0&apos;, java.version: &apos;1.8.0_112&apos;
Driver info: org.openqa.selenium.firefox.FirefoxDriver
Capabilities [{rotatable=false, raisesAccessibilityExceptions=false, marionette=true, firefoxOptions={args=[], prefs={}}, appBuildId=20160421124000, version=, platform=XP, proxy={}, specificationLevel=1, acceptSslCerts=false, browserVersion=46.0, platformVersion=10.0, XULappId={ec8030f7-c20a-464f-9b0e-13a3a9e97384}, browserName=Firefox, takesScreenshot=true, takesElementScreenshot=true, platformName=Windows_NT, device=desktop}]
Session ID: f7174e0a-2d1f-461c-9e95-598b9993deb6
*** Element info: {Using=xpath, value=//input[starts-with(@name,&apos;CALC_&apos;)]}
	at sun.reflect.GeneratedConstructorAccessor25.newInstance(Unknown Source)
	at sun.reflect.DelegatingConstructorAccessorImpl.newInstance(Unknown Source)
	at java.lang.reflect.Constructor.newInstance(Unknown Source)
	at org.openqa.selenium.remote.http.W3CHttpResponseCodec.createException(W3CHttpResponseCodec.java:127)
	at org.openqa.selenium.remote.http.W3CHttpResponseCodec.decode(W3CHttpResponseCodec.java:93)
	at org.openqa.selenium.remote.http.W3CHttpResponseCodec.decode(W3CHttpResponseCodec.java:42)
	at org.openqa.selenium.remote.HttpCommandExecutor.execute(HttpCommandExecutor.java:163)
	at org.openqa.selenium.remote.service.DriverCommandExecutor.execute(DriverCommandExecutor.java:82)
	at org.openqa.selenium.remote.RemoteWebDriver.execute(RemoteWebDriver.java:601)
	at org.openqa.selenium.remote.RemoteWebDriver.findElement(RemoteWebDriver.java:368)
	at org.openqa.selenium.remote.RemoteWebDriver.findElementByXPath(RemoteWebDriver.java:473)
	at org.openqa.selenium.By$ByXPath.findElement(By.java:361)
	at org.openqa.selenium.remote.RemoteWebDriver.findElement(RemoteWebDriver.java:360)
	at sun.reflect.GeneratedMethodAccessor9.invoke(Unknown Source)
	at sun.reflect.DelegatingMethodAccessorImpl.invoke(Unknown Source)
	at java.lang.reflect.Method.invoke(Unknown Source)
	at org.openqa.selenium.support.events.EventFiringWebDriver$2.invoke(EventFiringWebDriver.java:103)
	at com.sun.proxy.$Proxy9.findElement(Unknown Source)
	at org.openqa.selenium.support.events.EventFiringWebDriver.findElement(EventFiringWebDriver.java:187)
	at com.adv.qa.selenium.framework.pageObjects.currency.CurrencyPage.enterFormulaDetails(CurrencyPage.java:2496)
	at com.adv.qa.selenium.tests.currency.A025_FormulaTest.createFormula(A025_FormulaTest.java:84)
	at com.adv.qa.selenium.tests.currency.A025_FormulaTest.verify(A025_FormulaTest.java:63)
	at sun.reflect.NativeMethodAccessorImpl.invoke0(Native Method)
	at sun.reflect.NativeMethodAccessorImpl.invoke(Unknown Source)
	at sun.reflect.DelegatingMethodAccessorImpl.invoke(Unknown Source)
	at java.lang.reflect.Method.invoke(Unknown Source)
	at org.testng.internal.MethodInvocationHelper.invokeMethod(MethodInvocationHelper.java:104)
	at org.testng.internal.InvokeMethodRunnable.runOne(InvokeMethodRunnable.java:54)
	at org.testng.internal.InvokeMethodRunnable.run(InvokeMethodRunnable.java:44)
	at java.util.concurrent.Executors$RunnableAdapter.call(Unknown Source)
	at java.util.concurrent.FutureTask.run(Unknown Source)
	at java.util.concurrent.ThreadPoolExecutor.runWorker(Unknown Source)
	at java.util.concurrent.ThreadPoolExecutor$Worker.run(Unknown Source)
	at java.lang.Thread.run(Unknown Source)
</div>
</td></tr>
</table>
<p class="totop"><a href="#summary">back to summary</a></p>
<h2 id="m38">com.adv.qa.selenium.tests.currency.A024B_Batch_TypesTest:verify</h2>
<table cellspacing="0" cellpadding="0" class="result">
<tr class="param"><th>Parameter #1</th></tr>
<tr class="param stripe"><td>[DataUnit [userName = BM], DataUnit [passWord = E5], DataUnit [batchCode = AKK], DataUnit [imBatchTypeForIMAD = IMAD], DataUnit [imBatchTypeForIMAD = Stock Adjustments In], DataUnit [imBatchTypeForIMAD = IM], DataUnit [imBatchTypeForIMAD = Immediate], DataUnit [imBatchTypeForIMAD = 0], DataUnit [imBatchTypeForIMAD = 1], DataUnit [imBatchTypeForIMAD = 1], DataUnit [imBatchTypeForIMAD = 1], DataUnit [imBatchTypeForIMAD = 1], DataUnit [imBatchTypeForIMAD = NILL], DataUnit [imBatchTypeForIMAD = NILL], DataUnit [imBatchTypeForIMAO = IMAO], DataUnit [imBatchTypeForIMAO = Stock Adjustments Out], DataUnit [imBatchTypeForIMAO = IM], DataUnit [imBatchTypeForIMAO = Immediate], DataUnit [imBatchTypeForIMAO = 0], DataUnit [imBatchTypeForIMAO = 1], DataUnit [imBatchTypeForIMAO = 1], DataUnit [imBatchTypeForIMAO = 1], DataUnit [imBatchTypeForIMAO = 1], DataUnit [imBatchTypeForIMAO = NILL], DataUnit [imBatchTypeForIMAO = NILL], DataUnit [imBatchTypeForIMVA = IMVA], DataUnit [imBatchTypeForIMVA = Value Adjustments], DataUnit [imBatchTypeForIMVA = IM], DataUnit [imBatchTypeForIMVA = Immediate], DataUnit [imBatchTypeForIMVA = 0], DataUnit [imBatchTypeForIMVA = 1], DataUnit [imBatchTypeForIMVA = 1], DataUnit [imBatchTypeForIMVA = 1], DataUnit [imBatchTypeForIMVA = 1], DataUnit [imBatchTypeForIMVA = NILL], DataUnit [imBatchTypeForIMVA = NILL], DataUnit [imBatchTypeForIMDI = IMDI], DataUnit [imBatchTypeForIMDI = Disposals], DataUnit [imBatchTypeForIMDI = IM], DataUnit [imBatchTypeForIMDI = Immediate], DataUnit [imBatchTypeForIMDI = 0], DataUnit [imBatchTypeForIMDI = 1], DataUnit [imBatchTypeForIMDI = 1], DataUnit [imBatchTypeForIMDI = 1], DataUnit [imBatchTypeForIMDI = 1], DataUnit [imBatchTypeForIMDI = NILL], DataUnit [imBatchTypeForIMDI = NILL], DataUnit [imBatchTypeForIMTR = IMTR], DataUnit [imBatchTypeForIMTR = IM Store Transfer], DataUnit [imBatchTypeForIMTR = IM], DataUnit [imBatchTypeForIMTR = Immediate], DataUnit [imBatchTypeForIMTR = 0], DataUnit [imBatchTypeForIMTR = 1], DataUnit [imBatchTypeForIMTR = 1], DataUnit [imBatchTypeForIMTR = 1], DataUnit [imBatchTypeForIMTR = 1], DataUnit [imBatchTypeForIMTR = NILL], DataUnit [imBatchTypeForIMTR = NILL], DataUnit [imBatchTypeForIMRS = IMRS], DataUnit [imBatchTypeForIMRS = Return to Stores], DataUnit [imBatchTypeForIMRS = IM], DataUnit [imBatchTypeForIMRS = Immediate], DataUnit [imBatchTypeForIMRS = 0], DataUnit [imBatchTypeForIMRS = 1], DataUnit [imBatchTypeForIMRS = 1], DataUnit [imBatchTypeForIMRS = 1], DataUnit [imBatchTypeForIMRS = 1], DataUnit [imBatchTypeForIMRS = NILL], DataUnit [imBatchTypeForIMRS = NILL], DataUnit [imBatchTypeForIMRU = IMRU], DataUnit [imBatchTypeForIMRU = Returns to Suppliers], DataUnit [imBatchTypeForIMRU = IM], DataUnit [imBatchTypeForIMRU = Immediate], DataUnit [imBatchTypeForIMRU = 0], DataUnit [imBatchTypeForIMRU = 1], DataUnit [imBatchTypeForIMRU = 1], DataUnit [imBatchTypeForIMRU = 1], DataUnit [imBatchTypeForIMRU = 1], DataUnit [imBatchTypeForIMRU = NILL], DataUnit [imBatchTypeForIMRU = NILL], DataUnit [imBatchTypeForIMRC = IMRC], DataUnit [imBatchTypeForIMRC = Revised Cost Variance], DataUnit [imBatchTypeForIMRC = IM], DataUnit [imBatchTypeForIMRC = Immediate], DataUnit [imBatchTypeForIMRC = 0], DataUnit [imBatchTypeForIMRC = 1], DataUnit [imBatchTypeForIMRC = 1], DataUnit [imBatchTypeForIMRC = 1], DataUnit [imBatchTypeForIMRC = 1], DataUnit [imBatchTypeForIMRC = NILL], DataUnit [imBatchTypeForIMRC = NILL], DataUnit [imBatchTypeForIMSC = IMSC], DataUnit [imBatchTypeForIMSC = Standard Cost Revaluation], DataUnit [imBatchTypeForIMSC = IM], DataUnit [imBatchTypeForIMSC = Immediate], DataUnit [imBatchTypeForIMSC = 0], DataUnit [imBatchTypeForIMSC = 1], DataUnit [imBatchTypeForIMSC = 1], DataUnit [imBatchTypeForIMSC = 1], DataUnit [imBatchTypeForIMSC = 1], DataUnit [imBatchTypeForIMSC = NILL], DataUnit [imBatchTypeForIMSC = NILL]]</td>
</tr>
<tr><td>
<div class="stacktrace">org.openqa.selenium.NoSuchElementException: Unable to locate element: //fieldset/legend[text()=&apos;Command&apos;]/..//input[contains(@name,&apos;COMMAND&apos;)]
For documentation on this error, please visit: http://seleniumhq.org/exceptions/no_such_element.html
Build info: version: &apos;unknown&apos;, revision: &apos;1969d75&apos;, time: &apos;2016-10-18 09:43:45 -0700&apos;
System info: host: &apos;ChetnaM-PC&apos;, ip: &apos;10.31.16.11&apos;, os.name: &apos;Windows 10&apos;, os.arch: &apos;amd64&apos;, os.version: &apos;10.0&apos;, java.version: &apos;1.8.0_112&apos;
Driver info: org.openqa.selenium.firefox.FirefoxDriver
Capabilities [{rotatable=false, raisesAccessibilityExceptions=false, marionette=true, firefoxOptions={args=[], prefs={}}, appBuildId=20160421124000, version=, platform=XP, proxy={}, specificationLevel=1, acceptSslCerts=false, browserVersion=46.0, platformVersion=10.0, XULappId={ec8030f7-c20a-464f-9b0e-13a3a9e97384}, browserName=Firefox, takesScreenshot=true, takesElementScreenshot=true, platformName=Windows_NT, device=desktop}]
Session ID: 4fbcbedd-eadf-4777-a317-3541dd3a60e5
*** Element info: {Using=xpath, value=//fieldset/legend[text()=&apos;Command&apos;]/..//input[contains(@name,&apos;COMMAND&apos;)]}
	at sun.reflect.GeneratedConstructorAccessor25.newInstance(Unknown Source)
	at sun.reflect.DelegatingConstructorAccessorImpl.newInstance(Unknown Source)
	at java.lang.reflect.Constructor.newInstance(Unknown Source)
	at org.openqa.selenium.remote.http.W3CHttpResponseCodec.createException(W3CHttpResponseCodec.java:127)
	at org.openqa.selenium.remote.http.W3CHttpResponseCodec.decode(W3CHttpResponseCodec.java:93)
	at org.openqa.selenium.remote.http.W3CHttpResponseCodec.decode(W3CHttpResponseCodec.java:42)
	at org.openqa.selenium.remote.HttpCommandExecutor.execute(HttpCommandExecutor.java:163)
	at org.openqa.selenium.remote.service.DriverCommandExecutor.execute(DriverCommandExecutor.java:82)
	at org.openqa.selenium.remote.RemoteWebDriver.execute(RemoteWebDriver.java:601)
	at org.openqa.selenium.remote.RemoteWebDriver.findElement(RemoteWebDriver.java:368)
	at org.openqa.selenium.remote.RemoteWebDriver.findElementByXPath(RemoteWebDriver.java:473)
	at org.openqa.selenium.By$ByXPath.findElement(By.java:361)
	at org.openqa.selenium.remote.RemoteWebDriver.findElement(RemoteWebDriver.java:360)
	at sun.reflect.GeneratedMethodAccessor9.invoke(Unknown Source)
	at sun.reflect.DelegatingMethodAccessorImpl.invoke(Unknown Source)
	at java.lang.reflect.Method.invoke(Unknown Source)
	at org.openqa.selenium.support.events.EventFiringWebDriver$2.invoke(EventFiringWebDriver.java:103)
	at com.sun.proxy.$Proxy9.findElement(Unknown Source)
	at org.openqa.selenium.support.events.EventFiringWebDriver.findElement(EventFiringWebDriver.java:187)
	at com.adv.qa.selenium.framework.pageObjects.currency.CurrencyPage.isCommandDisplayed(CurrencyPage.java:141)
	at com.adv.qa.selenium.tests.currency.A024B_Batch_TypesTest.verify(A024B_Batch_TypesTest.java:61)
	at sun.reflect.NativeMethodAccessorImpl.invoke0(Native Method)
	at sun.reflect.NativeMethodAccessorImpl.invoke(Unknown Source)
	at sun.reflect.DelegatingMethodAccessorImpl.invoke(Unknown Source)
	at java.lang.reflect.Method.invoke(Unknown Source)
	at org.testng.internal.MethodInvocationHelper.invokeMethod(MethodInvocationHelper.java:104)
	at org.testng.internal.InvokeMethodRunnable.runOne(InvokeMethodRunnable.java:54)
	at org.testng.internal.InvokeMethodRunnable.run(InvokeMethodRunnable.java:44)
	at java.util.concurrent.Executors$RunnableAdapter.call(Unknown Source)
	at java.util.concurrent.FutureTask.run(Unknown Source)
	at java.util.concurrent.ThreadPoolExecutor.runWorker(Unknown Source)
	at java.util.concurrent.ThreadPoolExecutor$Worker.run(Unknown Source)
	at java.lang.Thread.run(Unknown Source)
</div>
</td></tr>
</table>
<p class="totop"><a href="#summary">back to summary</a></p>
<h1>suite17</h1>
<h2 id="m39">com.adv.qa.selenium.tests.currency.A027_Default_StructureTest:verify</h2>
<table cellspacing="0" cellpadding="0" class="result">
<tr class="param"><th>Parameter #1</th></tr>
<tr class="param stripe"><td>[DataUnit [userName = BM], DataUnit [passWord = E5], DataUnit [code = ECA], DataUnit [structureList = 00], DataUnit [structureList = ICA Structure], DataUnit [structureList = Y]]</td>
</tr>
<tr><td>
<div class="stacktrace">org.openqa.selenium.NoSuchElementException: Unable to locate element: //fieldset/legend[text()=&apos;Command&apos;]/..//input[contains(@name,&apos;COMMAND&apos;)]
For documentation on this error, please visit: http://seleniumhq.org/exceptions/no_such_element.html
Build info: version: &apos;unknown&apos;, revision: &apos;1969d75&apos;, time: &apos;2016-10-18 09:43:45 -0700&apos;
System info: host: &apos;ChetnaM-PC&apos;, ip: &apos;10.31.16.11&apos;, os.name: &apos;Windows 10&apos;, os.arch: &apos;amd64&apos;, os.version: &apos;10.0&apos;, java.version: &apos;1.8.0_112&apos;
Driver info: org.openqa.selenium.firefox.FirefoxDriver
Capabilities [{rotatable=false, raisesAccessibilityExceptions=false, marionette=true, firefoxOptions={args=[], prefs={}}, appBuildId=20160421124000, version=, platform=XP, proxy={}, specificationLevel=1, acceptSslCerts=false, browserVersion=46.0, platformVersion=10.0, XULappId={ec8030f7-c20a-464f-9b0e-13a3a9e97384}, browserName=Firefox, takesScreenshot=true, takesElementScreenshot=true, platformName=Windows_NT, device=desktop}]
Session ID: 54f10c8d-6b1f-4e30-8d2c-5163826bcd46
*** Element info: {Using=xpath, value=//fieldset/legend[text()=&apos;Command&apos;]/..//input[contains(@name,&apos;COMMAND&apos;)]}
	at sun.reflect.GeneratedConstructorAccessor25.newInstance(Unknown Source)
	at sun.reflect.DelegatingConstructorAccessorImpl.newInstance(Unknown Source)
	at java.lang.reflect.Constructor.newInstance(Unknown Source)
	at org.openqa.selenium.remote.http.W3CHttpResponseCodec.createException(W3CHttpResponseCodec.java:127)
	at org.openqa.selenium.remote.http.W3CHttpResponseCodec.decode(W3CHttpResponseCodec.java:93)
	at org.openqa.selenium.remote.http.W3CHttpResponseCodec.decode(W3CHttpResponseCodec.java:42)
	at org.openqa.selenium.remote.HttpCommandExecutor.execute(HttpCommandExecutor.java:163)
	at org.openqa.selenium.remote.service.DriverCommandExecutor.execute(DriverCommandExecutor.java:82)
	at org.openqa.selenium.remote.RemoteWebDriver.execute(RemoteWebDriver.java:601)
	at org.openqa.selenium.remote.RemoteWebDriver.findElement(RemoteWebDriver.java:368)
	at org.openqa.selenium.remote.RemoteWebDriver.findElementByXPath(RemoteWebDriver.java:473)
	at org.openqa.selenium.By$ByXPath.findElement(By.java:361)
	at org.openqa.selenium.remote.RemoteWebDriver.findElement(RemoteWebDriver.java:360)
	at sun.reflect.GeneratedMethodAccessor9.invoke(Unknown Source)
	at sun.reflect.DelegatingMethodAccessorImpl.invoke(Unknown Source)
	at java.lang.reflect.Method.invoke(Unknown Source)
	at org.openqa.selenium.support.events.EventFiringWebDriver$2.invoke(EventFiringWebDriver.java:103)
	at com.sun.proxy.$Proxy9.findElement(Unknown Source)
	at org.openqa.selenium.support.events.EventFiringWebDriver.findElement(EventFiringWebDriver.java:187)
	at com.adv.qa.selenium.framework.pageObjects.currency.CurrencyPage.isCommandDisplayed(CurrencyPage.java:141)
	at com.adv.qa.selenium.tests.currency.A027_Default_StructureTest.verify(A027_Default_StructureTest.java:47)
	at sun.reflect.NativeMethodAccessorImpl.invoke0(Native Method)
	at sun.reflect.NativeMethodAccessorImpl.invoke(Unknown Source)
	at sun.reflect.DelegatingMethodAccessorImpl.invoke(Unknown Source)
	at java.lang.reflect.Method.invoke(Unknown Source)
	at org.testng.internal.MethodInvocationHelper.invokeMethod(MethodInvocationHelper.java:104)
	at org.testng.internal.InvokeMethodRunnable.runOne(InvokeMethodRunnable.java:54)
	at org.testng.internal.InvokeMethodRunnable.run(InvokeMethodRunnable.java:44)
	at java.util.concurrent.Executors$RunnableAdapter.call(Unknown Source)
	at java.util.concurrent.FutureTask.run(Unknown Source)
	at java.util.concurrent.ThreadPoolExecutor.runWorker(Unknown Source)
	at java.util.concurrent.ThreadPoolExecutor$Worker.run(Unknown Source)
	at java.lang.Thread.run(Unknown Source)
</div>
</td></tr>
</table>
<p class="totop"><a href="#summary">back to summary</a></p>
<h2 id="m40">com.adv.qa.selenium.tests.currency.A026_Layout_CodesTest:verify</h2>
<table cellspacing="0" cellpadding="0" class="result">
<tr class="param"><th>Parameter #1</th></tr>
<tr class="param stripe"><td>[DataUnit [userName = SYSTEM], DataUnit [passWord = E5], DataUnit [code = EAE], DataUnit [layoutList = LAY1], DataUnit [layoutList = Layout 1], DataUnit [layoutList = Totals at Bottom], DataUnit [layoutList = CAL1], DataUnit [layoutList = CAL2], DataUnit [layoutList = BS1], DataUnit [layoutList = MS1], DataUnit [layoutList = &lt;], DataUnit [layoutList = 0.0]]</td>
</tr>
<tr><td>
<div class="stacktrace">org.openqa.selenium.NoSuchElementException: Unable to locate element: //input[starts-with(@name,&apos;LYT_&apos;)]
For documentation on this error, please visit: http://seleniumhq.org/exceptions/no_such_element.html
Build info: version: &apos;unknown&apos;, revision: &apos;1969d75&apos;, time: &apos;2016-10-18 09:43:45 -0700&apos;
System info: host: &apos;ChetnaM-PC&apos;, ip: &apos;10.31.16.11&apos;, os.name: &apos;Windows 10&apos;, os.arch: &apos;amd64&apos;, os.version: &apos;10.0&apos;, java.version: &apos;1.8.0_112&apos;
Driver info: org.openqa.selenium.firefox.FirefoxDriver
Capabilities [{rotatable=false, raisesAccessibilityExceptions=false, marionette=true, firefoxOptions={args=[], prefs={}}, appBuildId=20160421124000, version=, platform=XP, proxy={}, specificationLevel=1, acceptSslCerts=false, browserVersion=46.0, platformVersion=10.0, XULappId={ec8030f7-c20a-464f-9b0e-13a3a9e97384}, browserName=Firefox, takesScreenshot=true, takesElementScreenshot=true, platformName=Windows_NT, device=desktop}]
Session ID: c906dca1-cdc8-4225-b1c7-a2237d907efe
*** Element info: {Using=xpath, value=//input[starts-with(@name,&apos;LYT_&apos;)]}
	at sun.reflect.GeneratedConstructorAccessor25.newInstance(Unknown Source)
	at sun.reflect.DelegatingConstructorAccessorImpl.newInstance(Unknown Source)
	at java.lang.reflect.Constructor.newInstance(Unknown Source)
	at org.openqa.selenium.remote.http.W3CHttpResponseCodec.createException(W3CHttpResponseCodec.java:127)
	at org.openqa.selenium.remote.http.W3CHttpResponseCodec.decode(W3CHttpResponseCodec.java:93)
	at org.openqa.selenium.remote.http.W3CHttpResponseCodec.decode(W3CHttpResponseCodec.java:42)
	at org.openqa.selenium.remote.HttpCommandExecutor.execute(HttpCommandExecutor.java:163)
	at org.openqa.selenium.remote.service.DriverCommandExecutor.execute(DriverCommandExecutor.java:82)
	at org.openqa.selenium.remote.RemoteWebDriver.execute(RemoteWebDriver.java:601)
	at org.openqa.selenium.remote.RemoteWebDriver.findElement(RemoteWebDriver.java:368)
	at org.openqa.selenium.remote.RemoteWebDriver.findElementByXPath(RemoteWebDriver.java:473)
	at org.openqa.selenium.By$ByXPath.findElement(By.java:361)
	at org.openqa.selenium.remote.RemoteWebDriver.findElement(RemoteWebDriver.java:360)
	at sun.reflect.GeneratedMethodAccessor9.invoke(Unknown Source)
	at sun.reflect.DelegatingMethodAccessorImpl.invoke(Unknown Source)
	at java.lang.reflect.Method.invoke(Unknown Source)
	at org.openqa.selenium.support.events.EventFiringWebDriver$2.invoke(EventFiringWebDriver.java:103)
	at com.sun.proxy.$Proxy9.findElement(Unknown Source)
	at org.openqa.selenium.support.events.EventFiringWebDriver.findElement(EventFiringWebDriver.java:187)
	at com.adv.qa.selenium.framework.pageObjects.currency.CurrencyPage.enterLayoutDetails(CurrencyPage.java:2571)
	at com.adv.qa.selenium.tests.currency.A026_Layout_CodesTest.verify(A026_Layout_CodesTest.java:59)
	at sun.reflect.NativeMethodAccessorImpl.invoke0(Native Method)
	at sun.reflect.NativeMethodAccessorImpl.invoke(Unknown Source)
	at sun.reflect.DelegatingMethodAccessorImpl.invoke(Unknown Source)
	at java.lang.reflect.Method.invoke(Unknown Source)
	at org.testng.internal.MethodInvocationHelper.invokeMethod(MethodInvocationHelper.java:104)
	at org.testng.internal.InvokeMethodRunnable.runOne(InvokeMethodRunnable.java:54)
	at org.testng.internal.InvokeMethodRunnable.run(InvokeMethodRunnable.java:44)
	at java.util.concurrent.Executors$RunnableAdapter.call(Unknown Source)
	at java.util.concurrent.FutureTask.run(Unknown Source)
	at java.util.concurrent.ThreadPoolExecutor.runWorker(Unknown Source)
	at java.util.concurrent.ThreadPoolExecutor$Worker.run(Unknown Source)
	at java.lang.Thread.run(Unknown Source)
</div>
</td></tr>
</table>
<p class="totop"><a href="#summary">back to summary</a></p>
<h1>suite18</h1>
<h2 id="m41">com.adv.qa.selenium.tests.currency.A029_Default_Structure_ElementsTest:verify</h2>
<table cellspacing="0" cellpadding="0" class="result">
<tr class="param"><th>Parameter #1</th></tr>
<tr class="param stripe"><td>[DataUnit [userName = BM1], DataUnit [passWord = E5], DataUnit [code = ECE], DataUnit [values = 00], DataUnit [structureForHQ = 00], DataUnit [structureForHQ = HQ], DataUnit [structureForHQ = Head Quarters], DataUnit [structureForHQ = ], DataUnit [structureForNorth = 00], DataUnit [structureForNorth = NORTH], DataUnit [structureForNorth = Northern Division], DataUnit [structureForNorth = HQ], DataUnit [structureForSouth = 00], DataUnit [structureForSouth = SOUTH], DataUnit [structureForSouth = Southern Division], DataUnit [structureForSouth = HQ], DataUnit [structureForEast = 00], DataUnit [structureForEast = EAST], DataUnit [structureForEast = Eastern Division], DataUnit [structureForEast = HQ], DataUnit [structureForWest = 00], DataUnit [structureForWest = WEST], DataUnit [structureForWest = Western Division], DataUnit [structureForWest = HQ], DataUnit [structureForSusp = 00], DataUnit [structureForSusp = SUSP], DataUnit [structureForSusp = Suspense], DataUnit [structureForSusp = WEST], DataUnit [pathKeyList = 00], DataUnit [pathKeyList = 2], DataUnit [pathKeyList = DUM], DataUnit [pathKeyList = Dummy Costcentre for ICA BTZ], DataUnit [pathKeyList = WEST]]</td>
</tr>
<tr><td>
<div class="stacktrace">org.openqa.selenium.NoSuchElementException: Unable to locate element: //fieldset/legend[text()=&apos;Command&apos;]/..//input[contains(@name,&apos;COMMAND&apos;)]
For documentation on this error, please visit: http://seleniumhq.org/exceptions/no_such_element.html
Build info: version: &apos;unknown&apos;, revision: &apos;1969d75&apos;, time: &apos;2016-10-18 09:43:45 -0700&apos;
System info: host: &apos;ChetnaM-PC&apos;, ip: &apos;10.31.16.11&apos;, os.name: &apos;Windows 10&apos;, os.arch: &apos;amd64&apos;, os.version: &apos;10.0&apos;, java.version: &apos;1.8.0_112&apos;
Driver info: org.openqa.selenium.firefox.FirefoxDriver
Capabilities [{rotatable=false, raisesAccessibilityExceptions=false, marionette=true, firefoxOptions={args=[], prefs={}}, appBuildId=20160421124000, version=, platform=XP, proxy={}, specificationLevel=1, acceptSslCerts=false, browserVersion=46.0, platformVersion=10.0, XULappId={ec8030f7-c20a-464f-9b0e-13a3a9e97384}, browserName=Firefox, takesScreenshot=true, takesElementScreenshot=true, platformName=Windows_NT, device=desktop}]
Session ID: d78f5d1a-cad2-4895-ade8-fe4f54b7d9db
*** Element info: {Using=xpath, value=//fieldset/legend[text()=&apos;Command&apos;]/..//input[contains(@name,&apos;COMMAND&apos;)]}
	at sun.reflect.GeneratedConstructorAccessor25.newInstance(Unknown Source)
	at sun.reflect.DelegatingConstructorAccessorImpl.newInstance(Unknown Source)
	at java.lang.reflect.Constructor.newInstance(Unknown Source)
	at org.openqa.selenium.remote.http.W3CHttpResponseCodec.createException(W3CHttpResponseCodec.java:127)
	at org.openqa.selenium.remote.http.W3CHttpResponseCodec.decode(W3CHttpResponseCodec.java:93)
	at org.openqa.selenium.remote.http.W3CHttpResponseCodec.decode(W3CHttpResponseCodec.java:42)
	at org.openqa.selenium.remote.HttpCommandExecutor.execute(HttpCommandExecutor.java:163)
	at org.openqa.selenium.remote.service.DriverCommandExecutor.execute(DriverCommandExecutor.java:82)
	at org.openqa.selenium.remote.RemoteWebDriver.execute(RemoteWebDriver.java:601)
	at org.openqa.selenium.remote.RemoteWebDriver.findElement(RemoteWebDriver.java:368)
	at org.openqa.selenium.remote.RemoteWebDriver.findElementByXPath(RemoteWebDriver.java:473)
	at org.openqa.selenium.By$ByXPath.findElement(By.java:361)
	at org.openqa.selenium.remote.RemoteWebDriver.findElement(RemoteWebDriver.java:360)
	at sun.reflect.GeneratedMethodAccessor9.invoke(Unknown Source)
	at sun.reflect.DelegatingMethodAccessorImpl.invoke(Unknown Source)
	at java.lang.reflect.Method.invoke(Unknown Source)
	at org.openqa.selenium.support.events.EventFiringWebDriver$2.invoke(EventFiringWebDriver.java:103)
	at com.sun.proxy.$Proxy9.findElement(Unknown Source)
	at org.openqa.selenium.support.events.EventFiringWebDriver.findElement(EventFiringWebDriver.java:187)
	at com.adv.qa.selenium.framework.pageObjects.currency.CurrencyPage.isCommandDisplayed(CurrencyPage.java:141)
	at com.adv.qa.selenium.tests.currency.A029_Default_Structure_ElementsTest.verify(A029_Default_Structure_ElementsTest.java:56)
	at sun.reflect.NativeMethodAccessorImpl.invoke0(Native Method)
	at sun.reflect.NativeMethodAccessorImpl.invoke(Unknown Source)
	at sun.reflect.DelegatingMethodAccessorImpl.invoke(Unknown Source)
	at java.lang.reflect.Method.invoke(Unknown Source)
	at org.testng.internal.MethodInvocationHelper.invokeMethod(MethodInvocationHelper.java:104)
	at org.testng.internal.InvokeMethodRunnable.runOne(InvokeMethodRunnable.java:54)
	at org.testng.internal.InvokeMethodRunnable.run(InvokeMethodRunnable.java:44)
	at java.util.concurrent.Executors$RunnableAdapter.call(Unknown Source)
	at java.util.concurrent.FutureTask.run(Unknown Source)
	at java.util.concurrent.ThreadPoolExecutor.runWorker(Unknown Source)
	at java.util.concurrent.ThreadPoolExecutor$Worker.run(Unknown Source)
	at java.lang.Thread.run(Unknown Source)
</div>
</td></tr>
</table>
<p class="totop"><a href="#summary">back to summary</a></p>
<h2 id="m42">com.adv.qa.selenium.tests.currency.A028_Default_Structure_ControlsTest:verify</h2>
<table cellspacing="0" cellpadding="0" class="result">
<tr class="param"><th>Parameter #1</th></tr>
<tr class="param stripe"><td>[DataUnit [userName = BM], DataUnit [passWord = E5], DataUnit [code = ECC], DataUnit [controlList = 00], DataUnit [controlList = 2], DataUnit [controlList = SUSP], DataUnit [controlList =  Mandatory ], DataUnit [controlList = Immediate], DataUnit [controlList = LAY1], DataUnit [controlList = LAY1], DataUnit [controlList = 2]]</td>
</tr>
<tr><td>
<div class="stacktrace">org.openqa.selenium.NoSuchElementException: Unable to locate element: //fieldset/legend[text()=&apos;Command&apos;]/..//input[contains(@name,&apos;COMMAND&apos;)]
For documentation on this error, please visit: http://seleniumhq.org/exceptions/no_such_element.html
Build info: version: &apos;unknown&apos;, revision: &apos;1969d75&apos;, time: &apos;2016-10-18 09:43:45 -0700&apos;
System info: host: &apos;ChetnaM-PC&apos;, ip: &apos;10.31.16.11&apos;, os.name: &apos;Windows 10&apos;, os.arch: &apos;amd64&apos;, os.version: &apos;10.0&apos;, java.version: &apos;1.8.0_112&apos;
Driver info: org.openqa.selenium.firefox.FirefoxDriver
Capabilities [{rotatable=false, raisesAccessibilityExceptions=false, marionette=true, firefoxOptions={args=[], prefs={}}, appBuildId=20160421124000, version=, platform=XP, proxy={}, specificationLevel=1, acceptSslCerts=false, browserVersion=46.0, platformVersion=10.0, XULappId={ec8030f7-c20a-464f-9b0e-13a3a9e97384}, browserName=Firefox, takesScreenshot=true, takesElementScreenshot=true, platformName=Windows_NT, device=desktop}]
Session ID: 7727321e-204c-4100-9b74-6d8448f756d8
*** Element info: {Using=xpath, value=//fieldset/legend[text()=&apos;Command&apos;]/..//input[contains(@name,&apos;COMMAND&apos;)]}
	at sun.reflect.GeneratedConstructorAccessor25.newInstance(Unknown Source)
	at sun.reflect.DelegatingConstructorAccessorImpl.newInstance(Unknown Source)
	at java.lang.reflect.Constructor.newInstance(Unknown Source)
	at org.openqa.selenium.remote.http.W3CHttpResponseCodec.createException(W3CHttpResponseCodec.java:127)
	at org.openqa.selenium.remote.http.W3CHttpResponseCodec.decode(W3CHttpResponseCodec.java:93)
	at org.openqa.selenium.remote.http.W3CHttpResponseCodec.decode(W3CHttpResponseCodec.java:42)
	at org.openqa.selenium.remote.HttpCommandExecutor.execute(HttpCommandExecutor.java:163)
	at org.openqa.selenium.remote.service.DriverCommandExecutor.execute(DriverCommandExecutor.java:82)
	at org.openqa.selenium.remote.RemoteWebDriver.execute(RemoteWebDriver.java:601)
	at org.openqa.selenium.remote.RemoteWebDriver.findElement(RemoteWebDriver.java:368)
	at org.openqa.selenium.remote.RemoteWebDriver.findElementByXPath(RemoteWebDriver.java:473)
	at org.openqa.selenium.By$ByXPath.findElement(By.java:361)
	at org.openqa.selenium.remote.RemoteWebDriver.findElement(RemoteWebDriver.java:360)
	at sun.reflect.GeneratedMethodAccessor9.invoke(Unknown Source)
	at sun.reflect.DelegatingMethodAccessorImpl.invoke(Unknown Source)
	at java.lang.reflect.Method.invoke(Unknown Source)
	at org.openqa.selenium.support.events.EventFiringWebDriver$2.invoke(EventFiringWebDriver.java:103)
	at com.sun.proxy.$Proxy9.findElement(Unknown Source)
	at org.openqa.selenium.support.events.EventFiringWebDriver.findElement(EventFiringWebDriver.java:187)
	at com.adv.qa.selenium.framework.pageObjects.currency.CurrencyPage.isCommandDisplayed(CurrencyPage.java:141)
	at com.adv.qa.selenium.tests.currency.A028_Default_Structure_ControlsTest.verify(A028_Default_Structure_ControlsTest.java:47)
	at sun.reflect.NativeMethodAccessorImpl.invoke0(Native Method)
	at sun.reflect.NativeMethodAccessorImpl.invoke(Unknown Source)
	at sun.reflect.DelegatingMethodAccessorImpl.invoke(Unknown Source)
	at java.lang.reflect.Method.invoke(Unknown Source)
	at org.testng.internal.MethodInvocationHelper.invokeMethod(MethodInvocationHelper.java:104)
	at org.testng.internal.InvokeMethodRunnable.runOne(InvokeMethodRunnable.java:54)
	at org.testng.internal.InvokeMethodRunnable.run(InvokeMethodRunnable.java:44)
	at java.util.concurrent.Executors$RunnableAdapter.call(Unknown Source)
	at java.util.concurrent.FutureTask.run(Unknown Source)
	at java.util.concurrent.ThreadPoolExecutor.runWorker(Unknown Source)
	at java.util.concurrent.ThreadPoolExecutor$Worker.run(Unknown Source)
	at java.lang.Thread.run(Unknown Source)
</div>
</td></tr>
</table>
<p class="totop"><a href="#summary">back to summary</a></p>
<h1>suite19</h1>
<h2 id="m43">com.adv.qa.selenium.tests.currency.A031_Company_ControlsTest:verify</h2>
<table cellspacing="0" cellpadding="0" class="result">
<tr class="param"><th>Parameter #1</th></tr>
<tr class="param stripe"><td>[DataUnit [userName = EXPED], DataUnit [passWord = E5], DataUnit [code = EAA], DataUnit [companyControl = LAY1], DataUnit [companyControl = LAY1], DataUnit [companyControl = 00], DataUnit [companyControl = B], DataUnit [companyControl = TRAN], DataUnit [companyControl = REVV], DataUnit [companyControl = Layout 1], DataUnit [companyControl = Layout 1], DataUnit [companyControl = ICA Structure], DataUnit [companyControl = Transfer], DataUnit [companyControl = Reversal]]</td>
</tr>
<tr><td>
<div class="stacktrace">org.openqa.selenium.NoSuchElementException: Unable to locate element: //fieldset/legend[text()=&apos;Command&apos;]/..//input[contains(@name,&apos;COMMAND&apos;)]
For documentation on this error, please visit: http://seleniumhq.org/exceptions/no_such_element.html
Build info: version: &apos;unknown&apos;, revision: &apos;1969d75&apos;, time: &apos;2016-10-18 09:43:45 -0700&apos;
System info: host: &apos;ChetnaM-PC&apos;, ip: &apos;10.31.16.11&apos;, os.name: &apos;Windows 10&apos;, os.arch: &apos;amd64&apos;, os.version: &apos;10.0&apos;, java.version: &apos;1.8.0_112&apos;
Driver info: org.openqa.selenium.firefox.FirefoxDriver
Capabilities [{rotatable=false, raisesAccessibilityExceptions=false, marionette=true, firefoxOptions={args=[], prefs={}}, appBuildId=20160421124000, version=, platform=XP, proxy={}, specificationLevel=1, acceptSslCerts=false, browserVersion=46.0, platformVersion=10.0, XULappId={ec8030f7-c20a-464f-9b0e-13a3a9e97384}, browserName=Firefox, takesScreenshot=true, takesElementScreenshot=true, platformName=Windows_NT, device=desktop}]
Session ID: e2ff57c3-53b4-4d3f-9aaf-5992ef6d9fc9
*** Element info: {Using=xpath, value=//fieldset/legend[text()=&apos;Command&apos;]/..//input[contains(@name,&apos;COMMAND&apos;)]}
	at sun.reflect.GeneratedConstructorAccessor25.newInstance(Unknown Source)
	at sun.reflect.DelegatingConstructorAccessorImpl.newInstance(Unknown Source)
	at java.lang.reflect.Constructor.newInstance(Unknown Source)
	at org.openqa.selenium.remote.http.W3CHttpResponseCodec.createException(W3CHttpResponseCodec.java:127)
	at org.openqa.selenium.remote.http.W3CHttpResponseCodec.decode(W3CHttpResponseCodec.java:93)
	at org.openqa.selenium.remote.http.W3CHttpResponseCodec.decode(W3CHttpResponseCodec.java:42)
	at org.openqa.selenium.remote.HttpCommandExecutor.execute(HttpCommandExecutor.java:163)
	at org.openqa.selenium.remote.service.DriverCommandExecutor.execute(DriverCommandExecutor.java:82)
	at org.openqa.selenium.remote.RemoteWebDriver.execute(RemoteWebDriver.java:601)
	at org.openqa.selenium.remote.RemoteWebDriver.findElement(RemoteWebDriver.java:368)
	at org.openqa.selenium.remote.RemoteWebDriver.findElementByXPath(RemoteWebDriver.java:473)
	at org.openqa.selenium.By$ByXPath.findElement(By.java:361)
	at org.openqa.selenium.remote.RemoteWebDriver.findElement(RemoteWebDriver.java:360)
	at sun.reflect.GeneratedMethodAccessor9.invoke(Unknown Source)
	at sun.reflect.DelegatingMethodAccessorImpl.invoke(Unknown Source)
	at java.lang.reflect.Method.invoke(Unknown Source)
	at org.openqa.selenium.support.events.EventFiringWebDriver$2.invoke(EventFiringWebDriver.java:103)
	at com.sun.proxy.$Proxy9.findElement(Unknown Source)
	at org.openqa.selenium.support.events.EventFiringWebDriver.findElement(EventFiringWebDriver.java:187)
	at com.adv.qa.selenium.framework.pageObjects.currency.CurrencyPage.isCommandDisplayed(CurrencyPage.java:141)
	at com.adv.qa.selenium.tests.currency.A031_Company_ControlsTest.verify(A031_Company_ControlsTest.java:47)
	at sun.reflect.NativeMethodAccessorImpl.invoke0(Native Method)
	at sun.reflect.NativeMethodAccessorImpl.invoke(Unknown Source)
	at sun.reflect.DelegatingMethodAccessorImpl.invoke(Unknown Source)
	at java.lang.reflect.Method.invoke(Unknown Source)
	at org.testng.internal.MethodInvocationHelper.invokeMethod(MethodInvocationHelper.java:104)
	at org.testng.internal.InvokeMethodRunnable.runOne(InvokeMethodRunnable.java:54)
	at org.testng.internal.InvokeMethodRunnable.run(InvokeMethodRunnable.java:44)
	at java.util.concurrent.Executors$RunnableAdapter.call(Unknown Source)
	at java.util.concurrent.FutureTask.run(Unknown Source)
	at java.util.concurrent.ThreadPoolExecutor.runWorker(Unknown Source)
	at java.util.concurrent.ThreadPoolExecutor$Worker.run(Unknown Source)
	at java.lang.Thread.run(Unknown Source)
</div>
</td></tr>
</table>
<p class="totop"><a href="#summary">back to summary</a></p>
<h2 id="m44">com.adv.qa.selenium.tests.currency.A030_Security_ElementsTest:verify</h2>
<table cellspacing="0" cellpadding="0" class="result">
<tr class="param"><th>Parameter #1</th></tr>
<tr class="param stripe"><td>[DataUnit [userName = QUERY], DataUnit [passWord = E5], DataUnit [code = ENI], DataUnit [code = AFF], DataUnit [securityList = STD], DataUnit [securityList = 00], DataUnit [securityList = HQ], DataUnit [securityList = STD], DataUnit [securityList = Access to all E5 application function]]</td>
</tr>
<tr><td>
<div class="stacktrace">org.openqa.selenium.NoSuchElementException: Unable to locate element: //fieldset/legend[text()=&apos;Command&apos;]/..//input[contains(@name,&apos;COMMAND&apos;)]
For documentation on this error, please visit: http://seleniumhq.org/exceptions/no_such_element.html
Build info: version: &apos;unknown&apos;, revision: &apos;1969d75&apos;, time: &apos;2016-10-18 09:43:45 -0700&apos;
System info: host: &apos;ChetnaM-PC&apos;, ip: &apos;10.31.16.11&apos;, os.name: &apos;Windows 10&apos;, os.arch: &apos;amd64&apos;, os.version: &apos;10.0&apos;, java.version: &apos;1.8.0_112&apos;
Driver info: org.openqa.selenium.firefox.FirefoxDriver
Capabilities [{rotatable=false, raisesAccessibilityExceptions=false, marionette=true, firefoxOptions={args=[], prefs={}}, appBuildId=20160421124000, version=, platform=XP, proxy={}, specificationLevel=1, acceptSslCerts=false, browserVersion=46.0, platformVersion=10.0, XULappId={ec8030f7-c20a-464f-9b0e-13a3a9e97384}, browserName=Firefox, takesScreenshot=true, takesElementScreenshot=true, platformName=Windows_NT, device=desktop}]
Session ID: 18e41429-d5df-463b-9979-b0e2ec62a079
*** Element info: {Using=xpath, value=//fieldset/legend[text()=&apos;Command&apos;]/..//input[contains(@name,&apos;COMMAND&apos;)]}
	at sun.reflect.GeneratedConstructorAccessor25.newInstance(Unknown Source)
	at sun.reflect.DelegatingConstructorAccessorImpl.newInstance(Unknown Source)
	at java.lang.reflect.Constructor.newInstance(Unknown Source)
	at org.openqa.selenium.remote.http.W3CHttpResponseCodec.createException(W3CHttpResponseCodec.java:127)
	at org.openqa.selenium.remote.http.W3CHttpResponseCodec.decode(W3CHttpResponseCodec.java:93)
	at org.openqa.selenium.remote.http.W3CHttpResponseCodec.decode(W3CHttpResponseCodec.java:42)
	at org.openqa.selenium.remote.HttpCommandExecutor.execute(HttpCommandExecutor.java:163)
	at org.openqa.selenium.remote.service.DriverCommandExecutor.execute(DriverCommandExecutor.java:82)
	at org.openqa.selenium.remote.RemoteWebDriver.execute(RemoteWebDriver.java:601)
	at org.openqa.selenium.remote.RemoteWebDriver.findElement(RemoteWebDriver.java:368)
	at org.openqa.selenium.remote.RemoteWebDriver.findElementByXPath(RemoteWebDriver.java:473)
	at org.openqa.selenium.By$ByXPath.findElement(By.java:361)
	at org.openqa.selenium.remote.RemoteWebDriver.findElement(RemoteWebDriver.java:360)
	at sun.reflect.GeneratedMethodAccessor9.invoke(Unknown Source)
	at sun.reflect.DelegatingMethodAccessorImpl.invoke(Unknown Source)
	at java.lang.reflect.Method.invoke(Unknown Source)
	at org.openqa.selenium.support.events.EventFiringWebDriver$2.invoke(EventFiringWebDriver.java:103)
	at com.sun.proxy.$Proxy9.findElement(Unknown Source)
	at org.openqa.selenium.support.events.EventFiringWebDriver.findElement(EventFiringWebDriver.java:187)
	at com.adv.qa.selenium.framework.pageObjects.currency.CurrencyPage.isCommandDisplayed(CurrencyPage.java:141)
	at com.adv.qa.selenium.tests.currency.A030_Security_ElementsTest.verify(A030_Security_ElementsTest.java:49)
	at sun.reflect.NativeMethodAccessorImpl.invoke0(Native Method)
	at sun.reflect.NativeMethodAccessorImpl.invoke(Unknown Source)
	at sun.reflect.DelegatingMethodAccessorImpl.invoke(Unknown Source)
	at java.lang.reflect.Method.invoke(Unknown Source)
	at org.testng.internal.MethodInvocationHelper.invokeMethod(MethodInvocationHelper.java:104)
	at org.testng.internal.InvokeMethodRunnable.runOne(InvokeMethodRunnable.java:54)
	at org.testng.internal.InvokeMethodRunnable.run(InvokeMethodRunnable.java:44)
	at java.util.concurrent.Executors$RunnableAdapter.call(Unknown Source)
	at java.util.concurrent.FutureTask.run(Unknown Source)
	at java.util.concurrent.ThreadPoolExecutor.runWorker(Unknown Source)
	at java.util.concurrent.ThreadPoolExecutor$Worker.run(Unknown Source)
	at java.lang.Thread.run(Unknown Source)
</div>
</td></tr>
</table>
<p class="totop"><a href="#summary">back to summary</a></p>
<h1>suite20</h1>
<h2 id="m45">com.adv.qa.selenium.tests.currency.A032_Management_CodesTest:verify</h2>
<table cellspacing="0" cellpadding="0" class="result">
<tr class="param"><th>Parameter #1</th></tr>
<tr class="param stripe"><td>[DataUnit [userName = BM], DataUnit [passWord = E5], DataUnit [code = EBD], DataUnit [values = B], DataUnit [n1ManagementCode = N1], DataUnit [n1ManagementCode = Newcastle], DataUnit [n1ManagementCode = N1], DataUnit [n1ManagementCode = 00], DataUnit [n1ManagementCode = NORTH], DataUnit [n2ManagementCode = N2], DataUnit [n2ManagementCode = Sunderland], DataUnit [n2ManagementCode = N2], DataUnit [n2ManagementCode = 00], DataUnit [n2ManagementCode = NORTH], DataUnit [s1ManagementCode = S1], DataUnit [s1ManagementCode = London], DataUnit [s1ManagementCode = S1], DataUnit [s1ManagementCode = 00], DataUnit [s1ManagementCode = SOUTH], DataUnit [e1ManagementCode = E1], DataUnit [e1ManagementCode = Norwich], DataUnit [e1ManagementCode = E1], DataUnit [e1ManagementCode = 00], DataUnit [e1ManagementCode = EAST], DataUnit [w1ManagementCode = W1], DataUnit [w1ManagementCode = Devon], DataUnit [w1ManagementCode = W1], DataUnit [w1ManagementCode = 00], DataUnit [w1ManagementCode = WEST], DataUnit [nbtzManagementCode = NBTZ], DataUnit [nbtzManagementCode = NBTZ], DataUnit [nbtzManagementCode = NBTZ], DataUnit [nbtzManagementCode = 00], DataUnit [nbtzManagementCode = NORTH], DataUnit [sbtzManagementCode = SBTZ], DataUnit [sbtzManagementCode = SBTZ], DataUnit [sbtzManagementCode = SBTZ], DataUnit [sbtzManagementCode = 00], DataUnit [sbtzManagementCode = SOUTH], DataUnit [ebtzManagementCode = EBTZ], DataUnit [ebtzManagementCode = EBTZ], DataUnit [ebtzManagementCode = EBTZ], DataUnit [ebtzManagementCode = 00], DataUnit [ebtzManagementCode = EAST], DataUnit [wbtzManagementCode = WBTZ], DataUnit [wbtzManagementCode = WBTZ], DataUnit [wbtzManagementCode = WBTZ], DataUnit [wbtzManagementCode = 00], DataUnit [wbtzManagementCode = WEST]]</td>
</tr>
<tr><td>
<div class="stacktrace">org.openqa.selenium.NoSuchElementException: Unable to locate element: //fieldset/legend[text()=&apos;Command&apos;]/..//input[contains(@name,&apos;COMMAND&apos;)]
For documentation on this error, please visit: http://seleniumhq.org/exceptions/no_such_element.html
Build info: version: &apos;unknown&apos;, revision: &apos;1969d75&apos;, time: &apos;2016-10-18 09:43:45 -0700&apos;
System info: host: &apos;ChetnaM-PC&apos;, ip: &apos;10.31.16.11&apos;, os.name: &apos;Windows 10&apos;, os.arch: &apos;amd64&apos;, os.version: &apos;10.0&apos;, java.version: &apos;1.8.0_112&apos;
Driver info: org.openqa.selenium.firefox.FirefoxDriver
Capabilities [{rotatable=false, raisesAccessibilityExceptions=false, marionette=true, firefoxOptions={args=[], prefs={}}, appBuildId=20160421124000, version=, platform=XP, proxy={}, specificationLevel=1, acceptSslCerts=false, browserVersion=46.0, platformVersion=10.0, XULappId={ec8030f7-c20a-464f-9b0e-13a3a9e97384}, browserName=Firefox, takesScreenshot=true, takesElementScreenshot=true, platformName=Windows_NT, device=desktop}]
Session ID: 5a02f780-7dad-4bef-9f44-ce01fa8614d0
*** Element info: {Using=xpath, value=//fieldset/legend[text()=&apos;Command&apos;]/..//input[contains(@name,&apos;COMMAND&apos;)]}
	at sun.reflect.GeneratedConstructorAccessor25.newInstance(Unknown Source)
	at sun.reflect.DelegatingConstructorAccessorImpl.newInstance(Unknown Source)
	at java.lang.reflect.Constructor.newInstance(Unknown Source)
	at org.openqa.selenium.remote.http.W3CHttpResponseCodec.createException(W3CHttpResponseCodec.java:127)
	at org.openqa.selenium.remote.http.W3CHttpResponseCodec.decode(W3CHttpResponseCodec.java:93)
	at org.openqa.selenium.remote.http.W3CHttpResponseCodec.decode(W3CHttpResponseCodec.java:42)
	at org.openqa.selenium.remote.HttpCommandExecutor.execute(HttpCommandExecutor.java:163)
	at org.openqa.selenium.remote.service.DriverCommandExecutor.execute(DriverCommandExecutor.java:82)
	at org.openqa.selenium.remote.RemoteWebDriver.execute(RemoteWebDriver.java:601)
	at org.openqa.selenium.remote.RemoteWebDriver.findElement(RemoteWebDriver.java:368)
	at org.openqa.selenium.remote.RemoteWebDriver.findElementByXPath(RemoteWebDriver.java:473)
	at org.openqa.selenium.By$ByXPath.findElement(By.java:361)
	at org.openqa.selenium.remote.RemoteWebDriver.findElement(RemoteWebDriver.java:360)
	at sun.reflect.GeneratedMethodAccessor9.invoke(Unknown Source)
	at sun.reflect.DelegatingMethodAccessorImpl.invoke(Unknown Source)
	at java.lang.reflect.Method.invoke(Unknown Source)
	at org.openqa.selenium.support.events.EventFiringWebDriver$2.invoke(EventFiringWebDriver.java:103)
	at com.sun.proxy.$Proxy9.findElement(Unknown Source)
	at org.openqa.selenium.support.events.EventFiringWebDriver.findElement(EventFiringWebDriver.java:187)
	at com.adv.qa.selenium.framework.pageObjects.currency.CurrencyPage.isCommandDisplayed(CurrencyPage.java:141)
	at com.adv.qa.selenium.tests.currency.A032_Management_CodesTest.verify(A032_Management_CodesTest.java:56)
	at sun.reflect.NativeMethodAccessorImpl.invoke0(Native Method)
	at sun.reflect.NativeMethodAccessorImpl.invoke(Unknown Source)
	at sun.reflect.DelegatingMethodAccessorImpl.invoke(Unknown Source)
	at java.lang.reflect.Method.invoke(Unknown Source)
	at org.testng.internal.MethodInvocationHelper.invokeMethod(MethodInvocationHelper.java:104)
	at org.testng.internal.InvokeMethodRunnable.runOne(InvokeMethodRunnable.java:54)
	at org.testng.internal.InvokeMethodRunnable.run(InvokeMethodRunnable.java:44)
	at java.util.concurrent.Executors$RunnableAdapter.call(Unknown Source)
	at java.util.concurrent.FutureTask.run(Unknown Source)
	at java.util.concurrent.ThreadPoolExecutor.runWorker(Unknown Source)
	at java.util.concurrent.ThreadPoolExecutor$Worker.run(Unknown Source)
	at java.lang.Thread.run(Unknown Source)
</div>
</td></tr>
</table>
<p class="totop"><a href="#summary">back to summary</a></p>
<h2 id="m46">com.adv.qa.selenium.tests.currency.A032A_PathKeyNewParentTest:verify</h2>
<table cellspacing="0" cellpadding="0" class="result">
<tr class="param"><th>Parameter #1</th></tr>
<tr class="param stripe"><td>[DataUnit [userName = BM1], DataUnit [passWord = E5], DataUnit [currencyCode = ECG], DataUnit [pathKeyN1 = 00], DataUnit [pathKeyN1 = 2], DataUnit [pathKeyN1 = N1], DataUnit [pathKeyN1 = NORTH], DataUnit [pathKeyN2 = 00], DataUnit [pathKeyN2 = 2], DataUnit [pathKeyN2 = N2], DataUnit [pathKeyN2 = NORTH], DataUnit [pathKeyS1 = 00], DataUnit [pathKeyS1 = 2], DataUnit [pathKeyS1 = S1], DataUnit [pathKeyS1 = SOUTH], DataUnit [pathKeyE1 = 00], DataUnit [pathKeyE1 = 2], DataUnit [pathKeyE1 = E1], DataUnit [pathKeyE1 = EAST], DataUnit [pathKeyW1 = 00], DataUnit [pathKeyW1 = 2], DataUnit [pathKeyW1 = W1], DataUnit [pathKeyW1 = WEST], DataUnit [pathKeyNBTZ = 00], DataUnit [pathKeyNBTZ = 2], DataUnit [pathKeyNBTZ = NBTZ], DataUnit [pathKeyNBTZ = NORTH], DataUnit [pathKeySBTZ = 00], DataUnit [pathKeySBTZ = 2], DataUnit [pathKeySBTZ = SBTZ], DataUnit [pathKeySBTZ = SOUTH], DataUnit [pathKeyEBTZ = 00], DataUnit [pathKeyEBTZ = 2], DataUnit [pathKeyEBTZ = EBTZ], DataUnit [pathKeyEBTZ = EAST], DataUnit [pathKeyWBTZ = 00], DataUnit [pathKeyWBTZ = 2], DataUnit [pathKeyWBTZ = WBTZ], DataUnit [pathKeyWBTZ = WEST]]</td>
</tr>
<tr><td>
<div class="stacktrace">org.openqa.selenium.NoSuchElementException: Unable to locate element: //fieldset/legend[text()=&apos;Command&apos;]/..//input[contains(@name,&apos;COMMAND&apos;)]
For documentation on this error, please visit: http://seleniumhq.org/exceptions/no_such_element.html
Build info: version: &apos;unknown&apos;, revision: &apos;1969d75&apos;, time: &apos;2016-10-18 09:43:45 -0700&apos;
System info: host: &apos;ChetnaM-PC&apos;, ip: &apos;10.31.16.11&apos;, os.name: &apos;Windows 10&apos;, os.arch: &apos;amd64&apos;, os.version: &apos;10.0&apos;, java.version: &apos;1.8.0_112&apos;
Driver info: org.openqa.selenium.firefox.FirefoxDriver
Capabilities [{rotatable=false, raisesAccessibilityExceptions=false, marionette=true, firefoxOptions={args=[], prefs={}}, appBuildId=20160421124000, version=, platform=XP, proxy={}, specificationLevel=1, acceptSslCerts=false, browserVersion=46.0, platformVersion=10.0, XULappId={ec8030f7-c20a-464f-9b0e-13a3a9e97384}, browserName=Firefox, takesScreenshot=true, takesElementScreenshot=true, platformName=Windows_NT, device=desktop}]
Session ID: 93f17080-b631-4eb5-9ad0-d038452ffabb
*** Element info: {Using=xpath, value=//fieldset/legend[text()=&apos;Command&apos;]/..//input[contains(@name,&apos;COMMAND&apos;)]}
	at sun.reflect.GeneratedConstructorAccessor25.newInstance(Unknown Source)
	at sun.reflect.DelegatingConstructorAccessorImpl.newInstance(Unknown Source)
	at java.lang.reflect.Constructor.newInstance(Unknown Source)
	at org.openqa.selenium.remote.http.W3CHttpResponseCodec.createException(W3CHttpResponseCodec.java:127)
	at org.openqa.selenium.remote.http.W3CHttpResponseCodec.decode(W3CHttpResponseCodec.java:93)
	at org.openqa.selenium.remote.http.W3CHttpResponseCodec.decode(W3CHttpResponseCodec.java:42)
	at org.openqa.selenium.remote.HttpCommandExecutor.execute(HttpCommandExecutor.java:163)
	at org.openqa.selenium.remote.service.DriverCommandExecutor.execute(DriverCommandExecutor.java:82)
	at org.openqa.selenium.remote.RemoteWebDriver.execute(RemoteWebDriver.java:601)
	at org.openqa.selenium.remote.RemoteWebDriver.findElement(RemoteWebDriver.java:368)
	at org.openqa.selenium.remote.RemoteWebDriver.findElementByXPath(RemoteWebDriver.java:473)
	at org.openqa.selenium.By$ByXPath.findElement(By.java:361)
	at org.openqa.selenium.remote.RemoteWebDriver.findElement(RemoteWebDriver.java:360)
	at sun.reflect.GeneratedMethodAccessor9.invoke(Unknown Source)
	at sun.reflect.DelegatingMethodAccessorImpl.invoke(Unknown Source)
	at java.lang.reflect.Method.invoke(Unknown Source)
	at org.openqa.selenium.support.events.EventFiringWebDriver$2.invoke(EventFiringWebDriver.java:103)
	at com.sun.proxy.$Proxy9.findElement(Unknown Source)
	at org.openqa.selenium.support.events.EventFiringWebDriver.findElement(EventFiringWebDriver.java:187)
	at com.adv.qa.selenium.framework.pageObjects.currency.CurrencyPage.isCommandDisplayed(CurrencyPage.java:141)
	at com.adv.qa.selenium.tests.currency.A032A_PathKeyNewParentTest.verify(A032A_PathKeyNewParentTest.java:59)
	at sun.reflect.NativeMethodAccessorImpl.invoke0(Native Method)
	at sun.reflect.NativeMethodAccessorImpl.invoke(Unknown Source)
	at sun.reflect.DelegatingMethodAccessorImpl.invoke(Unknown Source)
	at java.lang.reflect.Method.invoke(Unknown Source)
	at org.testng.internal.MethodInvocationHelper.invokeMethod(MethodInvocationHelper.java:104)
	at org.testng.internal.InvokeMethodRunnable.runOne(InvokeMethodRunnable.java:54)
	at org.testng.internal.InvokeMethodRunnable.run(InvokeMethodRunnable.java:44)
	at java.util.concurrent.Executors$RunnableAdapter.call(Unknown Source)
	at java.util.concurrent.FutureTask.run(Unknown Source)
	at java.util.concurrent.ThreadPoolExecutor.runWorker(Unknown Source)
	at java.util.concurrent.ThreadPoolExecutor$Worker.run(Unknown Source)
	at java.lang.Thread.run(Unknown Source)
</div>
</td></tr>
</table>
<p class="totop"><a href="#summary">back to summary</a></p>
<h1>suite21</h1>
<h2 id="m47">com.adv.qa.selenium.tests.currency.A033_Analysis_CodeTest:verify</h2>
<table cellspacing="0" cellpadding="0" class="result">
<tr class="param"><th>Parameter #1</th></tr>
<tr class="param stripe"><td>[DataUnit [userName = SYSTEM], DataUnit [passWord = E5], DataUnit [code = EBD], DataUnit [values = 0], DataUnit [avManagementCode = AV], DataUnit [avManagementCode = Home Cinema], DataUnit [avManagementCode = AV], DataUnit [avManagementCode = 0.0], DataUnit [avManagementCode = NORTH], DataUnit [avManagementCode = Warning], DataUnit [avManagementCode = Warning], DataUnit [hiFIManagementCode = HiFi], DataUnit [hiFIManagementCode = HiFi], DataUnit [hiFIManagementCode = HiFi], DataUnit [hiFIManagementCode = 0.0], DataUnit [hiFIManagementCode = NORTH], DataUnit [hiFIManagementCode = Warning], DataUnit [hiFIManagementCode = Warning]]</td>
</tr>
<tr><td>
<div class="stacktrace">org.openqa.selenium.NoSuchElementException: Unable to locate element: //input[starts-with(@name,&apos;PATH-KEY_&apos;)]
For documentation on this error, please visit: http://seleniumhq.org/exceptions/no_such_element.html
Build info: version: &apos;unknown&apos;, revision: &apos;1969d75&apos;, time: &apos;2016-10-18 09:43:45 -0700&apos;
System info: host: &apos;ChetnaM-PC&apos;, ip: &apos;10.31.16.11&apos;, os.name: &apos;Windows 10&apos;, os.arch: &apos;amd64&apos;, os.version: &apos;10.0&apos;, java.version: &apos;1.8.0_112&apos;
Driver info: org.openqa.selenium.firefox.FirefoxDriver
Capabilities [{rotatable=false, raisesAccessibilityExceptions=false, marionette=true, firefoxOptions={args=[], prefs={}}, appBuildId=20160421124000, version=, platform=XP, proxy={}, specificationLevel=1, acceptSslCerts=false, browserVersion=46.0, platformVersion=10.0, XULappId={ec8030f7-c20a-464f-9b0e-13a3a9e97384}, browserName=Firefox, takesScreenshot=true, takesElementScreenshot=true, platformName=Windows_NT, device=desktop}]
Session ID: dfd70f1e-7954-4ce9-aeb1-28ce91e5c629
*** Element info: {Using=xpath, value=//input[starts-with(@name,&apos;PATH-KEY_&apos;)]}
	at sun.reflect.GeneratedConstructorAccessor25.newInstance(Unknown Source)
	at sun.reflect.DelegatingConstructorAccessorImpl.newInstance(Unknown Source)
	at java.lang.reflect.Constructor.newInstance(Unknown Source)
	at org.openqa.selenium.remote.http.W3CHttpResponseCodec.createException(W3CHttpResponseCodec.java:127)
	at org.openqa.selenium.remote.http.W3CHttpResponseCodec.decode(W3CHttpResponseCodec.java:93)
	at org.openqa.selenium.remote.http.W3CHttpResponseCodec.decode(W3CHttpResponseCodec.java:42)
	at org.openqa.selenium.remote.HttpCommandExecutor.execute(HttpCommandExecutor.java:163)
	at org.openqa.selenium.remote.service.DriverCommandExecutor.execute(DriverCommandExecutor.java:82)
	at org.openqa.selenium.remote.RemoteWebDriver.execute(RemoteWebDriver.java:601)
	at org.openqa.selenium.remote.RemoteWebDriver.findElement(RemoteWebDriver.java:368)
	at org.openqa.selenium.remote.RemoteWebDriver.findElementByXPath(RemoteWebDriver.java:473)
	at org.openqa.selenium.By$ByXPath.findElement(By.java:361)
	at org.openqa.selenium.remote.RemoteWebDriver.findElement(RemoteWebDriver.java:360)
	at sun.reflect.GeneratedMethodAccessor9.invoke(Unknown Source)
	at sun.reflect.DelegatingMethodAccessorImpl.invoke(Unknown Source)
	at java.lang.reflect.Method.invoke(Unknown Source)
	at org.openqa.selenium.support.events.EventFiringWebDriver$2.invoke(EventFiringWebDriver.java:103)
	at com.sun.proxy.$Proxy9.findElement(Unknown Source)
	at org.openqa.selenium.support.events.EventFiringWebDriver.findElement(EventFiringWebDriver.java:187)
	at com.adv.qa.selenium.framework.pageObjects.currency.CurrencyPage.enterAnalysisDetails(CurrencyPage.java:2428)
	at com.adv.qa.selenium.tests.currency.A033_Analysis_CodeTest.createAnalysisCode(A033_Analysis_CodeTest.java:76)
	at com.adv.qa.selenium.tests.currency.A033_Analysis_CodeTest.verify(A033_Analysis_CodeTest.java:60)
	at sun.reflect.NativeMethodAccessorImpl.invoke0(Native Method)
	at sun.reflect.NativeMethodAccessorImpl.invoke(Unknown Source)
	at sun.reflect.DelegatingMethodAccessorImpl.invoke(Unknown Source)
	at java.lang.reflect.Method.invoke(Unknown Source)
	at org.testng.internal.MethodInvocationHelper.invokeMethod(MethodInvocationHelper.java:104)
	at org.testng.internal.InvokeMethodRunnable.runOne(InvokeMethodRunnable.java:54)
	at org.testng.internal.InvokeMethodRunnable.run(InvokeMethodRunnable.java:44)
	at java.util.concurrent.Executors$RunnableAdapter.call(Unknown Source)
	at java.util.concurrent.FutureTask.run(Unknown Source)
	at java.util.concurrent.ThreadPoolExecutor.runWorker(Unknown Source)
	at java.util.concurrent.ThreadPoolExecutor$Worker.run(Unknown Source)
	at java.lang.Thread.run(Unknown Source)
</div>
</td></tr>
</table>
<p class="totop"><a href="#summary">back to summary</a></p>
</body></html>
