<!DOCTYPE html PUBLIC "-//W3C//DTD XHTML 1.1//EN" "http://www.w3.org/TR/xhtml11/DTD/xhtml11.dtd">
<html xmlns="http://www.w3.org/1999/xhtml">
<head>
<title>TestNG Report</title>
<style type="text/css">
table {margin-bottom:10px;border-collapse:collapse;empty-cells:show}
td,th {border:1px solid #009;padding:.25em .5em}
.result th {vertical-align:bottom}
.param th {padding-left:1em;padding-right:1em}
.param td {padding-left:.5em;padding-right:2em}
.stripe td,.stripe th {background-color: #E6EBF9}
.numi,.numi_attn {text-align:right}
.total td {font-weight:bold}
.passedodd td {background-color: #0A0}
.passedeven td {background-color: #3F3}
.skippedodd td {background-color: #CCC}
.skippedodd td {background-color: #DDD}
.failedodd td,.numi_attn {background-color: #F33}
.failedeven td,.stripe .numi_attn {background-color: #D00}
.stacktrace {white-space:pre;font-family:monospace}
.totop {font-size:85%;text-align:center;border-bottom:2px solid #000}
</style>
</head>
<body>
<table cellspacing="0" cellpadding="0" class="testOverview">
<tr><th>Test</th><th>Methods<br/>Passed</th><th>Scenarios<br/>Passed</th><th># skipped</th><th># failed</th><th>Total<br/>Time</th><th>Included<br/>Groups</th><th>Excluded<br/>Groups</th></tr>
<tr><td style="text-align:left;padding-right:2em"><a href="#t1">Default test</a></td><td class="numi">0</td><td class="numi">0</td><td class="numi">0</td><td class="numi_attn">1</td><td class="numi">372.3 seconds</td><td class="numi"></td><td class="numi"></td></tr>
</table>
<table cellspacing="0" cellpadding="0" class="methodOverview" id="summary">
<tr><th>Class</th><th>Method</th><th># of<br/>Scenarios</th><th>Start</th><th>Time<br/>(ms)</th></tr>
<tr id="t1"><th colspan="5">Default test &#8212; failed (configuration methods)</th></tr>
<tr class="failedodd"><td>com.adv.qa.selenium.tests.currency.A040_ICA_Data_EntryTest</td><td><a href="#m1"><b>tearDown</b>  </a></td><td class="numi">1</td><td>1490012568228</td><td class="numi">0</td></tr>
<tr><th colspan="5">Default test &#8212; failed</th></tr>
<tr class="failedodd"><td>com.adv.qa.selenium.tests.currency.A040_ICA_Data_EntryTest</td><td><a href="#m2"><b>verify</b>  </a></td><td class="numi">1</td><td>1490012207548</td><td class="numi">360669</td></tr>
</table>
<h1>Default test</h1>
<h2 id="m1">com.adv.qa.selenium.tests.currency.A040_ICA_Data_EntryTest:tearDown</h2>
<div>
<div class="stacktrace">org.openqa.selenium.NoSuchWindowException: Unable to get browser (WARNING: The server did not provide any stacktrace information)
Command duration or timeout: 5 milliseconds
Build info: version: &apos;3.0.1&apos;, revision: &apos;1969d75&apos;, time: &apos;2016-10-18 09:48:19 -0700&apos;
System info: host: &apos;ChetnaM-PC&apos;, ip: &apos;10.31.16.11&apos;, os.name: &apos;Windows 10&apos;, os.arch: &apos;amd64&apos;, os.version: &apos;10.0&apos;, java.version: &apos;1.8.0_112&apos;
Driver info: org.openqa.selenium.ie.InternetExplorerDriver
Capabilities [{browserAttachTimeout=0, ie.enableFullPageScreenshot=true, enablePersistentHover=true, ie.forceCreateProcessApi=false, ie.forceShellWindowsApi=false, pageLoadStrategy=normal, ignoreZoomSetting=false, ie.fileUploadDialogTimeout=3000, version=11, platform=WINDOWS, nativeEvents=true, ie.ensureCleanSession=false, elementScrollBehavior=0, ie.browserCommandLineSwitches=, requireWindowFocus=false, browserName=internet explorer, initialBrowserUrl=http://localhost:48476/, javascriptEnabled=true, ignoreProtectedModeSettings=false, enableElementCacheCleanup=true, unexpectedAlertBehaviour=dismiss}]
Session ID: a0b3a8ac-8ad6-44bf-9c25-5b2be1c8cbc6
	at sun.reflect.NativeConstructorAccessorImpl.newInstance0(Native Method)
	at sun.reflect.NativeConstructorAccessorImpl.newInstance(Unknown Source)
	at sun.reflect.DelegatingConstructorAccessorImpl.newInstance(Unknown Source)
	at java.lang.reflect.Constructor.newInstance(Unknown Source)
	at org.openqa.selenium.remote.ErrorHandler.createThrowable(ErrorHandler.java:216)
	at org.openqa.selenium.remote.ErrorHandler.throwIfResponseFailed(ErrorHandler.java:168)
	at org.openqa.selenium.remote.RemoteWebDriver.execute(RemoteWebDriver.java:635)
	at org.openqa.selenium.remote.RemoteWebDriver.execute(RemoteWebDriver.java:658)
	at org.openqa.selenium.remote.RemoteWebDriver$RemoteWebDriverOptions.deleteAllCookies(RemoteWebDriver.java:730)
	at org.openqa.selenium.support.events.EventFiringWebDriver$EventFiringOptions.deleteAllCookies(EventFiringWebDriver.java:525)
	at com.adv.qa.selenium.framework.BaseTest.tearDown(BaseTest.java:257)
	at com.adv.qa.selenium.tests.currency.A040_ICA_Data_EntryTest.tearDown(A040_ICA_Data_EntryTest.java:171)
	at sun.reflect.NativeMethodAccessorImpl.invoke0(Native Method)
	at sun.reflect.NativeMethodAccessorImpl.invoke(Unknown Source)
	at sun.reflect.DelegatingMethodAccessorImpl.invoke(Unknown Source)
	at java.lang.reflect.Method.invoke(Unknown Source)
	at org.testng.internal.MethodInvocationHelper.invokeMethod(MethodInvocationHelper.java:104)
	at org.testng.internal.Invoker.invokeConfigurationMethod(Invoker.java:515)
	at org.testng.internal.Invoker.invokeConfigurations(Invoker.java:217)
	at org.testng.internal.Invoker.invokeConfigurations(Invoker.java:144)
	at org.testng.internal.TestMethodWorker.invokeAfterClassMethods(TestMethodWorker.java:217)
	at org.testng.internal.TestMethodWorker.run(TestMethodWorker.java:115)
	at org.testng.TestRunner.privateRun(TestRunner.java:756)
	at org.testng.TestRunner.run(TestRunner.java:610)
	at org.testng.SuiteRunner.runTest(SuiteRunner.java:387)
	at org.testng.SuiteRunner.runSequentially(SuiteRunner.java:382)
	at org.testng.SuiteRunner.privateRun(SuiteRunner.java:340)
	at org.testng.SuiteRunner.run(SuiteRunner.java:289)
	at org.testng.SuiteRunnerWorker.runSuite(SuiteRunnerWorker.java:52)
	at org.testng.SuiteRunnerWorker.run(SuiteRunnerWorker.java:86)
	at org.testng.TestNG.runSuitesSequentially(TestNG.java:1293)
	at org.testng.TestNG.runSuitesLocally(TestNG.java:1218)
	at org.testng.TestNG.runSuites(TestNG.java:1133)
	at org.testng.TestNG.run(TestNG.java:1104)
	at org.testng.remote.AbstractRemoteTestNG.run(AbstractRemoteTestNG.java:132)
	at org.testng.remote.RemoteTestNG.initAndRun(RemoteTestNG.java:236)
	at org.testng.remote.RemoteTestNG.main(RemoteTestNG.java:81)
</div>
</div>
<p class="totop"><a href="#summary">back to summary</a></p>
<h2 id="m2">com.adv.qa.selenium.tests.currency.A040_ICA_Data_EntryTest:verify</h2>
<table cellspacing="0" cellpadding="0" class="result">
<tr class="param"><th>Parameter #1</th></tr>
<tr class="param stripe"><td>[DataUnit [userName = SYSTEM], DataUnit [passWord = E5], DataUnit [currencyCode = EDB], DataUnit [currencyCode = EJI], DataUnit [currencyCode = EJJ], DataUnit [company = 03], DataUnit [firstICAData = BASE], DataUnit [firstICAData = B002], DataUnit [firstICAData = NORTH], DataUnit [firstICAData = Posting within BTZ element B001], DataUnit [firstICAData = 2], DataUnit [firstICAData = 1500], DataUnit [firstICAData = N1], DataUnit [firstICAData = 400.00], DataUnit [firstICAData = 6300], DataUnit [firstICAData = N2], DataUnit [firstICAData = -400.00], DataUnit [firstICAData = Next], DataUnit [secondICAData = BASE], DataUnit [secondICAData = B003], DataUnit [secondICAData = NORTH], DataUnit [secondICAData = Posting within BTZ element B002], DataUnit [secondICAData = 2], DataUnit [secondICAData = 1500], DataUnit [secondICAData = N1], DataUnit [secondICAData = 200.00], DataUnit [secondICAData = 6400], DataUnit [secondICAData = S1], DataUnit [secondICAData = -200.00], DataUnit [secondICAData = Next], DataUnit [aGroup = LAY1], DataUnit [aGroup = A], DataUnit [aGroup = 02], DataUnit [fAccount1500 = 1500], DataUnit [fAccount1500 = 400.00], DataUnit [fAccount1500 = 400.00], DataUnit [account6300 = 6300], DataUnit [account6300 = -400.00], DataUnit [account6300 = -400.00], DataUnit [sAccount1500 = 1500], DataUnit [sAccount1500 = 600.00], DataUnit [sAccount1500 = 600.00], DataUnit [account6400 = 6400], DataUnit [account6400 = -200.00], DataUnit [account6400 = -200.00], DataUnit [structureEnqForA02 = LAY1], DataUnit [structureEnqForA02 = 00], DataUnit [structureEnqForA02 = NORTH], DataUnit [structureEnqForA02 = N], DataUnit [structureEnqForA02 = A], DataUnit [structureEnqForA02 = 02], DataUnit [structureEnqForN1 = N1], DataUnit [structureEnqForN1 = 400.00], DataUnit [structureEnqForN1 = 400.00], DataUnit [structureEnqForN2 = N2], DataUnit [structureEnqForN2 = 400.00], DataUnit [structureEnqForN2 = 400.00], DataUnit [structureEnq2ForN1 = N1], DataUnit [structureEnq2ForN1 = 600.00], DataUnit [structureEnq2ForN1 = 600.00], DataUnit [structureEnqForS1 = S1], DataUnit [structureEnqForS1 = 600.00], DataUnit [structureEnqForS1 = 600.00], DataUnit [balance = NBTZ], DataUnit [balance = 000.00], DataUnit [balance = 000.00], DataUnit [balance = N1], DataUnit [balance = 400.00], DataUnit [balance = 400.00], DataUnit [balance = N2], DataUnit [balance = -400.00], DataUnit [balance = -400.00]]</td>
</tr>
<tr><td>
<div class="stacktrace">org.openqa.selenium.UnhandledAlertException: Modal dialog present: Navigating away from the page or refreshing may cause data loss
Build info: version: &apos;3.0.1&apos;, revision: &apos;1969d75&apos;, time: &apos;2016-10-18 09:48:19 -0700&apos;
System info: host: &apos;ChetnaM-PC&apos;, ip: &apos;10.31.16.11&apos;, os.name: &apos;Windows 10&apos;, os.arch: &apos;amd64&apos;, os.version: &apos;10.0&apos;, java.version: &apos;1.8.0_112&apos;
Driver info: org.openqa.selenium.ie.InternetExplorerDriver
Capabilities [{browserAttachTimeout=0, ie.enableFullPageScreenshot=true, enablePersistentHover=true, ie.forceCreateProcessApi=false, ie.forceShellWindowsApi=false, pageLoadStrategy=normal, ignoreZoomSetting=false, ie.fileUploadDialogTimeout=3000, version=11, platform=WINDOWS, nativeEvents=true, ie.ensureCleanSession=false, elementScrollBehavior=0, ie.browserCommandLineSwitches=, requireWindowFocus=false, browserName=internet explorer, initialBrowserUrl=http://localhost:48476/, javascriptEnabled=true, ignoreProtectedModeSettings=false, enableElementCacheCleanup=true, unexpectedAlertBehaviour=dismiss}]
Session ID: a0b3a8ac-8ad6-44bf-9c25-5b2be1c8cbc6
	at sun.reflect.NativeConstructorAccessorImpl.newInstance0(Native Method)
	at sun.reflect.NativeConstructorAccessorImpl.newInstance(Unknown Source)
	at sun.reflect.DelegatingConstructorAccessorImpl.newInstance(Unknown Source)
	at java.lang.reflect.Constructor.newInstance(Unknown Source)
	at org.openqa.selenium.remote.ErrorHandler.createThrowable(ErrorHandler.java:216)
	at org.openqa.selenium.remote.ErrorHandler.createUnhandledAlertException(ErrorHandler.java:197)
	at org.openqa.selenium.remote.ErrorHandler.throwIfResponseFailed(ErrorHandler.java:158)
	at org.openqa.selenium.remote.RemoteWebDriver.execute(RemoteWebDriver.java:635)
	at org.openqa.selenium.remote.RemoteWebElement.execute(RemoteWebElement.java:274)
	at org.openqa.selenium.remote.RemoteWebElement.getText(RemoteWebElement.java:158)
	at sun.reflect.GeneratedMethodAccessor9.invoke(Unknown Source)
	at sun.reflect.DelegatingMethodAccessorImpl.invoke(Unknown Source)
	at java.lang.reflect.Method.invoke(Unknown Source)
	at org.openqa.selenium.support.events.EventFiringWebDriver$EventFiringWebElement$1.invoke(EventFiringWebDriver.java:331)
	at com.sun.proxy.$Proxy10.getText(Unknown Source)
	at org.openqa.selenium.support.events.EventFiringWebDriver$EventFiringWebElement.getText(EventFiringWebDriver.java:381)
	at com.adv.qa.selenium.framework.pageObjects.currency.CurrencyPage.verifyValues(CurrencyPage.java:412)
	at com.adv.qa.selenium.tests.currency.A040_ICA_Data_EntryTest.verifyGroup(A040_ICA_Data_EntryTest.java:159)
	at com.adv.qa.selenium.tests.currency.A040_ICA_Data_EntryTest.verifyBalanceEnquiry(A040_ICA_Data_EntryTest.java:146)
	at com.adv.qa.selenium.tests.currency.A040_ICA_Data_EntryTest.verify(A040_ICA_Data_EntryTest.java:66)
	at sun.reflect.NativeMethodAccessorImpl.invoke0(Native Method)
	at sun.reflect.NativeMethodAccessorImpl.invoke(Unknown Source)
	at sun.reflect.DelegatingMethodAccessorImpl.invoke(Unknown Source)
	at java.lang.reflect.Method.invoke(Unknown Source)
	at org.testng.internal.MethodInvocationHelper.invokeMethod(MethodInvocationHelper.java:104)
	at org.testng.internal.Invoker.invokeMethod(Invoker.java:645)
	at org.testng.internal.Invoker.invokeTestMethod(Invoker.java:851)
	at org.testng.internal.Invoker.invokeTestMethods(Invoker.java:1177)
	at org.testng.internal.TestMethodWorker.invokeTestMethods(TestMethodWorker.java:129)
	at org.testng.internal.TestMethodWorker.run(TestMethodWorker.java:112)
	at org.testng.TestRunner.privateRun(TestRunner.java:756)
	at org.testng.TestRunner.run(TestRunner.java:610)
	at org.testng.SuiteRunner.runTest(SuiteRunner.java:387)
	at org.testng.SuiteRunner.runSequentially(SuiteRunner.java:382)
	at org.testng.SuiteRunner.privateRun(SuiteRunner.java:340)
	at org.testng.SuiteRunner.run(SuiteRunner.java:289)
	at org.testng.SuiteRunnerWorker.runSuite(SuiteRunnerWorker.java:52)
	at org.testng.SuiteRunnerWorker.run(SuiteRunnerWorker.java:86)
	at org.testng.TestNG.runSuitesSequentially(TestNG.java:1293)
	at org.testng.TestNG.runSuitesLocally(TestNG.java:1218)
	at org.testng.TestNG.runSuites(TestNG.java:1133)
	at org.testng.TestNG.run(TestNG.java:1104)
	at org.testng.remote.AbstractRemoteTestNG.run(AbstractRemoteTestNG.java:132)
	at org.testng.remote.RemoteTestNG.initAndRun(RemoteTestNG.java:236)
	at org.testng.remote.RemoteTestNG.main(RemoteTestNG.java:81)
</div>
</td></tr>
</table>
<p class="totop"><a href="#summary">back to summary</a></p>
</body></html>
